-------------------------------------------------------------------------------
Test set: com.masterclass.nivel2_default_static_methods.Ejercicio14_EncadenamientoDefaultsTest
-------------------------------------------------------------------------------
Tests run: 5, Failures: 0, Errors: 5, Skipped: 0, Time elapsed: 0.013 s <<< FAILURE! -- in com.masterclass.nivel2_default_static_methods.Ejercicio14_EncadenamientoDefaultsTest
com.masterclass.nivel2_default_static_methods.Ejercicio14_EncadenamientoDefaultsTest.encadenarDos -- Time elapsed: 0.002 s <<< ERROR!
java.lang.UnsupportedOperationException: ¡Implementa tu solución aquí!
	at com.masterclass.nivel2_default_static_methods.Ejercicio14_EncadenamientoDefaults.mayusculas(Ejercicio14_EncadenamientoDefaults.java:33)
	at com.masterclass.nivel2_default_static_methods.Ejercicio14_EncadenamientoDefaultsTest.encadenarDos(Ejercicio14_EncadenamientoDefaultsTest.java:32)
	at java.base/java.lang.reflect.Method.invoke(Method.java:565)
	at java.base/java.util.ArrayList.forEach(ArrayList.java:1604)
	at java.base/java.util.ArrayList.forEach(ArrayList.java:1604)

com.masterclass.nivel2_default_static_methods.Ejercicio14_EncadenamientoDefaultsTest.mayusculas -- Time elapsed: 0.001 s <<< ERROR!
java.lang.UnsupportedOperationException: ¡Implementa tu solución aquí!
	at com.masterclass.nivel2_default_static_methods.Ejercicio14_EncadenamientoDefaults.mayusculas(Ejercicio14_EncadenamientoDefaults.java:33)
	at com.masterclass.nivel2_default_static_methods.Ejercicio14_EncadenamientoDefaultsTest.mayusculas(Ejercicio14_EncadenamientoDefaultsTest.java:14)
	at java.base/java.lang.reflect.Method.invoke(Method.java:565)
	at java.base/java.util.ArrayList.forEach(ArrayList.java:1604)
	at java.base/java.util.ArrayList.forEach(ArrayList.java:1604)

com.masterclass.nivel2_default_static_methods.Ejercicio14_EncadenamientoDefaultsTest.transformarCompleto -- Time elapsed: 0.002 s <<< ERROR!
java.lang.UnsupportedOperationException: ¡Implementa tu solución aquí!
	at com.masterclass.nivel2_default_static_methods.Ejercicio14_EncadenamientoDefaults.transformarCompleto(Ejercicio14_EncadenamientoDefaults.java:58)
	at com.masterclass.nivel2_default_static_methods.Ejercicio14_EncadenamientoDefaultsTest.transformarCompleto(Ejercicio14_EncadenamientoDefaultsTest.java:40)
	at java.base/java.lang.reflect.Method.invoke(Method.java:565)
	at java.base/java.util.ArrayList.forEach(ArrayList.java:1604)
	at java.base/java.util.ArrayList.forEach(ArrayList.java:1604)

com.masterclass.nivel2_default_static_methods.Ejercicio14_EncadenamientoDefaultsTest.sinEspacios -- Time elapsed: 0.002 s <<< ERROR!
java.lang.UnsupportedOperationException: ¡Implementa tu solución aquí!
	at com.masterclass.nivel2_default_static_methods.Ejercicio14_EncadenamientoDefaults.sinEspacios(Ejercicio14_EncadenamientoDefaults.java:40)
	at com.masterclass.nivel2_default_static_methods.Ejercicio14_EncadenamientoDefaultsTest.sinEspacios(Ejercicio14_EncadenamientoDefaultsTest.java:20)
	at java.base/java.lang.reflect.Method.invoke(Method.java:565)
	at java.base/java.util.ArrayList.forEach(ArrayList.java:1604)
	at java.base/java.util.ArrayList.forEach(ArrayList.java:1604)

com.masterclass.nivel2_default_static_methods.Ejercicio14_EncadenamientoDefaultsTest.enmarcar -- Time elapsed: 0.002 s <<< ERROR!
java.lang.UnsupportedOperationException: ¡Implementa tu solución aquí!
	at com.masterclass.nivel2_default_static_methods.Ejercicio14_EncadenamientoDefaults.enmarcar(Ejercicio14_EncadenamientoDefaults.java:47)
	at com.masterclass.nivel2_default_static_methods.Ejercicio14_EncadenamientoDefaultsTest.enmarcar(Ejercicio14_EncadenamientoDefaultsTest.java:26)
	at java.base/java.lang.reflect.Method.invoke(Method.java:565)
	at java.base/java.util.ArrayList.forEach(ArrayList.java:1604)
	at java.base/java.util.ArrayList.forEach(ArrayList.java:1604)

