-------------------------------------------------------------------------------
Test set: com.masterclass.nivel5_excepciones_checked.Ejercicio33_PrimerTryCatchTest
-------------------------------------------------------------------------------
Tests run: 6, Failures: 0, Errors: 6, Skipped: 0, Time elapsed: 0.012 s <<< FAILURE! -- in com.masterclass.nivel5_excepciones_checked.Ejercicio33_PrimerTryCatchTest
com.masterclass.nivel5_excepciones_checked.Ejercicio33_PrimerTryCatchTest.parseFail -- Time elapsed: 0.003 s <<< ERROR!
java.lang.UnsupportedOperationException: ¡Implementa tu solución aquí!
	at com.masterclass.nivel5_excepciones_checked.Ejercicio33_PrimerTryCatch.parsearSeguro(Ejercicio33_PrimerTryCatch.java:16)
	at com.masterclass.nivel5_excepciones_checked.Ejercicio33_PrimerTryCatchTest.parseFail(Ejercicio33_PrimerTryCatchTest.java:10)
	at java.base/java.lang.reflect.Method.invoke(Method.java:565)
	at java.base/java.util.ArrayList.forEach(ArrayList.java:1604)
	at java.base/java.util.ArrayList.forEach(ArrayList.java:1604)

com.masterclass.nivel5_excepciones_checked.Ejercicio33_PrimerTryCatchTest.accFail -- Time elapsed: 0.001 s <<< ERROR!
java.lang.UnsupportedOperationException: ¡Implementa tu solución aquí!
	at com.masterclass.nivel5_excepciones_checked.Ejercicio33_PrimerTryCatch.accederSeguro(Ejercicio33_PrimerTryCatch.java:32)
	at com.masterclass.nivel5_excepciones_checked.Ejercicio33_PrimerTryCatchTest.accFail(Ejercicio33_PrimerTryCatchTest.java:14)
	at java.base/java.lang.reflect.Method.invoke(Method.java:565)
	at java.base/java.util.ArrayList.forEach(ArrayList.java:1604)
	at java.base/java.util.ArrayList.forEach(ArrayList.java:1604)

com.masterclass.nivel5_excepciones_checked.Ejercicio33_PrimerTryCatchTest.parseOk -- Time elapsed: 0.001 s <<< ERROR!
java.lang.UnsupportedOperationException: ¡Implementa tu solución aquí!
	at com.masterclass.nivel5_excepciones_checked.Ejercicio33_PrimerTryCatch.parsearSeguro(Ejercicio33_PrimerTryCatch.java:16)
	at com.masterclass.nivel5_excepciones_checked.Ejercicio33_PrimerTryCatchTest.parseOk(Ejercicio33_PrimerTryCatchTest.java:9)
	at java.base/java.lang.reflect.Method.invoke(Method.java:565)
	at java.base/java.util.ArrayList.forEach(ArrayList.java:1604)
	at java.base/java.util.ArrayList.forEach(ArrayList.java:1604)

com.masterclass.nivel5_excepciones_checked.Ejercicio33_PrimerTryCatchTest.accOk -- Time elapsed: 0.001 s <<< ERROR!
java.lang.UnsupportedOperationException: ¡Implementa tu solución aquí!
	at com.masterclass.nivel5_excepciones_checked.Ejercicio33_PrimerTryCatch.accederSeguro(Ejercicio33_PrimerTryCatch.java:32)
	at com.masterclass.nivel5_excepciones_checked.Ejercicio33_PrimerTryCatchTest.accOk(Ejercicio33_PrimerTryCatchTest.java:13)
	at java.base/java.lang.reflect.Method.invoke(Method.java:565)
	at java.base/java.util.ArrayList.forEach(ArrayList.java:1604)
	at java.base/java.util.ArrayList.forEach(ArrayList.java:1604)

com.masterclass.nivel5_excepciones_checked.Ejercicio33_PrimerTryCatchTest.divOk -- Time elapsed: 0.001 s <<< ERROR!
java.lang.UnsupportedOperationException: ¡Implementa tu solución aquí!
	at com.masterclass.nivel5_excepciones_checked.Ejercicio33_PrimerTryCatch.dividirSeguro(Ejercicio33_PrimerTryCatch.java:24)
	at com.masterclass.nivel5_excepciones_checked.Ejercicio33_PrimerTryCatchTest.divOk(Ejercicio33_PrimerTryCatchTest.java:11)
	at java.base/java.lang.reflect.Method.invoke(Method.java:565)
	at java.base/java.util.ArrayList.forEach(ArrayList.java:1604)
	at java.base/java.util.ArrayList.forEach(ArrayList.java:1604)

com.masterclass.nivel5_excepciones_checked.Ejercicio33_PrimerTryCatchTest.divCero -- Time elapsed: 0.001 s <<< ERROR!
java.lang.UnsupportedOperationException: ¡Implementa tu solución aquí!
	at com.masterclass.nivel5_excepciones_checked.Ejercicio33_PrimerTryCatch.dividirSeguro(Ejercicio33_PrimerTryCatch.java:24)
	at com.masterclass.nivel5_excepciones_checked.Ejercicio33_PrimerTryCatchTest.divCero(Ejercicio33_PrimerTryCatchTest.java:12)
	at java.base/java.lang.reflect.Method.invoke(Method.java:565)
	at java.base/java.util.ArrayList.forEach(ArrayList.java:1604)
	at java.base/java.util.ArrayList.forEach(ArrayList.java:1604)

