-------------------------------------------------------------------------------
Test set: com.masterclass.nivel2_default_static_methods.Ejercicio16_EvolucionInterfacesTest
-------------------------------------------------------------------------------
Tests run: 6, Failures: 0, Errors: 6, Skipped: 0, Time elapsed: 0.018 s <<< FAILURE! -- in com.masterclass.nivel2_default_static_methods.Ejercicio16_EvolucionInterfacesTest
com.masterclass.nivel2_default_static_methods.Ejercicio16_EvolucionInterfacesTest.existeId -- Time elapsed: 0.002 s <<< ERROR!
java.lang.UnsupportedOperationException: ¡Implementa tu solución aquí!
	at com.masterclass.nivel2_default_static_methods.Ejercicio16_EvolucionInterfaces.crearRepositorioEnMemoria(Ejercicio16_EvolucionInterfaces.java:56)
	at com.masterclass.nivel2_default_static_methods.Ejercicio16_EvolucionInterfacesTest.existeId(Ejercicio16_EvolucionInterfacesTest.java:59)
	at java.base/java.lang.reflect.Method.invoke(Method.java:565)
	at java.base/java.util.ArrayList.forEach(ArrayList.java:1604)
	at java.base/java.util.ArrayList.forEach(ArrayList.java:1604)

com.masterclass.nivel2_default_static_methods.Ejercicio16_EvolucionInterfacesTest.buscarFueraDeRango -- Time elapsed: 0.002 s <<< ERROR!
java.lang.UnsupportedOperationException: ¡Implementa tu solución aquí!
	at com.masterclass.nivel2_default_static_methods.Ejercicio16_EvolucionInterfaces.crearRepositorioEnMemoria(Ejercicio16_EvolucionInterfaces.java:56)
	at com.masterclass.nivel2_default_static_methods.Ejercicio16_EvolucionInterfacesTest.buscarFueraDeRango(Ejercicio16_EvolucionInterfacesTest.java:35)
	at java.base/java.lang.reflect.Method.invoke(Method.java:565)
	at java.base/java.util.ArrayList.forEach(ArrayList.java:1604)
	at java.base/java.util.ArrayList.forEach(ArrayList.java:1604)

com.masterclass.nivel2_default_static_methods.Ejercicio16_EvolucionInterfacesTest.contar -- Time elapsed: 0.001 s <<< ERROR!
java.lang.UnsupportedOperationException: ¡Implementa tu solución aquí!
	at com.masterclass.nivel2_default_static_methods.Ejercicio16_EvolucionInterfaces.crearRepositorioEnMemoria(Ejercicio16_EvolucionInterfaces.java:56)
	at com.masterclass.nivel2_default_static_methods.Ejercicio16_EvolucionInterfacesTest.contar(Ejercicio16_EvolucionInterfacesTest.java:51)
	at java.base/java.lang.reflect.Method.invoke(Method.java:565)
	at java.base/java.util.ArrayList.forEach(ArrayList.java:1604)
	at java.base/java.util.ArrayList.forEach(ArrayList.java:1604)

com.masterclass.nivel2_default_static_methods.Ejercicio16_EvolucionInterfacesTest.guardarYObtener -- Time elapsed: 0.002 s <<< ERROR!
java.lang.UnsupportedOperationException: ¡Implementa tu solución aquí!
	at com.masterclass.nivel2_default_static_methods.Ejercicio16_EvolucionInterfaces.crearRepositorioEnMemoria(Ejercicio16_EvolucionInterfaces.java:56)
	at com.masterclass.nivel2_default_static_methods.Ejercicio16_EvolucionInterfacesTest.guardarYObtener(Ejercicio16_EvolucionInterfacesTest.java:16)
	at java.base/java.lang.reflect.Method.invoke(Method.java:565)
	at java.base/java.util.ArrayList.forEach(ArrayList.java:1604)
	at java.base/java.util.ArrayList.forEach(ArrayList.java:1604)

com.masterclass.nivel2_default_static_methods.Ejercicio16_EvolucionInterfacesTest.guardarTodos -- Time elapsed: 0.001 s <<< ERROR!
java.lang.UnsupportedOperationException: ¡Implementa tu solución aquí!
	at com.masterclass.nivel2_default_static_methods.Ejercicio16_EvolucionInterfaces.crearRepositorioEnMemoria(Ejercicio16_EvolucionInterfaces.java:56)
	at com.masterclass.nivel2_default_static_methods.Ejercicio16_EvolucionInterfacesTest.guardarTodos(Ejercicio16_EvolucionInterfacesTest.java:43)
	at java.base/java.lang.reflect.Method.invoke(Method.java:565)
	at java.base/java.util.ArrayList.forEach(ArrayList.java:1604)
	at java.base/java.util.ArrayList.forEach(ArrayList.java:1604)

com.masterclass.nivel2_default_static_methods.Ejercicio16_EvolucionInterfacesTest.buscarPorId -- Time elapsed: 0.002 s <<< ERROR!
java.lang.UnsupportedOperationException: ¡Implementa tu solución aquí!
	at com.masterclass.nivel2_default_static_methods.Ejercicio16_EvolucionInterfaces.crearRepositorioEnMemoria(Ejercicio16_EvolucionInterfaces.java:56)
	at com.masterclass.nivel2_default_static_methods.Ejercicio16_EvolucionInterfacesTest.buscarPorId(Ejercicio16_EvolucionInterfacesTest.java:25)
	at java.base/java.lang.reflect.Method.invoke(Method.java:565)
	at java.base/java.util.ArrayList.forEach(ArrayList.java:1604)
	at java.base/java.util.ArrayList.forEach(ArrayList.java:1604)

