-------------------------------------------------------------------------------
Test set: com.masterclass.nivel8_try_with_resources.Ejercicio58_MultipleResourcesTest
-------------------------------------------------------------------------------
Tests run: 1, Failures: 0, Errors: 1, Skipped: 0, Time elapsed: 0.003 s <<< FAILURE! -- in com.masterclass.nivel8_try_with_resources.Ejercicio58_MultipleResourcesTest
com.masterclass.nivel8_try_with_resources.Ejercicio58_MultipleResourcesTest.ok -- Time elapsed: 0.002 s <<< ERROR!
java.lang.UnsupportedOperationException: ¡Implementa tu solución aquí!
	at com.masterclass.nivel8_try_with_resources.Ejercicio58_MultipleResources.copiar(Ejercicio58_MultipleResources.java:32)
	at com.masterclass.nivel8_try_with_resources.Ejercicio58_MultipleResourcesTest.ok(Ejercicio58_MultipleResourcesTest.java:12)
	at java.base/java.lang.reflect.Method.invoke(Method.java:565)
	at java.base/java.util.ArrayList.forEach(ArrayList.java:1604)
	at java.base/java.util.ArrayList.forEach(ArrayList.java:1604)

