-------------------------------------------------------------------------------
Test set: com.masterclass.nivel9_proyecto_integrador.Ejercicio66_RepositorioGenericoTest
-------------------------------------------------------------------------------
Tests run: 5, Failures: 0, Errors: 5, Skipped: 0, Time elapsed: 0.007 s <<< FAILURE! -- in com.masterclass.nivel9_proyecto_integrador.Ejercicio66_RepositorioGenericoTest
com.masterclass.nivel9_proyecto_integrador.Ejercicio66_RepositorioGenericoTest.filtro -- Time elapsed: 0.002 s <<< ERROR!
java.lang.UnsupportedOperationException: ¡Implementa tu solución aquí!
	at com.masterclass.nivel9_proyecto_integrador.Ejercicio66_RepositorioGenerico.crearRepositorio(Ejercicio66_RepositorioGenerico.java:42)
	at com.masterclass.nivel9_proyecto_integrador.Ejercicio66_RepositorioGenericoTest.filtro(Ejercicio66_RepositorioGenericoTest.java:26)
	at java.base/java.lang.reflect.Method.invoke(Method.java:565)
	at java.base/java.util.ArrayList.forEach(ArrayList.java:1604)
	at java.base/java.util.ArrayList.forEach(ArrayList.java:1604)

com.masterclass.nivel9_proyecto_integrador.Ejercicio66_RepositorioGenericoTest.nulo -- Time elapsed: 0 s <<< ERROR!
java.lang.UnsupportedOperationException: ¡Implementa tu solución aquí!
	at com.masterclass.nivel9_proyecto_integrador.Ejercicio66_RepositorioGenerico.crearRepositorio(Ejercicio66_RepositorioGenerico.java:42)
	at com.masterclass.nivel9_proyecto_integrador.Ejercicio66_RepositorioGenericoTest.nulo(Ejercicio66_RepositorioGenericoTest.java:38)
	at java.base/java.lang.reflect.Method.invoke(Method.java:565)
	at java.base/java.util.ArrayList.forEach(ArrayList.java:1604)
	at java.base/java.util.ArrayList.forEach(ArrayList.java:1604)

com.masterclass.nivel9_proyecto_integrador.Ejercicio66_RepositorioGenericoTest.lanza -- Time elapsed: 0 s <<< ERROR!
java.lang.UnsupportedOperationException: ¡Implementa tu solución aquí!
	at com.masterclass.nivel9_proyecto_integrador.Ejercicio66_RepositorioGenerico.crearRepositorio(Ejercicio66_RepositorioGenerico.java:42)
	at com.masterclass.nivel9_proyecto_integrador.Ejercicio66_RepositorioGenericoTest.lanza(Ejercicio66_RepositorioGenericoTest.java:21)
	at java.base/java.lang.reflect.Method.invoke(Method.java:565)
	at java.base/java.util.ArrayList.forEach(ArrayList.java:1604)
	at java.base/java.util.ArrayList.forEach(ArrayList.java:1604)

com.masterclass.nivel9_proyecto_integrador.Ejercicio66_RepositorioGenericoTest.eliminar -- Time elapsed: 0.001 s <<< ERROR!
java.lang.UnsupportedOperationException: ¡Implementa tu solución aquí!
	at com.masterclass.nivel9_proyecto_integrador.Ejercicio66_RepositorioGenerico.crearRepositorio(Ejercicio66_RepositorioGenerico.java:42)
	at com.masterclass.nivel9_proyecto_integrador.Ejercicio66_RepositorioGenericoTest.eliminar(Ejercicio66_RepositorioGenericoTest.java:32)
	at java.base/java.lang.reflect.Method.invoke(Method.java:565)
	at java.base/java.util.ArrayList.forEach(ArrayList.java:1604)
	at java.base/java.util.ArrayList.forEach(ArrayList.java:1604)

com.masterclass.nivel9_proyecto_integrador.Ejercicio66_RepositorioGenericoTest.guardaBusca -- Time elapsed: 0.001 s <<< ERROR!
java.lang.UnsupportedOperationException: ¡Implementa tu solución aquí!
	at com.masterclass.nivel9_proyecto_integrador.Ejercicio66_RepositorioGenerico.crearRepositorio(Ejercicio66_RepositorioGenerico.java:42)
	at com.masterclass.nivel9_proyecto_integrador.Ejercicio66_RepositorioGenericoTest.guardaBusca(Ejercicio66_RepositorioGenericoTest.java:15)
	at java.base/java.lang.reflect.Method.invoke(Method.java:565)
	at java.base/java.util.ArrayList.forEach(ArrayList.java:1604)
	at java.base/java.util.ArrayList.forEach(ArrayList.java:1604)

