-------------------------------------------------------------------------------
Test set: com.masterclass.nivel2_default_static_methods.Ejercicio12_MetodosStaticEnInterfazTest
-------------------------------------------------------------------------------
Tests run: 8, Failures: 0, Errors: 8, Skipped: 0, Time elapsed: 0.025 s <<< FAILURE! -- in com.masterclass.nivel2_default_static_methods.Ejercicio12_MetodosStaticEnInterfazTest
com.masterclass.nivel2_default_static_methods.Ejercicio12_MetodosStaticEnInterfazTest.noVacioConVacio -- Time elapsed: 0.004 s <<< ERROR!
java.lang.UnsupportedOperationException: ¡Implementa tu solución aquí!
	at com.masterclass.nivel2_default_static_methods.Ejercicio12_MetodosStaticEnInterfaz.validarNoVacio(Ejercicio12_MetodosStaticEnInterfaz.java:48)
	at com.masterclass.nivel2_default_static_methods.Ejercicio12_MetodosStaticEnInterfazTest.noVacioConVacio(Ejercicio12_MetodosStaticEnInterfazTest.java:22)
	at java.base/java.lang.reflect.Method.invoke(Method.java:565)
	at java.base/java.util.ArrayList.forEach(ArrayList.java:1604)
	at java.base/java.util.ArrayList.forEach(ArrayList.java:1604)

com.masterclass.nivel2_default_static_methods.Ejercicio12_MetodosStaticEnInterfazTest.completoConNumeros -- Time elapsed: 0.001 s <<< ERROR!
java.lang.UnsupportedOperationException: ¡Implementa tu solución aquí!
	at com.masterclass.nivel2_default_static_methods.Ejercicio12_MetodosStaticEnInterfaz.validarCompleto(Ejercicio12_MetodosStaticEnInterfaz.java:64)
	at com.masterclass.nivel2_default_static_methods.Ejercicio12_MetodosStaticEnInterfazTest.completoConNumeros(Ejercicio12_MetodosStaticEnInterfazTest.java:47)
	at java.base/java.lang.reflect.Method.invoke(Method.java:565)
	at java.base/java.util.ArrayList.forEach(ArrayList.java:1604)
	at java.base/java.util.ArrayList.forEach(ArrayList.java:1604)

com.masterclass.nivel2_default_static_methods.Ejercicio12_MetodosStaticEnInterfazTest.completoMuyCorto -- Time elapsed: 0.002 s <<< ERROR!
java.lang.UnsupportedOperationException: ¡Implementa tu solución aquí!
	at com.masterclass.nivel2_default_static_methods.Ejercicio12_MetodosStaticEnInterfaz.validarCompleto(Ejercicio12_MetodosStaticEnInterfaz.java:64)
	at com.masterclass.nivel2_default_static_methods.Ejercicio12_MetodosStaticEnInterfazTest.completoMuyCorto(Ejercicio12_MetodosStaticEnInterfazTest.java:53)
	at java.base/java.lang.reflect.Method.invoke(Method.java:565)
	at java.base/java.util.ArrayList.forEach(ArrayList.java:1604)
	at java.base/java.util.ArrayList.forEach(ArrayList.java:1604)

com.masterclass.nivel2_default_static_methods.Ejercicio12_MetodosStaticEnInterfazTest.longitudMinima -- Time elapsed: 0.002 s <<< ERROR!
java.lang.UnsupportedOperationException: ¡Implementa tu solución aquí!
	at com.masterclass.nivel2_default_static_methods.Ejercicio12_MetodosStaticEnInterfaz.validarLongitudMinima(Ejercicio12_MetodosStaticEnInterfaz.java:55)
	at com.masterclass.nivel2_default_static_methods.Ejercicio12_MetodosStaticEnInterfazTest.longitudMinima(Ejercicio12_MetodosStaticEnInterfazTest.java:34)
	at java.base/java.lang.reflect.Method.invoke(Method.java:565)
	at java.base/java.util.ArrayList.forEach(ArrayList.java:1604)
	at java.base/java.util.ArrayList.forEach(ArrayList.java:1604)

com.masterclass.nivel2_default_static_methods.Ejercicio12_MetodosStaticEnInterfazTest.filtraConValidador -- Time elapsed: 0.003 s <<< ERROR!
java.lang.NullPointerException
	at java.base/java.util.Objects.requireNonNull(Objects.java:220)
	at java.base/java.util.ImmutableCollections.listFromTrustedArray(ImmutableCollections.java:232)
	at java.base/java.util.List.of(List.java:1009)
	at com.masterclass.nivel2_default_static_methods.Ejercicio12_MetodosStaticEnInterfazTest.filtraConValidador(Ejercicio12_MetodosStaticEnInterfazTest.java:59)
	at java.base/java.lang.reflect.Method.invoke(Method.java:565)
	at java.base/java.util.ArrayList.forEach(ArrayList.java:1604)
	at java.base/java.util.ArrayList.forEach(ArrayList.java:1604)

com.masterclass.nivel2_default_static_methods.Ejercicio12_MetodosStaticEnInterfazTest.completoValido -- Time elapsed: 0.001 s <<< ERROR!
java.lang.UnsupportedOperationException: ¡Implementa tu solución aquí!
	at com.masterclass.nivel2_default_static_methods.Ejercicio12_MetodosStaticEnInterfaz.validarCompleto(Ejercicio12_MetodosStaticEnInterfaz.java:64)
	at com.masterclass.nivel2_default_static_methods.Ejercicio12_MetodosStaticEnInterfazTest.completoValido(Ejercicio12_MetodosStaticEnInterfazTest.java:41)
	at java.base/java.lang.reflect.Method.invoke(Method.java:565)
	at java.base/java.util.ArrayList.forEach(ArrayList.java:1604)
	at java.base/java.util.ArrayList.forEach(ArrayList.java:1604)

com.masterclass.nivel2_default_static_methods.Ejercicio12_MetodosStaticEnInterfazTest.noVacioConDato -- Time elapsed: 0.001 s <<< ERROR!
java.lang.UnsupportedOperationException: ¡Implementa tu solución aquí!
	at com.masterclass.nivel2_default_static_methods.Ejercicio12_MetodosStaticEnInterfaz.validarNoVacio(Ejercicio12_MetodosStaticEnInterfaz.java:48)
	at com.masterclass.nivel2_default_static_methods.Ejercicio12_MetodosStaticEnInterfazTest.noVacioConDato(Ejercicio12_MetodosStaticEnInterfazTest.java:16)
	at java.base/java.lang.reflect.Method.invoke(Method.java:565)
	at java.base/java.util.ArrayList.forEach(ArrayList.java:1604)
	at java.base/java.util.ArrayList.forEach(ArrayList.java:1604)

com.masterclass.nivel2_default_static_methods.Ejercicio12_MetodosStaticEnInterfazTest.noVacioConNull -- Time elapsed: 0.002 s <<< ERROR!
java.lang.UnsupportedOperationException: ¡Implementa tu solución aquí!
	at com.masterclass.nivel2_default_static_methods.Ejercicio12_MetodosStaticEnInterfaz.validarNoVacio(Ejercicio12_MetodosStaticEnInterfaz.java:48)
	at com.masterclass.nivel2_default_static_methods.Ejercicio12_MetodosStaticEnInterfazTest.noVacioConNull(Ejercicio12_MetodosStaticEnInterfazTest.java:28)
	at java.base/java.lang.reflect.Method.invoke(Method.java:565)
	at java.base/java.util.ArrayList.forEach(ArrayList.java:1604)
	at java.base/java.util.ArrayList.forEach(ArrayList.java:1604)

