-------------------------------------------------------------------------------
Test set: com.masterclass.nivel1_interfaces_basicas.Ejercicio05_MultiplesInterfacesTest
-------------------------------------------------------------------------------
Tests run: 7, Failures: 0, Errors: 7, Skipped: 0, Time elapsed: 0.056 s <<< FAILURE! -- in com.masterclass.nivel1_interfaces_basicas.Ejercicio05_MultiplesInterfacesTest
com.masterclass.nivel1_interfaces_basicas.Ejercicio05_MultiplesInterfacesTest.debeCrearDocumento -- Time elapsed: 0.005 s <<< ERROR!
java.lang.UnsupportedOperationException: ¡Implementa tu solución aquí!
	at com.masterclass.nivel1_interfaces_basicas.Ejercicio05_MultiplesInterfaces.crearDocumento(Ejercicio05_MultiplesInterfaces.java:57)
	at com.masterclass.nivel1_interfaces_basicas.Ejercicio05_MultiplesInterfacesTest.debeCrearDocumento(Ejercicio05_MultiplesInterfacesTest.java:14)
	at java.base/java.lang.reflect.Method.invoke(Method.java:565)
	at java.base/java.util.ArrayList.forEach(ArrayList.java:1604)
	at java.base/java.util.ArrayList.forEach(ArrayList.java:1604)

com.masterclass.nivel1_interfaces_basicas.Ejercicio05_MultiplesInterfacesTest.debeImprimir -- Time elapsed: 0.003 s <<< ERROR!
java.lang.UnsupportedOperationException: ¡Implementa tu solución aquí!
	at com.masterclass.nivel1_interfaces_basicas.Ejercicio05_MultiplesInterfaces.crearDocumento(Ejercicio05_MultiplesInterfaces.java:57)
	at com.masterclass.nivel1_interfaces_basicas.Ejercicio05_MultiplesInterfacesTest.debeImprimir(Ejercicio05_MultiplesInterfacesTest.java:21)
	at java.base/java.lang.reflect.Method.invoke(Method.java:565)
	at java.base/java.util.ArrayList.forEach(ArrayList.java:1604)
	at java.base/java.util.ArrayList.forEach(ArrayList.java:1604)

com.masterclass.nivel1_interfaces_basicas.Ejercicio05_MultiplesInterfacesTest.debeIndicarFormatoNoSoportado -- Time elapsed: 0.002 s <<< ERROR!
java.lang.UnsupportedOperationException: ¡Implementa tu solución aquí!
	at com.masterclass.nivel1_interfaces_basicas.Ejercicio05_MultiplesInterfaces.crearDocumento(Ejercicio05_MultiplesInterfaces.java:57)
	at com.masterclass.nivel1_interfaces_basicas.Ejercicio05_MultiplesInterfacesTest.debeIndicarFormatoNoSoportado(Ejercicio05_MultiplesInterfacesTest.java:49)
	at java.base/java.lang.reflect.Method.invoke(Method.java:565)
	at java.base/java.util.ArrayList.forEach(ArrayList.java:1604)
	at java.base/java.util.ArrayList.forEach(ArrayList.java:1604)

com.masterclass.nivel1_interfaces_basicas.Ejercicio05_MultiplesInterfacesTest.debeExportarHtml -- Time elapsed: 0.003 s <<< ERROR!
java.lang.UnsupportedOperationException: ¡Implementa tu solución aquí!
	at com.masterclass.nivel1_interfaces_basicas.Ejercicio05_MultiplesInterfaces.crearDocumento(Ejercicio05_MultiplesInterfaces.java:57)
	at com.masterclass.nivel1_interfaces_basicas.Ejercicio05_MultiplesInterfacesTest.debeExportarHtml(Ejercicio05_MultiplesInterfacesTest.java:35)
	at java.base/java.lang.reflect.Method.invoke(Method.java:565)
	at java.base/java.util.ArrayList.forEach(ArrayList.java:1604)
	at java.base/java.util.ArrayList.forEach(ArrayList.java:1604)

com.masterclass.nivel1_interfaces_basicas.Ejercicio05_MultiplesInterfacesTest.debeImplementarAmbas -- Time elapsed: 0.007 s <<< ERROR!
java.lang.UnsupportedOperationException: ¡Implementa tu solución aquí!
	at com.masterclass.nivel1_interfaces_basicas.Ejercicio05_MultiplesInterfaces.crearDocumento(Ejercicio05_MultiplesInterfaces.java:57)
	at com.masterclass.nivel1_interfaces_basicas.Ejercicio05_MultiplesInterfacesTest.debeImplementarAmbas(Ejercicio05_MultiplesInterfacesTest.java:56)
	at java.base/java.lang.reflect.Method.invoke(Method.java:565)
	at java.base/java.util.ArrayList.forEach(ArrayList.java:1604)
	at java.base/java.util.ArrayList.forEach(ArrayList.java:1604)

com.masterclass.nivel1_interfaces_basicas.Ejercicio05_MultiplesInterfacesTest.debeExportarCsv -- Time elapsed: 0.002 s <<< ERROR!
java.lang.UnsupportedOperationException: ¡Implementa tu solución aquí!
	at com.masterclass.nivel1_interfaces_basicas.Ejercicio05_MultiplesInterfaces.crearDocumento(Ejercicio05_MultiplesInterfaces.java:57)
	at com.masterclass.nivel1_interfaces_basicas.Ejercicio05_MultiplesInterfacesTest.debeExportarCsv(Ejercicio05_MultiplesInterfacesTest.java:42)
	at java.base/java.lang.reflect.Method.invoke(Method.java:565)
	at java.base/java.util.ArrayList.forEach(ArrayList.java:1604)
	at java.base/java.util.ArrayList.forEach(ArrayList.java:1604)

com.masterclass.nivel1_interfaces_basicas.Ejercicio05_MultiplesInterfacesTest.debeExportarTxt -- Time elapsed: 0.002 s <<< ERROR!
java.lang.UnsupportedOperationException: ¡Implementa tu solución aquí!
	at com.masterclass.nivel1_interfaces_basicas.Ejercicio05_MultiplesInterfaces.crearDocumento(Ejercicio05_MultiplesInterfaces.java:57)
	at com.masterclass.nivel1_interfaces_basicas.Ejercicio05_MultiplesInterfacesTest.debeExportarTxt(Ejercicio05_MultiplesInterfacesTest.java:28)
	at java.base/java.lang.reflect.Method.invoke(Method.java:565)
	at java.base/java.util.ArrayList.forEach(ArrayList.java:1604)
	at java.base/java.util.ArrayList.forEach(ArrayList.java:1604)

