-------------------------------------------------------------------------------
Test set: com.masterclass.nivel8_try_with_resources.Ejercicio57_AutoCloseableBasicoTest
-------------------------------------------------------------------------------
Tests run: 1, Failures: 0, Errors: 1, Skipped: 0, Time elapsed: 0.005 s <<< FAILURE! -- in com.masterclass.nivel8_try_with_resources.Ejercicio57_AutoCloseableBasicoTest
com.masterclass.nivel8_try_with_resources.Ejercicio57_AutoCloseableBasicoTest.ok -- Time elapsed: 0.003 s <<< ERROR!
java.lang.UnsupportedOperationException: ¡Implementa tu solución aquí!
	at com.masterclass.nivel8_try_with_resources.Ejercicio57_AutoCloseableBasico.ejecutarSQL(Ejercicio57_AutoCloseableBasico.java:34)
	at com.masterclass.nivel8_try_with_resources.Ejercicio57_AutoCloseableBasicoTest.ok(Ejercicio57_AutoCloseableBasicoTest.java:11)
	at java.base/java.lang.reflect.Method.invoke(Method.java:565)
	at java.base/java.util.ArrayList.forEach(ArrayList.java:1604)
	at java.base/java.util.ArrayList.forEach(ArrayList.java:1604)

