-------------------------------------------------------------------------------
Test set: com.masterclass.nivel7_excepciones_custom.Ejercicio50_ExcepcionConEnumTest
-------------------------------------------------------------------------------
Tests run: 3, Failures: 2, Errors: 1, Skipped: 0, Time elapsed: 0.008 s <<< FAILURE! -- in com.masterclass.nivel7_excepciones_custom.Ejercicio50_ExcepcionConEnumTest
com.masterclass.nivel7_excepciones_custom.Ejercicio50_ExcepcionConEnumTest.ok -- Time elapsed: 0.002 s <<< ERROR!
java.lang.UnsupportedOperationException: ¡Implementa tu solución aquí!
	at com.masterclass.nivel7_excepciones_custom.Ejercicio50_ExcepcionConEnum.login(Ejercicio50_ExcepcionConEnum.java:25)
	at com.masterclass.nivel7_excepciones_custom.Ejercicio50_ExcepcionConEnumTest.ok(Ejercicio50_ExcepcionConEnumTest.java:9)
	at java.base/java.lang.reflect.Method.invoke(Method.java:565)
	at java.base/java.util.ArrayList.forEach(ArrayList.java:1604)
	at java.base/java.util.ArrayList.forEach(ArrayList.java:1604)

com.masterclass.nivel7_excepciones_custom.Ejercicio50_ExcepcionConEnumTest.nulo -- Time elapsed: 0.002 s <<< FAILURE!
java.lang.AssertionError: 

Expecting actual throwable to be an instance of:
  com.masterclass.nivel7_excepciones_custom.Ejercicio50_ExcepcionConEnum.BusinessException
but was:
  java.lang.UnsupportedOperationException: ¡Implementa tu solución aquí!
	at com.masterclass.nivel7_excepciones_custom.Ejercicio50_ExcepcionConEnum.login(Ejercicio50_ExcepcionConEnum.java:25)
	at com.masterclass.nivel7_excepciones_custom.Ejercicio50_ExcepcionConEnumTest.lambda$nulo$0(Ejercicio50_ExcepcionConEnumTest.java:11)
	at org.assertj.core.api.ThrowableAssert.catchThrowable(ThrowableAssert.java:63)
	...(73 remaining lines not displayed - this can be changed with Assertions.setMaxStackTraceElementsDisplayed)
	at com.masterclass.nivel7_excepciones_custom.Ejercicio50_ExcepcionConEnumTest.nulo(Ejercicio50_ExcepcionConEnumTest.java:12)
	at java.base/java.lang.reflect.Method.invoke(Method.java:565)
	at java.base/java.util.ArrayList.forEach(ArrayList.java:1604)
	at java.base/java.util.ArrayList.forEach(ArrayList.java:1604)

com.masterclass.nivel7_excepciones_custom.Ejercicio50_ExcepcionConEnumTest.admin -- Time elapsed: 0.002 s <<< FAILURE!
java.lang.AssertionError: 

Expecting actual throwable to be an instance of:
  com.masterclass.nivel7_excepciones_custom.Ejercicio50_ExcepcionConEnum.BusinessException
but was:
  java.lang.UnsupportedOperationException: ¡Implementa tu solución aquí!
	at com.masterclass.nivel7_excepciones_custom.Ejercicio50_ExcepcionConEnum.login(Ejercicio50_ExcepcionConEnum.java:25)
	at com.masterclass.nivel7_excepciones_custom.Ejercicio50_ExcepcionConEnumTest.lambda$admin$0(Ejercicio50_ExcepcionConEnumTest.java:15)
	at org.assertj.core.api.ThrowableAssert.catchThrowable(ThrowableAssert.java:63)
	...(73 remaining lines not displayed - this can be changed with Assertions.setMaxStackTraceElementsDisplayed)
	at com.masterclass.nivel7_excepciones_custom.Ejercicio50_ExcepcionConEnumTest.admin(Ejercicio50_ExcepcionConEnumTest.java:16)
	at java.base/java.lang.reflect.Method.invoke(Method.java:565)
	at java.base/java.util.ArrayList.forEach(ArrayList.java:1604)
	at java.base/java.util.ArrayList.forEach(ArrayList.java:1604)

