-------------------------------------------------------------------------------
Test set: com.masterclass.nivel4_interfaces_funcionales.Ejercicio26_FunctionYComposicionTest
-------------------------------------------------------------------------------
Tests run: 5, Failures: 0, Errors: 5, Skipped: 0, Time elapsed: 0.011 s <<< FAILURE! -- in com.masterclass.nivel4_interfaces_funcionales.Ejercicio26_FunctionYComposicionTest
com.masterclass.nivel4_interfaces_funcionales.Ejercicio26_FunctionYComposicionTest.longitud -- Time elapsed: 0.002 s <<< ERROR!
java.lang.UnsupportedOperationException: ¡Implementa tu solución aquí!
	at com.masterclass.nivel4_interfaces_funcionales.Ejercicio26_FunctionYComposicion.longitud(Ejercicio26_FunctionYComposicion.java:23)
	at com.masterclass.nivel4_interfaces_funcionales.Ejercicio26_FunctionYComposicionTest.longitud(Ejercicio26_FunctionYComposicionTest.java:10)
	at java.base/java.lang.reflect.Method.invoke(Method.java:565)
	at java.base/java.util.ArrayList.forEach(ArrayList.java:1604)
	at java.base/java.util.ArrayList.forEach(ArrayList.java:1604)

com.masterclass.nivel4_interfaces_funcionales.Ejercicio26_FunctionYComposicionTest.duplicar -- Time elapsed: 0 s <<< ERROR!
java.lang.UnsupportedOperationException: ¡Implementa tu solución aquí!
	at com.masterclass.nivel4_interfaces_funcionales.Ejercicio26_FunctionYComposicion.duplicar(Ejercicio26_FunctionYComposicion.java:30)
	at com.masterclass.nivel4_interfaces_funcionales.Ejercicio26_FunctionYComposicionTest.duplicar(Ejercicio26_FunctionYComposicionTest.java:11)
	at java.base/java.lang.reflect.Method.invoke(Method.java:565)
	at java.base/java.util.ArrayList.forEach(ArrayList.java:1604)
	at java.base/java.util.ArrayList.forEach(ArrayList.java:1604)

com.masterclass.nivel4_interfaces_funcionales.Ejercicio26_FunctionYComposicionTest.dobleLongitud -- Time elapsed: 0.001 s <<< ERROR!
java.lang.UnsupportedOperationException: ¡Implementa tu solución aquí!
	at com.masterclass.nivel4_interfaces_funcionales.Ejercicio26_FunctionYComposicion.dobleLongitud(Ejercicio26_FunctionYComposicion.java:37)
	at com.masterclass.nivel4_interfaces_funcionales.Ejercicio26_FunctionYComposicionTest.dobleLongitud(Ejercicio26_FunctionYComposicionTest.java:12)
	at java.base/java.lang.reflect.Method.invoke(Method.java:565)
	at java.base/java.util.ArrayList.forEach(ArrayList.java:1604)
	at java.base/java.util.ArrayList.forEach(ArrayList.java:1604)

com.masterclass.nivel4_interfaces_funcionales.Ejercicio26_FunctionYComposicionTest.mapearVacia -- Time elapsed: 0.002 s <<< ERROR!
java.lang.UnsupportedOperationException: ¡Implementa tu solución aquí!
	at com.masterclass.nivel4_interfaces_funcionales.Ejercicio26_FunctionYComposicion.longitud(Ejercicio26_FunctionYComposicion.java:23)
	at com.masterclass.nivel4_interfaces_funcionales.Ejercicio26_FunctionYComposicionTest.mapearVacia(Ejercicio26_FunctionYComposicionTest.java:14)
	at java.base/java.lang.reflect.Method.invoke(Method.java:565)
	at java.base/java.util.ArrayList.forEach(ArrayList.java:1604)
	at java.base/java.util.ArrayList.forEach(ArrayList.java:1604)

com.masterclass.nivel4_interfaces_funcionales.Ejercicio26_FunctionYComposicionTest.mapear -- Time elapsed: 0.002 s <<< ERROR!
java.lang.UnsupportedOperationException: ¡Implementa tu solución aquí!
	at com.masterclass.nivel4_interfaces_funcionales.Ejercicio26_FunctionYComposicion.longitud(Ejercicio26_FunctionYComposicion.java:23)
	at com.masterclass.nivel4_interfaces_funcionales.Ejercicio26_FunctionYComposicionTest.mapear(Ejercicio26_FunctionYComposicionTest.java:13)
	at java.base/java.lang.reflect.Method.invoke(Method.java:565)
	at java.base/java.util.ArrayList.forEach(ArrayList.java:1604)
	at java.base/java.util.ArrayList.forEach(ArrayList.java:1604)

