-------------------------------------------------------------------------------
Test set: com.masterclass.nivel1_interfaces_basicas.Ejercicio01_PrimeraInterfazTest
-------------------------------------------------------------------------------
Tests run: 5, Failures: 0, Errors: 5, Skipped: 0, Time elapsed: 0.093 s <<< FAILURE! -- in com.masterclass.nivel1_interfaces_basicas.Ejercicio01_PrimeraInterfazTest
com.masterclass.nivel1_interfaces_basicas.Ejercicio01_PrimeraInterfazTest.debeCrearSaludadorNoNulo -- Time elapsed: 0.035 s <<< ERROR!
java.lang.UnsupportedOperationException: ¡Implementa tu solución aquí!
	at com.masterclass.nivel1_interfaces_basicas.Ejercicio01_PrimeraInterfaz.crearSaludador(Ejercicio01_PrimeraInterfaz.java:60)
	at com.masterclass.nivel1_interfaces_basicas.Ejercicio01_PrimeraInterfazTest.debeCrearSaludadorNoNulo(Ejercicio01_PrimeraInterfazTest.java:14)
	at java.base/java.lang.reflect.Method.invoke(Method.java:565)
	at java.base/java.util.ArrayList.forEach(ArrayList.java:1604)
	at java.base/java.util.ArrayList.forEach(ArrayList.java:1604)

com.masterclass.nivel1_interfaces_basicas.Ejercicio01_PrimeraInterfazTest.debeSaludarJava -- Time elapsed: 0.006 s <<< ERROR!
java.lang.UnsupportedOperationException: ¡Implementa tu solución aquí!
	at com.masterclass.nivel1_interfaces_basicas.Ejercicio01_PrimeraInterfaz.crearSaludador(Ejercicio01_PrimeraInterfaz.java:60)
	at com.masterclass.nivel1_interfaces_basicas.Ejercicio01_PrimeraInterfazTest.debeSaludarJava(Ejercicio01_PrimeraInterfazTest.java:28)
	at java.base/java.lang.reflect.Method.invoke(Method.java:565)
	at java.base/java.util.ArrayList.forEach(ArrayList.java:1604)
	at java.base/java.util.ArrayList.forEach(ArrayList.java:1604)

com.masterclass.nivel1_interfaces_basicas.Ejercicio01_PrimeraInterfazTest.debeSaludarMundo -- Time elapsed: 0.003 s <<< ERROR!
java.lang.UnsupportedOperationException: ¡Implementa tu solución aquí!
	at com.masterclass.nivel1_interfaces_basicas.Ejercicio01_PrimeraInterfaz.crearSaludador(Ejercicio01_PrimeraInterfaz.java:60)
	at com.masterclass.nivel1_interfaces_basicas.Ejercicio01_PrimeraInterfazTest.debeSaludarMundo(Ejercicio01_PrimeraInterfazTest.java:21)
	at java.base/java.lang.reflect.Method.invoke(Method.java:565)
	at java.base/java.util.ArrayList.forEach(ArrayList.java:1604)
	at java.base/java.util.ArrayList.forEach(ArrayList.java:1604)

com.masterclass.nivel1_interfaces_basicas.Ejercicio01_PrimeraInterfazTest.debeSaludarVacio -- Time elapsed: 0.002 s <<< ERROR!
java.lang.UnsupportedOperationException: ¡Implementa tu solución aquí!
	at com.masterclass.nivel1_interfaces_basicas.Ejercicio01_PrimeraInterfaz.crearSaludador(Ejercicio01_PrimeraInterfaz.java:60)
	at com.masterclass.nivel1_interfaces_basicas.Ejercicio01_PrimeraInterfazTest.debeSaludarVacio(Ejercicio01_PrimeraInterfazTest.java:35)
	at java.base/java.lang.reflect.Method.invoke(Method.java:565)
	at java.base/java.util.ArrayList.forEach(ArrayList.java:1604)
	at java.base/java.util.ArrayList.forEach(ArrayList.java:1604)

com.masterclass.nivel1_interfaces_basicas.Ejercicio01_PrimeraInterfazTest.debeImplementarInterfaz -- Time elapsed: 0.004 s <<< ERROR!
java.lang.UnsupportedOperationException: ¡Implementa tu solución aquí!
	at com.masterclass.nivel1_interfaces_basicas.Ejercicio01_PrimeraInterfaz.crearSaludador(Ejercicio01_PrimeraInterfaz.java:60)
	at com.masterclass.nivel1_interfaces_basicas.Ejercicio01_PrimeraInterfazTest.debeImplementarInterfaz(Ejercicio01_PrimeraInterfazTest.java:42)
	at java.base/java.lang.reflect.Method.invoke(Method.java:565)
	at java.base/java.util.ArrayList.forEach(ArrayList.java:1604)
	at java.base/java.util.ArrayList.forEach(ArrayList.java:1604)

