-------------------------------------------------------------------------------
Test set: com.masterclass.nivel5_excepciones_checked.Ejercicio38_ExceptionChainingTest
-------------------------------------------------------------------------------
Tests run: 4, Failures: 1, Errors: 3, Skipped: 0, Time elapsed: 0.022 s <<< FAILURE! -- in com.masterclass.nivel5_excepciones_checked.Ejercicio38_ExceptionChainingTest
com.masterclass.nivel5_excepciones_checked.Ejercicio38_ExceptionChainingTest.infoOk -- Time elapsed: 0.002 s <<< ERROR!
java.lang.UnsupportedOperationException: ¡Implementa tu solución aquí!
	at com.masterclass.nivel5_excepciones_checked.Ejercicio38_ExceptionChaining.procesarConInfo(Ejercicio38_ExceptionChaining.java:30)
	at com.masterclass.nivel5_excepciones_checked.Ejercicio38_ExceptionChainingTest.infoOk(Ejercicio38_ExceptionChainingTest.java:15)
	at java.base/java.lang.reflect.Method.invoke(Method.java:565)
	at java.base/java.util.ArrayList.forEach(ArrayList.java:1604)
	at java.base/java.util.ArrayList.forEach(ArrayList.java:1604)

com.masterclass.nivel5_excepciones_checked.Ejercicio38_ExceptionChainingTest.ok -- Time elapsed: 0.001 s <<< ERROR!
java.lang.UnsupportedOperationException: ¡Implementa tu solución aquí!
	at com.masterclass.nivel5_excepciones_checked.Ejercicio38_ExceptionChaining.procesarDato(Ejercicio38_ExceptionChaining.java:21)
	at com.masterclass.nivel5_excepciones_checked.Ejercicio38_ExceptionChainingTest.ok(Ejercicio38_ExceptionChainingTest.java:9)
	at java.base/java.lang.reflect.Method.invoke(Method.java:565)
	at java.base/java.util.ArrayList.forEach(ArrayList.java:1604)
	at java.base/java.util.ArrayList.forEach(ArrayList.java:1604)

com.masterclass.nivel5_excepciones_checked.Ejercicio38_ExceptionChainingTest.fail -- Time elapsed: 0.003 s <<< FAILURE!
java.lang.AssertionError: 

Expecting actual throwable to be an instance of:
  com.masterclass.nivel5_excepciones_checked.Ejercicio38_ExceptionChaining.ServicioException
but was:
  java.lang.UnsupportedOperationException: ¡Implementa tu solución aquí!
	at com.masterclass.nivel5_excepciones_checked.Ejercicio38_ExceptionChaining.procesarDato(Ejercicio38_ExceptionChaining.java:21)
	at com.masterclass.nivel5_excepciones_checked.Ejercicio38_ExceptionChainingTest.lambda$fail$0(Ejercicio38_ExceptionChainingTest.java:11)
	at org.assertj.core.api.ThrowableAssert.catchThrowable(ThrowableAssert.java:63)
	...(73 remaining lines not displayed - this can be changed with Assertions.setMaxStackTraceElementsDisplayed)
	at com.masterclass.nivel5_excepciones_checked.Ejercicio38_ExceptionChainingTest.fail(Ejercicio38_ExceptionChainingTest.java:12)
	at java.base/java.lang.reflect.Method.invoke(Method.java:565)
	at java.base/java.util.ArrayList.forEach(ArrayList.java:1604)
	at java.base/java.util.ArrayList.forEach(ArrayList.java:1604)

com.masterclass.nivel5_excepciones_checked.Ejercicio38_ExceptionChainingTest.infoFail -- Time elapsed: 0.001 s <<< ERROR!
java.lang.UnsupportedOperationException: ¡Implementa tu solución aquí!
	at com.masterclass.nivel5_excepciones_checked.Ejercicio38_ExceptionChaining.procesarConInfo(Ejercicio38_ExceptionChaining.java:30)
	at com.masterclass.nivel5_excepciones_checked.Ejercicio38_ExceptionChainingTest.infoFail(Ejercicio38_ExceptionChainingTest.java:16)
	at java.base/java.lang.reflect.Method.invoke(Method.java:565)
	at java.base/java.util.ArrayList.forEach(ArrayList.java:1604)
	at java.base/java.util.ArrayList.forEach(ArrayList.java:1604)

