-------------------------------------------------------------------------------
Test set: com.masterclass.nivel3_herencia_interfaces.Ejercicio19_InstanceofConInterfacesTest
-------------------------------------------------------------------------------
Tests run: 8, Failures: 0, Errors: 8, Skipped: 0, Time elapsed: 0.056 s <<< FAILURE! -- in com.masterclass.nivel3_herencia_interfaces.Ejercicio19_InstanceofConInterfacesTest
com.masterclass.nivel3_herencia_interfaces.Ejercicio19_InstanceofConInterfacesTest.intentarSerializarNoOk -- Time elapsed: 0.016 s <<< ERROR!
java.lang.UnsupportedOperationException: ¡Implementa tu solución aquí!
	at com.masterclass.nivel3_herencia_interfaces.Ejercicio19_InstanceofConInterfaces.intentarSerializar(Ejercicio19_InstanceofConInterfaces.java:62)
	at com.masterclass.nivel3_herencia_interfaces.Ejercicio19_InstanceofConInterfacesTest.intentarSerializarNoOk(Ejercicio19_InstanceofConInterfacesTest.java:75)
	at java.base/java.lang.reflect.Method.invoke(Method.java:565)
	at java.base/java.util.ArrayList.forEach(ArrayList.java:1604)
	at java.base/java.util.ArrayList.forEach(ArrayList.java:1604)

com.masterclass.nivel3_herencia_interfaces.Ejercicio19_InstanceofConInterfacesTest.serializarFormato -- Time elapsed: 0.002 s <<< ERROR!
java.lang.UnsupportedOperationException: ¡Implementa tu solución aquí!
	at com.masterclass.nivel3_herencia_interfaces.Ejercicio19_InstanceofConInterfaces.crearCompleto(Ejercicio19_InstanceofConInterfaces.java:47)
	at com.masterclass.nivel3_herencia_interfaces.Ejercicio19_InstanceofConInterfacesTest.serializarFormato(Ejercicio19_InstanceofConInterfacesTest.java:42)
	at java.base/java.lang.reflect.Method.invoke(Method.java:565)
	at java.base/java.util.ArrayList.forEach(ArrayList.java:1604)
	at java.base/java.util.ArrayList.forEach(ArrayList.java:1604)

com.masterclass.nivel3_herencia_interfaces.Ejercicio19_InstanceofConInterfacesTest.cacheKeyFormato -- Time elapsed: 0.001 s <<< ERROR!
java.lang.UnsupportedOperationException: ¡Implementa tu solución aquí!
	at com.masterclass.nivel3_herencia_interfaces.Ejercicio19_InstanceofConInterfaces.crearSerializableYCacheable(Ejercicio19_InstanceofConInterfaces.java:39)
	at com.masterclass.nivel3_herencia_interfaces.Ejercicio19_InstanceofConInterfacesTest.cacheKeyFormato(Ejercicio19_InstanceofConInterfacesTest.java:50)
	at java.base/java.lang.reflect.Method.invoke(Method.java:565)
	at java.base/java.util.ArrayList.forEach(ArrayList.java:1604)
	at java.base/java.util.ArrayList.forEach(ArrayList.java:1604)

com.masterclass.nivel3_herencia_interfaces.Ejercicio19_InstanceofConInterfacesTest.completo -- Time elapsed: 0.002 s <<< ERROR!
java.lang.UnsupportedOperationException: ¡Implementa tu solución aquí!
	at com.masterclass.nivel3_herencia_interfaces.Ejercicio19_InstanceofConInterfaces.crearCompleto(Ejercicio19_InstanceofConInterfaces.java:47)
	at com.masterclass.nivel3_herencia_interfaces.Ejercicio19_InstanceofConInterfacesTest.completo(Ejercicio19_InstanceofConInterfacesTest.java:32)
	at java.base/java.lang.reflect.Method.invoke(Method.java:565)
	at java.base/java.util.ArrayList.forEach(ArrayList.java:1604)
	at java.base/java.util.ArrayList.forEach(ArrayList.java:1604)

com.masterclass.nivel3_herencia_interfaces.Ejercicio19_InstanceofConInterfacesTest.serializableYCacheable -- Time elapsed: 0.004 s <<< ERROR!
java.lang.UnsupportedOperationException: ¡Implementa tu solución aquí!
	at com.masterclass.nivel3_herencia_interfaces.Ejercicio19_InstanceofConInterfaces.crearSerializableYCacheable(Ejercicio19_InstanceofConInterfaces.java:39)
	at com.masterclass.nivel3_herencia_interfaces.Ejercicio19_InstanceofConInterfacesTest.serializableYCacheable(Ejercicio19_InstanceofConInterfacesTest.java:24)
	at java.base/java.lang.reflect.Method.invoke(Method.java:565)
	at java.base/java.util.ArrayList.forEach(ArrayList.java:1604)
	at java.base/java.util.ArrayList.forEach(ArrayList.java:1604)

com.masterclass.nivel3_herencia_interfaces.Ejercicio19_InstanceofConInterfacesTest.intentarSerializarOk -- Time elapsed: 0.011 s <<< ERROR!
java.lang.UnsupportedOperationException: ¡Implementa tu solución aquí!
	at com.masterclass.nivel3_herencia_interfaces.Ejercicio19_InstanceofConInterfaces.crearSoloSerializable(Ejercicio19_InstanceofConInterfaces.java:31)
	at com.masterclass.nivel3_herencia_interfaces.Ejercicio19_InstanceofConInterfacesTest.intentarSerializarOk(Ejercicio19_InstanceofConInterfacesTest.java:68)
	at java.base/java.lang.reflect.Method.invoke(Method.java:565)
	at java.base/java.util.ArrayList.forEach(ArrayList.java:1604)
	at java.base/java.util.ArrayList.forEach(ArrayList.java:1604)

com.masterclass.nivel3_herencia_interfaces.Ejercicio19_InstanceofConInterfacesTest.contarCacheables -- Time elapsed: 0.001 s <<< ERROR!
java.lang.UnsupportedOperationException: ¡Implementa tu solución aquí!
	at com.masterclass.nivel3_herencia_interfaces.Ejercicio19_InstanceofConInterfaces.crearSoloSerializable(Ejercicio19_InstanceofConInterfaces.java:31)
	at com.masterclass.nivel3_herencia_interfaces.Ejercicio19_InstanceofConInterfacesTest.contarCacheables(Ejercicio19_InstanceofConInterfacesTest.java:58)
	at java.base/java.lang.reflect.Method.invoke(Method.java:565)
	at java.base/java.util.ArrayList.forEach(ArrayList.java:1604)
	at java.base/java.util.ArrayList.forEach(ArrayList.java:1604)

com.masterclass.nivel3_herencia_interfaces.Ejercicio19_InstanceofConInterfacesTest.soloSerializable -- Time elapsed: 0.002 s <<< ERROR!
java.lang.UnsupportedOperationException: ¡Implementa tu solución aquí!
	at com.masterclass.nivel3_herencia_interfaces.Ejercicio19_InstanceofConInterfaces.crearSoloSerializable(Ejercicio19_InstanceofConInterfaces.java:31)
	at com.masterclass.nivel3_herencia_interfaces.Ejercicio19_InstanceofConInterfacesTest.soloSerializable(Ejercicio19_InstanceofConInterfacesTest.java:16)
	at java.base/java.lang.reflect.Method.invoke(Method.java:565)
	at java.base/java.util.ArrayList.forEach(ArrayList.java:1604)
	at java.base/java.util.ArrayList.forEach(ArrayList.java:1604)

