-------------------------------------------------------------------------------
Test set: com.masterclass.nivel6_excepciones_unchecked.Ejercicio45_UnsupportedOperationTest
-------------------------------------------------------------------------------
Tests run: 2, Failures: 0, Errors: 2, Skipped: 0, Time elapsed: 0.005 s <<< FAILURE! -- in com.masterclass.nivel6_excepciones_unchecked.Ejercicio45_UnsupportedOperationTest
com.masterclass.nivel6_excepciones_unchecked.Ejercicio45_UnsupportedOperationTest.ok -- Time elapsed: 0.002 s <<< ERROR!
java.lang.UnsupportedOperationException: ¡Implementa tu solución aquí!
	at com.masterclass.nivel6_excepciones_unchecked.Ejercicio45_UnsupportedOperation.crearColeccionSoloLectura(Ejercicio45_UnsupportedOperation.java:27)
	at com.masterclass.nivel6_excepciones_unchecked.Ejercicio45_UnsupportedOperationTest.ok(Ejercicio45_UnsupportedOperationTest.java:9)
	at java.base/java.lang.reflect.Method.invoke(Method.java:565)
	at java.base/java.util.ArrayList.forEach(ArrayList.java:1604)
	at java.base/java.util.ArrayList.forEach(ArrayList.java:1604)

com.masterclass.nivel6_excepciones_unchecked.Ejercicio45_UnsupportedOperationTest.eliminar -- Time elapsed: 0.001 s <<< ERROR!
java.lang.UnsupportedOperationException: ¡Implementa tu solución aquí!
	at com.masterclass.nivel6_excepciones_unchecked.Ejercicio45_UnsupportedOperation.crearColeccionSoloLectura(Ejercicio45_UnsupportedOperation.java:27)
	at com.masterclass.nivel6_excepciones_unchecked.Ejercicio45_UnsupportedOperationTest.eliminar(Ejercicio45_UnsupportedOperationTest.java:10)
	at java.base/java.lang.reflect.Method.invoke(Method.java:565)
	at java.base/java.util.ArrayList.forEach(ArrayList.java:1604)
	at java.base/java.util.ArrayList.forEach(ArrayList.java:1604)

