-------------------------------------------------------------------------------
Test set: com.masterclass.nivel6_excepciones_unchecked.Ejercicio43_UncheckedCustomTest
-------------------------------------------------------------------------------
Tests run: 5, Failures: 2, Errors: 3, Skipped: 0, Time elapsed: 0.012 s <<< FAILURE! -- in com.masterclass.nivel6_excepciones_unchecked.Ejercicio43_UncheckedCustomTest
com.masterclass.nivel6_excepciones_unchecked.Ejercicio43_UncheckedCustomTest.ok -- Time elapsed: 0.002 s <<< ERROR!
java.lang.UnsupportedOperationException: ¡Implementa tu solución aquí!
	at com.masterclass.nivel6_excepciones_unchecked.Ejercicio43_UncheckedCustom.obtenerConfiguracion(Ejercicio43_UncheckedCustom.java:23)
	at com.masterclass.nivel6_excepciones_unchecked.Ejercicio43_UncheckedCustomTest.ok(Ejercicio43_UncheckedCustomTest.java:10)
	at java.base/java.lang.reflect.Method.invoke(Method.java:565)
	at java.base/java.util.ArrayList.forEach(ArrayList.java:1604)
	at java.base/java.util.ArrayList.forEach(ArrayList.java:1604)

com.masterclass.nivel6_excepciones_unchecked.Ejercicio43_UncheckedCustomTest.fail -- Time elapsed: 0.002 s <<< FAILURE!
java.lang.AssertionError: 

Expecting actual throwable to be an instance of:
  com.masterclass.nivel6_excepciones_unchecked.Ejercicio43_UncheckedCustom.ConfiguracionException
but was:
  java.lang.UnsupportedOperationException: ¡Implementa tu solución aquí!
	at com.masterclass.nivel6_excepciones_unchecked.Ejercicio43_UncheckedCustom.obtenerConfiguracion(Ejercicio43_UncheckedCustom.java:23)
	at com.masterclass.nivel6_excepciones_unchecked.Ejercicio43_UncheckedCustomTest.lambda$fail$0(Ejercicio43_UncheckedCustomTest.java:11)
	at org.assertj.core.api.ThrowableAssert.catchThrowable(ThrowableAssert.java:63)
	...(73 remaining lines not displayed - this can be changed with Assertions.setMaxStackTraceElementsDisplayed)
	at com.masterclass.nivel6_excepciones_unchecked.Ejercicio43_UncheckedCustomTest.fail(Ejercicio43_UncheckedCustomTest.java:11)
	at java.base/java.lang.reflect.Method.invoke(Method.java:565)
	at java.base/java.util.ArrayList.forEach(ArrayList.java:1604)
	at java.base/java.util.ArrayList.forEach(ArrayList.java:1604)

com.masterclass.nivel6_excepciones_unchecked.Ejercicio43_UncheckedCustomTest.clave -- Time elapsed: 0.002 s <<< FAILURE!
java.lang.AssertionError: 

Expecting actual throwable to be an instance of:
  com.masterclass.nivel6_excepciones_unchecked.Ejercicio43_UncheckedCustom.ConfiguracionException
but was:
  java.lang.UnsupportedOperationException: ¡Implementa tu solución aquí!
	at com.masterclass.nivel6_excepciones_unchecked.Ejercicio43_UncheckedCustom.obtenerConfiguracion(Ejercicio43_UncheckedCustom.java:23)
	at com.masterclass.nivel6_excepciones_unchecked.Ejercicio43_UncheckedCustomTest.lambda$clave$0(Ejercicio43_UncheckedCustomTest.java:13)
	at org.assertj.core.api.ThrowableAssert.catchThrowable(ThrowableAssert.java:63)
	...(73 remaining lines not displayed - this can be changed with Assertions.setMaxStackTraceElementsDisplayed)
	at com.masterclass.nivel6_excepciones_unchecked.Ejercicio43_UncheckedCustomTest.clave(Ejercicio43_UncheckedCustomTest.java:14)
	at java.base/java.lang.reflect.Method.invoke(Method.java:565)
	at java.base/java.util.ArrayList.forEach(ArrayList.java:1604)
	at java.base/java.util.ArrayList.forEach(ArrayList.java:1604)

com.masterclass.nivel6_excepciones_unchecked.Ejercicio43_UncheckedCustomTest.defOk -- Time elapsed: 0.001 s <<< ERROR!
java.lang.UnsupportedOperationException: ¡Implementa tu solución aquí!
	at com.masterclass.nivel6_excepciones_unchecked.Ejercicio43_UncheckedCustom.obtenerODefault(Ejercicio43_UncheckedCustom.java:31)
	at com.masterclass.nivel6_excepciones_unchecked.Ejercicio43_UncheckedCustomTest.defOk(Ejercicio43_UncheckedCustomTest.java:16)
	at java.base/java.lang.reflect.Method.invoke(Method.java:565)
	at java.base/java.util.ArrayList.forEach(ArrayList.java:1604)
	at java.base/java.util.ArrayList.forEach(ArrayList.java:1604)

com.masterclass.nivel6_excepciones_unchecked.Ejercicio43_UncheckedCustomTest.defFail -- Time elapsed: 0.001 s <<< ERROR!
java.lang.UnsupportedOperationException: ¡Implementa tu solución aquí!
	at com.masterclass.nivel6_excepciones_unchecked.Ejercicio43_UncheckedCustom.obtenerODefault(Ejercicio43_UncheckedCustom.java:31)
	at com.masterclass.nivel6_excepciones_unchecked.Ejercicio43_UncheckedCustomTest.defFail(Ejercicio43_UncheckedCustomTest.java:17)
	at java.base/java.lang.reflect.Method.invoke(Method.java:565)
	at java.base/java.util.ArrayList.forEach(ArrayList.java:1604)
	at java.base/java.util.ArrayList.forEach(ArrayList.java:1604)

