-------------------------------------------------------------------------------
Test set: com.masterclass.nivel2_default_static_methods.Ejercicio15_InterfazUtilitariaTest
-------------------------------------------------------------------------------
Tests run: 7, Failures: 0, Errors: 7, Skipped: 0, Time elapsed: 0.017 s <<< FAILURE! -- in com.masterclass.nivel2_default_static_methods.Ejercicio15_InterfazUtilitariaTest
com.masterclass.nivel2_default_static_methods.Ejercicio15_InterfazUtilitariaTest.enterosEsMayor -- Time elapsed: 0.003 s <<< ERROR!
java.lang.UnsupportedOperationException: ¡Implementa tu solución aquí!
	at com.masterclass.nivel2_default_static_methods.Ejercicio15_InterfazUtilitaria.comparadorEnteros(Ejercicio15_InterfazUtilitaria.java:53)
	at com.masterclass.nivel2_default_static_methods.Ejercicio15_InterfazUtilitariaTest.enterosEsMayor(Ejercicio15_InterfazUtilitariaTest.java:16)
	at java.base/java.lang.reflect.Method.invoke(Method.java:565)
	at java.base/java.util.ArrayList.forEach(ArrayList.java:1604)
	at java.base/java.util.ArrayList.forEach(ArrayList.java:1604)

com.masterclass.nivel2_default_static_methods.Ejercicio15_InterfazUtilitariaTest.enterosMinimo -- Time elapsed: 0.001 s <<< ERROR!
java.lang.UnsupportedOperationException: ¡Implementa tu solución aquí!
	at com.masterclass.nivel2_default_static_methods.Ejercicio15_InterfazUtilitaria.comparadorEnteros(Ejercicio15_InterfazUtilitaria.java:53)
	at com.masterclass.nivel2_default_static_methods.Ejercicio15_InterfazUtilitariaTest.enterosMinimo(Ejercicio15_InterfazUtilitariaTest.java:23)
	at java.base/java.lang.reflect.Method.invoke(Method.java:565)
	at java.base/java.util.ArrayList.forEach(ArrayList.java:1604)
	at java.base/java.util.ArrayList.forEach(ArrayList.java:1604)

com.masterclass.nivel2_default_static_methods.Ejercicio15_InterfazUtilitariaTest.maximoEnteros -- Time elapsed: 0.002 s <<< ERROR!
java.lang.UnsupportedOperationException: ¡Implementa tu solución aquí!
	at com.masterclass.nivel2_default_static_methods.Ejercicio15_InterfazUtilitaria.comparadorEnteros(Ejercicio15_InterfazUtilitaria.java:53)
	at com.masterclass.nivel2_default_static_methods.Ejercicio15_InterfazUtilitariaTest.maximoEnteros(Ejercicio15_InterfazUtilitariaTest.java:53)
	at java.base/java.lang.reflect.Method.invoke(Method.java:565)
	at java.base/java.util.ArrayList.forEach(ArrayList.java:1604)
	at java.base/java.util.ArrayList.forEach(ArrayList.java:1604)

com.masterclass.nivel2_default_static_methods.Ejercicio15_InterfazUtilitariaTest.longitudMayor -- Time elapsed: 0.001 s <<< ERROR!
java.lang.UnsupportedOperationException: ¡Implementa tu solución aquí!
	at com.masterclass.nivel2_default_static_methods.Ejercicio15_InterfazUtilitaria.comparadorPorLongitud(Ejercicio15_InterfazUtilitaria.java:61)
	at com.masterclass.nivel2_default_static_methods.Ejercicio15_InterfazUtilitariaTest.longitudMayor(Ejercicio15_InterfazUtilitariaTest.java:37)
	at java.base/java.lang.reflect.Method.invoke(Method.java:565)
	at java.base/java.util.ArrayList.forEach(ArrayList.java:1604)
	at java.base/java.util.ArrayList.forEach(ArrayList.java:1604)

com.masterclass.nivel2_default_static_methods.Ejercicio15_InterfazUtilitariaTest.longitudMaximo -- Time elapsed: 0.002 s <<< ERROR!
java.lang.UnsupportedOperationException: ¡Implementa tu solución aquí!
	at com.masterclass.nivel2_default_static_methods.Ejercicio15_InterfazUtilitaria.comparadorPorLongitud(Ejercicio15_InterfazUtilitaria.java:61)
	at com.masterclass.nivel2_default_static_methods.Ejercicio15_InterfazUtilitariaTest.longitudMaximo(Ejercicio15_InterfazUtilitariaTest.java:44)
	at java.base/java.lang.reflect.Method.invoke(Method.java:565)
	at java.base/java.util.ArrayList.forEach(ArrayList.java:1604)
	at java.base/java.util.ArrayList.forEach(ArrayList.java:1604)

com.masterclass.nivel2_default_static_methods.Ejercicio15_InterfazUtilitariaTest.maximoListaVacia -- Time elapsed: 0.001 s <<< ERROR!
java.lang.UnsupportedOperationException: ¡Implementa tu solución aquí!
	at com.masterclass.nivel2_default_static_methods.Ejercicio15_InterfazUtilitaria.comparadorEnteros(Ejercicio15_InterfazUtilitaria.java:53)
	at com.masterclass.nivel2_default_static_methods.Ejercicio15_InterfazUtilitariaTest.maximoListaVacia(Ejercicio15_InterfazUtilitariaTest.java:63)
	at java.base/java.lang.reflect.Method.invoke(Method.java:565)
	at java.base/java.util.ArrayList.forEach(ArrayList.java:1604)
	at java.base/java.util.ArrayList.forEach(ArrayList.java:1604)

com.masterclass.nivel2_default_static_methods.Ejercicio15_InterfazUtilitariaTest.enterosIguales -- Time elapsed: 0.001 s <<< ERROR!
java.lang.UnsupportedOperationException: ¡Implementa tu solución aquí!
	at com.masterclass.nivel2_default_static_methods.Ejercicio15_InterfazUtilitaria.comparadorEnteros(Ejercicio15_InterfazUtilitaria.java:53)
	at com.masterclass.nivel2_default_static_methods.Ejercicio15_InterfazUtilitariaTest.enterosIguales(Ejercicio15_InterfazUtilitariaTest.java:30)
	at java.base/java.lang.reflect.Method.invoke(Method.java:565)
	at java.base/java.util.ArrayList.forEach(ArrayList.java:1604)
	at java.base/java.util.ArrayList.forEach(ArrayList.java:1604)

