<?xml version="1.0" encoding="UTF-8"?>
<testsuite xmlns:xsi="http://www.w3.org/2001/XMLSchema-instance" xsi:noNamespaceSchemaLocation="https://maven.apache.org/surefire/maven-surefire-plugin/xsd/surefire-test-report-3.0.xsd" version="3.0" name="com.masterclass.nivel2_default_static_methods.Ejercicio14_EncadenamientoDefaultsTest" time="0.013" tests="5" errors="5" skipped="0" failures="0">
  <properties>
[...]
</properties>
  <testcase name="encadenarDos" classname="com.masterclass.nivel2_default_static_methods.Ejercicio14_EncadenamientoDefaultsTest" time="0.002">
    <error message="¡Implementa tu solución aquí!" type="java.lang.UnsupportedOperationException"><![CDATA[java.lang.UnsupportedOperationException: ¡Implementa tu solución aquí!
	at com.masterclass.nivel2_default_static_methods.Ejercicio14_EncadenamientoDefaults.mayusculas(Ejercicio14_EncadenamientoDefaults.java:33)
	at com.masterclass.nivel2_default_static_methods.Ejercicio14_EncadenamientoDefaultsTest.encadenarDos(Ejercicio14_EncadenamientoDefaultsTest.java:32)
	at java.base/java.lang.reflect.Method.invoke(Method.java:565)
	at java.base/java.util.ArrayList.forEach(ArrayList.java:1604)
	at java.base/java.util.ArrayList.forEach(ArrayList.java:1604)
]]></error>
  </testcase>
  <testcase name="mayusculas" classname="com.masterclass.nivel2_default_static_methods.Ejercicio14_EncadenamientoDefaultsTest" time="0.001">
    <error message="¡Implementa tu solución aquí!" type="java.lang.UnsupportedOperationException"><![CDATA[java.lang.UnsupportedOperationException: ¡Implementa tu solución aquí!
	at com.masterclass.nivel2_default_static_methods.Ejercicio14_EncadenamientoDefaults.mayusculas(Ejercicio14_EncadenamientoDefaults.java:33)
	at com.masterclass.nivel2_default_static_methods.Ejercicio14_EncadenamientoDefaultsTest.mayusculas(Ejercicio14_EncadenamientoDefaultsTest.java:14)
	at java.base/java.lang.reflect.Method.invoke(Method.java:565)
	at java.base/java.util.ArrayList.forEach(ArrayList.java:1604)
	at java.base/java.util.ArrayList.forEach(ArrayList.java:1604)
]]></error>
  </testcase>
  <testcase name="transformarCompleto" classname="com.masterclass.nivel2_default_static_methods.Ejercicio14_EncadenamientoDefaultsTest" time="0.002">
    <error message="¡Implementa tu solución aquí!" type="java.lang.UnsupportedOperationException"><![CDATA[java.lang.UnsupportedOperationException: ¡Implementa tu solución aquí!
	at com.masterclass.nivel2_default_static_methods.Ejercicio14_EncadenamientoDefaults.transformarCompleto(Ejercicio14_EncadenamientoDefaults.java:58)
	at com.masterclass.nivel2_default_static_methods.Ejercicio14_EncadenamientoDefaultsTest.transformarCompleto(Ejercicio14_EncadenamientoDefaultsTest.java:40)
	at java.base/java.lang.reflect.Method.invoke(Method.java:565)
	at java.base/java.util.ArrayList.forEach(ArrayList.java:1604)
	at java.base/java.util.ArrayList.forEach(ArrayList.java:1604)
]]></error>
  </testcase>
  <testcase name="sinEspacios" classname="com.masterclass.nivel2_default_static_methods.Ejercicio14_EncadenamientoDefaultsTest" time="0.002">
    <error message="¡Implementa tu solución aquí!" type="java.lang.UnsupportedOperationException"><![CDATA[java.lang.UnsupportedOperationException: ¡Implementa tu solución aquí!
	at com.masterclass.nivel2_default_static_methods.Ejercicio14_EncadenamientoDefaults.sinEspacios(Ejercicio14_EncadenamientoDefaults.java:40)
	at com.masterclass.nivel2_default_static_methods.Ejercicio14_EncadenamientoDefaultsTest.sinEspacios(Ejercicio14_EncadenamientoDefaultsTest.java:20)
	at java.base/java.lang.reflect.Method.invoke(Method.java:565)
	at java.base/java.util.ArrayList.forEach(ArrayList.java:1604)
	at java.base/java.util.ArrayList.forEach(ArrayList.java:1604)
]]></error>
  </testcase>
  <testcase name="enmarcar" classname="com.masterclass.nivel2_default_static_methods.Ejercicio14_EncadenamientoDefaultsTest" time="0.002">
    <error message="¡Implementa tu solución aquí!" type="java.lang.UnsupportedOperationException"><![CDATA[java.lang.UnsupportedOperationException: ¡Implementa tu solución aquí!
	at com.masterclass.nivel2_default_static_methods.Ejercicio14_EncadenamientoDefaults.enmarcar(Ejercicio14_EncadenamientoDefaults.java:47)
	at com.masterclass.nivel2_default_static_methods.Ejercicio14_EncadenamientoDefaultsTest.enmarcar(Ejercicio14_EncadenamientoDefaultsTest.java:26)
	at java.base/java.lang.reflect.Method.invoke(Method.java:565)
	at java.base/java.util.ArrayList.forEach(ArrayList.java:1604)
	at java.base/java.util.ArrayList.forEach(ArrayList.java:1604)
]]></error>
  </testcase>
</testsuite>