-------------------------------------------------------------------------------
Test set: bloque5.Ej30_BossFinalTest
-------------------------------------------------------------------------------
Tests run: 16, Failures: 4, Errors: 10, Skipped: 0, Time elapsed: 0.014 s <<< FAILURE! -- in bloque5.Ej30_BossFinalTest
bloque5.Ej30_BossFinalTest.sesion_fueraRango -- Time elapsed: 0.003 s <<< ERROR!
java.lang.UnsupportedOperationException: Implementa constructor SesionCine
	at bloque5.Ej30_BossFinal$SesionCine.<init>(Ej30_BossFinal.java:55)
	at bloque5.Ej30_BossFinalTest.sesion_fueraRango(Ej30_BossFinalTest.java:72)
	at java.base/java.lang.reflect.Method.invoke(Method.java:580)
	at java.base/java.util.ArrayList.forEach(ArrayList.java:1596)
	at java.base/java.util.ArrayList.forEach(ArrayList.java:1596)

bloque5.Ej30_BossFinalTest.sesion_mostrar -- Time elapsed: 0 s <<< ERROR!
java.lang.UnsupportedOperationException: Implementa constructor SesionCine
	at bloque5.Ej30_BossFinal$SesionCine.<init>(Ej30_BossFinal.java:55)
	at bloque5.Ej30_BossFinalTest.sesion_mostrar(Ej30_BossFinalTest.java:121)
	at java.base/java.lang.reflect.Method.invoke(Method.java:580)
	at java.base/java.util.ArrayList.forEach(ArrayList.java:1596)
	at java.base/java.util.ArrayList.forEach(ArrayList.java:1596)

bloque5.Ej30_BossFinalTest.butaca_liberar -- Time elapsed: 0.001 s <<< ERROR!
java.lang.UnsupportedOperationException: Implementa constructor Butaca
	at bloque5.Ej30_BossFinal$Butaca.<init>(Ej30_BossFinal.java:29)
	at bloque5.Ej30_BossFinalTest.butaca_liberar(Ej30_BossFinalTest.java:37)
	at java.base/java.lang.reflect.Method.invoke(Method.java:580)
	at java.base/java.util.ArrayList.forEach(ArrayList.java:1596)
	at java.base/java.util.ArrayList.forEach(ArrayList.java:1596)

bloque5.Ej30_BossFinalTest.sesion_valida -- Time elapsed: 0.001 s <<< ERROR!
java.lang.UnsupportedOperationException: Implementa constructor SesionCine
	at bloque5.Ej30_BossFinal$SesionCine.<init>(Ej30_BossFinal.java:55)
	at bloque5.Ej30_BossFinalTest.sesion_valida(Ej30_BossFinalTest.java:47)
	at java.base/java.lang.reflect.Method.invoke(Method.java:580)
	at java.base/java.util.ArrayList.forEach(ArrayList.java:1596)
	at java.base/java.util.ArrayList.forEach(ArrayList.java:1596)

bloque5.Ej30_BossFinalTest.butaca_reservar -- Time elapsed: 0.001 s <<< ERROR!
java.lang.UnsupportedOperationException: Implementa constructor Butaca
	at bloque5.Ej30_BossFinal$Butaca.<init>(Ej30_BossFinal.java:29)
	at bloque5.Ej30_BossFinalTest.butaca_reservar(Ej30_BossFinalTest.java:29)
	at java.base/java.lang.reflect.Method.invoke(Method.java:580)
	at java.base/java.util.ArrayList.forEach(ArrayList.java:1596)
	at java.base/java.util.ArrayList.forEach(ArrayList.java:1596)

bloque5.Ej30_BossFinalTest.sesion_recaudacion -- Time elapsed: 0 s <<< ERROR!
java.lang.UnsupportedOperationException: Implementa constructor SesionCine
	at bloque5.Ej30_BossFinal$SesionCine.<init>(Ej30_BossFinal.java:55)
	at bloque5.Ej30_BossFinalTest.sesion_recaudacion(Ej30_BossFinalTest.java:78)
	at java.base/java.lang.reflect.Method.invoke(Method.java:580)
	at java.base/java.util.ArrayList.forEach(ArrayList.java:1596)
	at java.base/java.util.ArrayList.forEach(ArrayList.java:1596)

bloque5.Ej30_BossFinalTest.dao_carga -- Time elapsed: 0 s <<< FAILURE!
org.opentest4j.AssertionFailedError: expected: <3> but was: <0>
	at org.junit.jupiter.api.AssertionFailureBuilder.build(AssertionFailureBuilder.java:151)
	at org.junit.jupiter.api.AssertionFailureBuilder.buildAndThrow(AssertionFailureBuilder.java:132)
	at org.junit.jupiter.api.AssertEquals.failNotEqual(AssertEquals.java:197)
	at org.junit.jupiter.api.AssertEquals.assertEquals(AssertEquals.java:150)
	at org.junit.jupiter.api.AssertEquals.assertEquals(AssertEquals.java:145)
	at org.junit.jupiter.api.Assertions.assertEquals(Assertions.java:531)
	at bloque5.Ej30_BossFinalTest.dao_carga(Ej30_BossFinalTest.java:94)
	at java.base/java.lang.reflect.Method.invoke(Method.java:580)
	at java.base/java.util.ArrayList.forEach(ArrayList.java:1596)
	at java.base/java.util.ArrayList.forEach(ArrayList.java:1596)

bloque5.Ej30_BossFinalTest.dao_buscar -- Time elapsed: 0.001 s <<< FAILURE!
org.opentest4j.AssertionFailedError: expected: not <null>
	at org.junit.jupiter.api.AssertionFailureBuilder.build(AssertionFailureBuilder.java:152)
	at org.junit.jupiter.api.AssertionFailureBuilder.buildAndThrow(AssertionFailureBuilder.java:132)
	at org.junit.jupiter.api.AssertNotNull.failNull(AssertNotNull.java:49)
	at org.junit.jupiter.api.AssertNotNull.assertNotNull(AssertNotNull.java:35)
	at org.junit.jupiter.api.AssertNotNull.assertNotNull(AssertNotNull.java:30)
	at org.junit.jupiter.api.Assertions.assertNotNull(Assertions.java:304)
	at bloque5.Ej30_BossFinalTest.dao_buscar(Ej30_BossFinalTest.java:97)
	at java.base/java.lang.reflect.Method.invoke(Method.java:580)
	at java.base/java.util.ArrayList.forEach(ArrayList.java:1596)
	at java.base/java.util.ArrayList.forEach(ArrayList.java:1596)

bloque5.Ej30_BossFinalTest.butaca_inicial -- Time elapsed: 0.001 s <<< ERROR!
java.lang.UnsupportedOperationException: Implementa constructor Butaca
	at bloque5.Ej30_BossFinal$Butaca.<init>(Ej30_BossFinal.java:29)
	at bloque5.Ej30_BossFinalTest.butaca_inicial(Ej30_BossFinalTest.java:22)
	at java.base/java.lang.reflect.Method.invoke(Method.java:580)
	at java.base/java.util.ArrayList.forEach(ArrayList.java:1596)
	at java.base/java.util.ArrayList.forEach(ArrayList.java:1596)

bloque5.Ej30_BossFinalTest.sesion_butacasIndep -- Time elapsed: 0 s <<< ERROR!
java.lang.UnsupportedOperationException: Implementa constructor SesionCine
	at bloque5.Ej30_BossFinal$SesionCine.<init>(Ej30_BossFinal.java:55)
	at bloque5.Ej30_BossFinalTest.sesion_butacasIndep(Ej30_BossFinalTest.java:86)
	at java.base/java.lang.reflect.Method.invoke(Method.java:580)
	at java.base/java.util.ArrayList.forEach(ArrayList.java:1596)
	at java.base/java.util.ArrayList.forEach(ArrayList.java:1596)

bloque5.Ej30_BossFinalTest.dao_recaudacion -- Time elapsed: 0.001 s <<< ERROR!
java.lang.NullPointerException: Cannot invoke "bloque5.Ej30_BossFinal$SesionCine.reservarButaca(int, int)" because the return value of "bloque5.Ej30_BossFinal.buscarSesion(int)" is null
	at bloque5.Ej30_BossFinalTest.dao_recaudacion(Ej30_BossFinalTest.java:115)
	at java.base/java.lang.reflect.Method.invoke(Method.java:580)
	at java.base/java.util.ArrayList.forEach(ArrayList.java:1596)
	at java.base/java.util.ArrayList.forEach(ArrayList.java:1596)

bloque5.Ej30_BossFinalTest.dao_liberarGlobal -- Time elapsed: 0 s <<< FAILURE!
org.opentest4j.AssertionFailedError: expected: not <null>
	at org.junit.jupiter.api.AssertionFailureBuilder.build(AssertionFailureBuilder.java:152)
	at org.junit.jupiter.api.AssertionFailureBuilder.buildAndThrow(AssertionFailureBuilder.java:132)
	at org.junit.jupiter.api.AssertNotNull.failNull(AssertNotNull.java:49)
	at org.junit.jupiter.api.AssertNotNull.assertNotNull(AssertNotNull.java:35)
	at org.junit.jupiter.api.AssertNotNull.assertNotNull(AssertNotNull.java:30)
	at org.junit.jupiter.api.Assertions.assertNotNull(Assertions.java:304)
	at bloque5.Ej30_BossFinalTest.dao_liberarGlobal(Ej30_BossFinalTest.java:105)
	at java.base/java.lang.reflect.Method.invoke(Method.java:580)
	at java.base/java.util.ArrayList.forEach(ArrayList.java:1596)
	at java.base/java.util.ArrayList.forEach(ArrayList.java:1596)

bloque5.Ej30_BossFinalTest.sesion_invalida -- Time elapsed: 0.001 s <<< FAILURE!
org.opentest4j.AssertionFailedError: Unexpected exception type thrown, expected: <bloque5.Ej30_BossFinal.ErrorAsientos> but was: <java.lang.UnsupportedOperationException>
	at org.junit.jupiter.api.AssertionFailureBuilder.build(AssertionFailureBuilder.java:151)
	at org.junit.jupiter.api.AssertThrows.assertThrows(AssertThrows.java:67)
	at org.junit.jupiter.api.AssertThrows.assertThrows(AssertThrows.java:35)
	at org.junit.jupiter.api.Assertions.assertThrows(Assertions.java:3115)
	at bloque5.Ej30_BossFinalTest.sesion_invalida(Ej30_BossFinalTest.java:54)
	at java.base/java.lang.reflect.Method.invoke(Method.java:580)
	at java.base/java.util.ArrayList.forEach(ArrayList.java:1596)
	at java.base/java.util.ArrayList.forEach(ArrayList.java:1596)
Caused by: java.lang.UnsupportedOperationException: Implementa constructor SesionCine
	at bloque5.Ej30_BossFinal$SesionCine.<init>(Ej30_BossFinal.java:55)
	at bloque5.Ej30_BossFinalTest.lambda$sesion_invalida$0(Ej30_BossFinalTest.java:55)
	at org.junit.jupiter.api.AssertThrows.assertThrows(AssertThrows.java:53)
	... 6 more

bloque5.Ej30_BossFinalTest.sesion_reservarLiberar -- Time elapsed: 0 s <<< ERROR!
java.lang.UnsupportedOperationException: Implementa constructor SesionCine
	at bloque5.Ej30_BossFinal$SesionCine.<init>(Ej30_BossFinal.java:55)
	at bloque5.Ej30_BossFinalTest.sesion_reservarLiberar(Ej30_BossFinalTest.java:62)
	at java.base/java.lang.reflect.Method.invoke(Method.java:580)
	at java.base/java.util.ArrayList.forEach(ArrayList.java:1596)
	at java.base/java.util.ArrayList.forEach(ArrayList.java:1596)

