-------------------------------------------------------------------------------
Test set: bloque3.Ej17_LogicaTest
-------------------------------------------------------------------------------
Tests run: 11, Failures: 2, Errors: 9, Skipped: 0, Time elapsed: 0.007 s <<< FAILURE! -- in bloque3.Ej17_LogicaTest
bloque3.Ej17_LogicaTest.constructor -- Time elapsed: 0.001 s <<< ERROR!
java.lang.UnsupportedOperationException: Implementa el constructor
	at bloque3.Ej17_Logica.<init>(Ej17_Logica.java:19)
	at bloque3.Ej17_LogicaTest.constructor(Ej17_LogicaTest.java:12)
	at java.base/java.lang.reflect.Method.invoke(Method.java:580)
	at java.base/java.util.ArrayList.forEach(ArrayList.java:1596)
	at java.base/java.util.ArrayList.forEach(ArrayList.java:1596)

bloque3.Ej17_LogicaTest.retirar_sinStock -- Time elapsed: 0.001 s <<< ERROR!
java.lang.UnsupportedOperationException: Implementa el constructor
	at bloque3.Ej17_Logica.<init>(Ej17_Logica.java:19)
	at bloque3.Ej17_LogicaTest.retirar_sinStock(Ej17_LogicaTest.java:59)
	at java.base/java.lang.reflect.Method.invoke(Method.java:580)
	at java.base/java.util.ArrayList.forEach(ArrayList.java:1596)
	at java.base/java.util.ArrayList.forEach(ArrayList.java:1596)

bloque3.Ej17_LogicaTest.almacenar_fueraRango -- Time elapsed: 0 s <<< ERROR!
java.lang.UnsupportedOperationException: Implementa el constructor
	at bloque3.Ej17_Logica.<init>(Ej17_Logica.java:19)
	at bloque3.Ej17_LogicaTest.almacenar_fueraRango(Ej17_LogicaTest.java:38)
	at java.base/java.lang.reflect.Method.invoke(Method.java:580)
	at java.base/java.util.ArrayList.forEach(ArrayList.java:1596)
	at java.base/java.util.ArrayList.forEach(ArrayList.java:1596)

bloque3.Ej17_LogicaTest.retirar_valido -- Time elapsed: 0.001 s <<< ERROR!
java.lang.UnsupportedOperationException: Implementa el constructor
	at bloque3.Ej17_Logica.<init>(Ej17_Logica.java:19)
	at bloque3.Ej17_LogicaTest.retirar_valido(Ej17_LogicaTest.java:51)
	at java.base/java.lang.reflect.Method.invoke(Method.java:580)
	at java.base/java.util.ArrayList.forEach(ArrayList.java:1596)
	at java.base/java.util.ArrayList.forEach(ArrayList.java:1596)

bloque3.Ej17_LogicaTest.posicionesVacias -- Time elapsed: 0 s <<< ERROR!
java.lang.UnsupportedOperationException: Implementa el constructor
	at bloque3.Ej17_Logica.<init>(Ej17_Logica.java:19)
	at bloque3.Ej17_LogicaTest.posicionesVacias(Ej17_LogicaTest.java:73)
	at java.base/java.lang.reflect.Method.invoke(Method.java:580)
	at java.base/java.util.ArrayList.forEach(ArrayList.java:1596)
	at java.base/java.util.ArrayList.forEach(ArrayList.java:1596)

bloque3.Ej17_LogicaTest.estanteriaConMasStock -- Time elapsed: 0 s <<< ERROR!
java.lang.UnsupportedOperationException: Implementa el constructor
	at bloque3.Ej17_Logica.<init>(Ej17_Logica.java:19)
	at bloque3.Ej17_LogicaTest.estanteriaConMasStock(Ej17_LogicaTest.java:81)
	at java.base/java.lang.reflect.Method.invoke(Method.java:580)
	at java.base/java.util.ArrayList.forEach(ArrayList.java:1596)
	at java.base/java.util.ArrayList.forEach(ArrayList.java:1596)

bloque3.Ej17_LogicaTest.constructor_invalido -- Time elapsed: 0.001 s <<< FAILURE!
org.opentest4j.AssertionFailedError: Unexpected exception type thrown, expected: <java.lang.IllegalArgumentException> but was: <java.lang.UnsupportedOperationException>
	at org.junit.jupiter.api.AssertionFailureBuilder.build(AssertionFailureBuilder.java:151)
	at org.junit.jupiter.api.AssertThrows.assertThrows(AssertThrows.java:67)
	at org.junit.jupiter.api.AssertThrows.assertThrows(AssertThrows.java:35)
	at org.junit.jupiter.api.Assertions.assertThrows(Assertions.java:3115)
	at bloque3.Ej17_LogicaTest.constructor_invalido(Ej17_LogicaTest.java:19)
	at java.base/java.lang.reflect.Method.invoke(Method.java:580)
	at java.base/java.util.ArrayList.forEach(ArrayList.java:1596)
	at java.base/java.util.ArrayList.forEach(ArrayList.java:1596)
Caused by: java.lang.UnsupportedOperationException: Implementa el constructor
	at bloque3.Ej17_Logica.<init>(Ej17_Logica.java:19)
	at bloque3.Ej17_LogicaTest.lambda$constructor_invalido$0(Ej17_LogicaTest.java:19)
	at org.junit.jupiter.api.AssertThrows.assertThrows(AssertThrows.java:53)
	... 6 more

bloque3.Ej17_LogicaTest.almacenar_cantidadNeg -- Time elapsed: 0.001 s <<< ERROR!
java.lang.UnsupportedOperationException: Implementa el constructor
	at bloque3.Ej17_Logica.<init>(Ej17_Logica.java:19)
	at bloque3.Ej17_LogicaTest.almacenar_cantidadNeg(Ej17_LogicaTest.java:44)
	at java.base/java.lang.reflect.Method.invoke(Method.java:580)
	at java.base/java.util.ArrayList.forEach(ArrayList.java:1596)
	at java.base/java.util.ArrayList.forEach(ArrayList.java:1596)

bloque3.Ej17_LogicaTest.valorTotal -- Time elapsed: 0 s <<< ERROR!
java.lang.UnsupportedOperationException: Implementa el constructor
	at bloque3.Ej17_Logica.<init>(Ej17_Logica.java:19)
	at bloque3.Ej17_LogicaTest.valorTotal(Ej17_LogicaTest.java:66)
	at java.base/java.lang.reflect.Method.invoke(Method.java:580)
	at java.base/java.util.ArrayList.forEach(ArrayList.java:1596)
	at java.base/java.util.ArrayList.forEach(ArrayList.java:1596)

bloque3.Ej17_LogicaTest.constructor_precioNeg -- Time elapsed: 0.001 s <<< FAILURE!
org.opentest4j.AssertionFailedError: Unexpected exception type thrown, expected: <java.lang.IllegalArgumentException> but was: <java.lang.UnsupportedOperationException>
	at org.junit.jupiter.api.AssertionFailureBuilder.build(AssertionFailureBuilder.java:151)
	at org.junit.jupiter.api.AssertThrows.assertThrows(AssertThrows.java:67)
	at org.junit.jupiter.api.AssertThrows.assertThrows(AssertThrows.java:35)
	at org.junit.jupiter.api.Assertions.assertThrows(Assertions.java:3115)
	at bloque3.Ej17_LogicaTest.constructor_precioNeg(Ej17_LogicaTest.java:24)
	at java.base/java.lang.reflect.Method.invoke(Method.java:580)
	at java.base/java.util.ArrayList.forEach(ArrayList.java:1596)
	at java.base/java.util.ArrayList.forEach(ArrayList.java:1596)
Caused by: java.lang.UnsupportedOperationException: Implementa el constructor
	at bloque3.Ej17_Logica.<init>(Ej17_Logica.java:19)
	at bloque3.Ej17_LogicaTest.lambda$constructor_precioNeg$1(Ej17_LogicaTest.java:24)
	at org.junit.jupiter.api.AssertThrows.assertThrows(AssertThrows.java:53)
	... 6 more

bloque3.Ej17_LogicaTest.almacenar_valido -- Time elapsed: 0 s <<< ERROR!
java.lang.UnsupportedOperationException: Implementa el constructor
	at bloque3.Ej17_Logica.<init>(Ej17_Logica.java:19)
	at bloque3.Ej17_LogicaTest.almacenar_valido(Ej17_LogicaTest.java:29)
	at java.base/java.lang.reflect.Method.invoke(Method.java:580)
	at java.base/java.util.ArrayList.forEach(ArrayList.java:1596)
	at java.base/java.util.ArrayList.forEach(ArrayList.java:1596)

