-------------------------------------------------------------------------------
Test set: bloque3.Ej14_ExcepcionesTest
-------------------------------------------------------------------------------
Tests run: 10, Failures: 6, Errors: 2, Skipped: 0, Time elapsed: 0.009 s <<< FAILURE! -- in bloque3.Ej14_ExcepcionesTest
bloque3.Ej14_ExcepcionesTest.constructor_valido -- Time elapsed: 0.002 s <<< FAILURE!
org.opentest4j.AssertionFailedError: Unexpected exception thrown: java.lang.UnsupportedOperationException: Implementa el constructor
	at org.junit.jupiter.api.AssertionFailureBuilder.build(AssertionFailureBuilder.java:152)
	at org.junit.jupiter.api.AssertDoesNotThrow.createAssertionFailedError(AssertDoesNotThrow.java:84)
	at org.junit.jupiter.api.AssertDoesNotThrow.assertDoesNotThrow(AssertDoesNotThrow.java:75)
	at org.junit.jupiter.api.AssertDoesNotThrow.assertDoesNotThrow(AssertDoesNotThrow.java:58)
	at org.junit.jupiter.api.Assertions.assertDoesNotThrow(Assertions.java:3228)
	at bloque3.Ej14_ExcepcionesTest.constructor_valido(Ej14_ExcepcionesTest.java:12)
	at java.base/java.lang.reflect.Method.invoke(Method.java:580)
	at java.base/java.util.ArrayList.forEach(ArrayList.java:1596)
	at java.base/java.util.ArrayList.forEach(ArrayList.java:1596)
Caused by: java.lang.UnsupportedOperationException: Implementa el constructor
	at bloque3.Ej14_Excepciones.<init>(Ej14_Excepciones.java:27)
	at bloque3.Ej14_ExcepcionesTest.lambda$constructor_valido$0(Ej14_ExcepcionesTest.java:12)
	at org.junit.jupiter.api.AssertDoesNotThrow.assertDoesNotThrow(AssertDoesNotThrow.java:71)
	... 6 more

bloque3.Ej14_ExcepcionesTest.setSuave_fueraRango -- Time elapsed: 0 s <<< ERROR!
java.lang.UnsupportedOperationException: Implementa el constructor
	at bloque3.Ej14_Excepciones.<init>(Ej14_Excepciones.java:27)
	at bloque3.Ej14_ExcepcionesTest.setSuave_fueraRango(Ej14_ExcepcionesTest.java:58)
	at java.base/java.lang.reflect.Method.invoke(Method.java:580)
	at java.base/java.util.ArrayList.forEach(ArrayList.java:1596)
	at java.base/java.util.ArrayList.forEach(ArrayList.java:1596)

bloque3.Ej14_ExcepcionesTest.constructor_filasMax -- Time elapsed: 0.001 s <<< FAILURE!
org.opentest4j.AssertionFailedError: Unexpected exception type thrown, expected: <bloque3.Ej14_DimensionException> but was: <java.lang.UnsupportedOperationException>
	at org.junit.jupiter.api.AssertionFailureBuilder.build(AssertionFailureBuilder.java:151)
	at org.junit.jupiter.api.AssertThrows.assertThrows(AssertThrows.java:67)
	at org.junit.jupiter.api.AssertThrows.assertThrows(AssertThrows.java:35)
	at org.junit.jupiter.api.Assertions.assertThrows(Assertions.java:3115)
	at bloque3.Ej14_ExcepcionesTest.constructor_filasMax(Ej14_ExcepcionesTest.java:29)
	at java.base/java.lang.reflect.Method.invoke(Method.java:580)
	at java.base/java.util.ArrayList.forEach(ArrayList.java:1596)
	at java.base/java.util.ArrayList.forEach(ArrayList.java:1596)
Caused by: java.lang.UnsupportedOperationException: Implementa el constructor
	at bloque3.Ej14_Excepciones.<init>(Ej14_Excepciones.java:27)
	at bloque3.Ej14_ExcepcionesTest.lambda$constructor_filasMax$3(Ej14_ExcepcionesTest.java:30)
	at org.junit.jupiter.api.AssertThrows.assertThrows(AssertThrows.java:53)
	... 6 more

bloque3.Ej14_ExcepcionesTest.constructor_filasNeg -- Time elapsed: 0 s <<< FAILURE!
org.opentest4j.AssertionFailedError: Unexpected exception type thrown, expected: <bloque3.Ej14_DimensionException> but was: <java.lang.UnsupportedOperationException>
	at org.junit.jupiter.api.AssertionFailureBuilder.build(AssertionFailureBuilder.java:151)
	at org.junit.jupiter.api.AssertThrows.assertThrows(AssertThrows.java:67)
	at org.junit.jupiter.api.AssertThrows.assertThrows(AssertThrows.java:35)
	at org.junit.jupiter.api.Assertions.assertThrows(Assertions.java:3115)
	at bloque3.Ej14_ExcepcionesTest.constructor_filasNeg(Ej14_ExcepcionesTest.java:17)
	at java.base/java.lang.reflect.Method.invoke(Method.java:580)
	at java.base/java.util.ArrayList.forEach(ArrayList.java:1596)
	at java.base/java.util.ArrayList.forEach(ArrayList.java:1596)
Caused by: java.lang.UnsupportedOperationException: Implementa el constructor
	at bloque3.Ej14_Excepciones.<init>(Ej14_Excepciones.java:27)
	at bloque3.Ej14_ExcepcionesTest.lambda$constructor_filasNeg$1(Ej14_ExcepcionesTest.java:18)
	at org.junit.jupiter.api.AssertThrows.assertThrows(AssertThrows.java:53)
	... 6 more

bloque3.Ej14_ExcepcionesTest.crearSeguro_ok -- Time elapsed: 0.001 s <<< FAILURE!
org.opentest4j.AssertionFailedError: expected: not <null>
	at org.junit.jupiter.api.AssertionFailureBuilder.build(AssertionFailureBuilder.java:152)
	at org.junit.jupiter.api.AssertionFailureBuilder.buildAndThrow(AssertionFailureBuilder.java:132)
	at org.junit.jupiter.api.AssertNotNull.failNull(AssertNotNull.java:49)
	at org.junit.jupiter.api.AssertNotNull.assertNotNull(AssertNotNull.java:35)
	at org.junit.jupiter.api.AssertNotNull.assertNotNull(AssertNotNull.java:30)
	at org.junit.jupiter.api.Assertions.assertNotNull(Assertions.java:304)
	at bloque3.Ej14_ExcepcionesTest.crearSeguro_ok(Ej14_ExcepcionesTest.java:47)
	at java.base/java.lang.reflect.Method.invoke(Method.java:580)
	at java.base/java.util.ArrayList.forEach(ArrayList.java:1596)
	at java.base/java.util.ArrayList.forEach(ArrayList.java:1596)

bloque3.Ej14_ExcepcionesTest.constructor_colsMax -- Time elapsed: 0.001 s <<< FAILURE!
org.opentest4j.AssertionFailedError: Unexpected exception type thrown, expected: <bloque3.Ej14_DimensionException> but was: <java.lang.UnsupportedOperationException>
	at org.junit.jupiter.api.AssertionFailureBuilder.build(AssertionFailureBuilder.java:151)
	at org.junit.jupiter.api.AssertThrows.assertThrows(AssertThrows.java:67)
	at org.junit.jupiter.api.AssertThrows.assertThrows(AssertThrows.java:35)
	at org.junit.jupiter.api.Assertions.assertThrows(Assertions.java:3115)
	at bloque3.Ej14_ExcepcionesTest.constructor_colsMax(Ej14_ExcepcionesTest.java:36)
	at java.base/java.lang.reflect.Method.invoke(Method.java:580)
	at java.base/java.util.ArrayList.forEach(ArrayList.java:1596)
	at java.base/java.util.ArrayList.forEach(ArrayList.java:1596)
Caused by: java.lang.UnsupportedOperationException: Implementa el constructor
	at bloque3.Ej14_Excepciones.<init>(Ej14_Excepciones.java:27)
	at bloque3.Ej14_ExcepcionesTest.lambda$constructor_colsMax$4(Ej14_ExcepcionesTest.java:36)
	at org.junit.jupiter.api.AssertThrows.assertThrows(AssertThrows.java:53)
	... 6 more

bloque3.Ej14_ExcepcionesTest.constructor_colsNeg -- Time elapsed: 0.001 s <<< FAILURE!
org.opentest4j.AssertionFailedError: Unexpected exception type thrown, expected: <bloque3.Ej14_DimensionException> but was: <java.lang.UnsupportedOperationException>
	at org.junit.jupiter.api.AssertionFailureBuilder.build(AssertionFailureBuilder.java:151)
	at org.junit.jupiter.api.AssertThrows.assertThrows(AssertThrows.java:67)
	at org.junit.jupiter.api.AssertThrows.assertThrows(AssertThrows.java:35)
	at org.junit.jupiter.api.Assertions.assertThrows(Assertions.java:3115)
	at bloque3.Ej14_ExcepcionesTest.constructor_colsNeg(Ej14_ExcepcionesTest.java:24)
	at java.base/java.lang.reflect.Method.invoke(Method.java:580)
	at java.base/java.util.ArrayList.forEach(ArrayList.java:1596)
	at java.base/java.util.ArrayList.forEach(ArrayList.java:1596)
Caused by: java.lang.UnsupportedOperationException: Implementa el constructor
	at bloque3.Ej14_Excepciones.<init>(Ej14_Excepciones.java:27)
	at bloque3.Ej14_ExcepcionesTest.lambda$constructor_colsNeg$2(Ej14_ExcepcionesTest.java:24)
	at org.junit.jupiter.api.AssertThrows.assertThrows(AssertThrows.java:53)
	... 6 more

bloque3.Ej14_ExcepcionesTest.setEstricto_fueraRango -- Time elapsed: 0 s <<< ERROR!
java.lang.UnsupportedOperationException: Implementa el constructor
	at bloque3.Ej14_Excepciones.<init>(Ej14_Excepciones.java:27)
	at bloque3.Ej14_ExcepcionesTest.setEstricto_fueraRango(Ej14_ExcepcionesTest.java:52)
	at java.base/java.lang.reflect.Method.invoke(Method.java:580)
	at java.base/java.util.ArrayList.forEach(ArrayList.java:1596)
	at java.base/java.util.ArrayList.forEach(ArrayList.java:1596)

