-------------------------------------------------------------------------------
Test set: bloque4.Ej19_ProductoTest
-------------------------------------------------------------------------------
Tests run: 9, Failures: 3, Errors: 6, Skipped: 0, Time elapsed: 0.010 s <<< FAILURE! -- in bloque4.Ej19_ProductoTest
bloque4.Ej19_ProductoTest.constructor_idNeg -- Time elapsed: 0.003 s <<< FAILURE!
org.opentest4j.AssertionFailedError: Unexpected exception type thrown, expected: <java.lang.IllegalArgumentException> but was: <java.lang.UnsupportedOperationException>
	at org.junit.jupiter.api.AssertionFailureBuilder.build(AssertionFailureBuilder.java:151)
	at org.junit.jupiter.api.AssertThrows.assertThrows(AssertThrows.java:67)
	at org.junit.jupiter.api.AssertThrows.assertThrows(AssertThrows.java:35)
	at org.junit.jupiter.api.Assertions.assertThrows(Assertions.java:3115)
	at bloque4.Ej19_ProductoTest.constructor_idNeg(Ej19_ProductoTest.java:22)
	at java.base/java.lang.reflect.Method.invoke(Method.java:580)
	at java.base/java.util.ArrayList.forEach(ArrayList.java:1596)
	at java.base/java.util.ArrayList.forEach(ArrayList.java:1596)
Caused by: java.lang.UnsupportedOperationException: Implementa el constructor
	at bloque4.Ej19_Producto.<init>(Ej19_Producto.java:17)
	at bloque4.Ej19_ProductoTest.lambda$constructor_idNeg$0(Ej19_ProductoTest.java:23)
	at org.junit.jupiter.api.AssertThrows.assertThrows(AssertThrows.java:53)
	... 6 more

bloque4.Ej19_ProductoTest.constructor -- Time elapsed: 0.001 s <<< ERROR!
java.lang.UnsupportedOperationException: Implementa el constructor
	at bloque4.Ej19_Producto.<init>(Ej19_Producto.java:17)
	at bloque4.Ej19_ProductoTest.constructor(Ej19_ProductoTest.java:12)
	at java.base/java.lang.reflect.Method.invoke(Method.java:580)
	at java.base/java.util.ArrayList.forEach(ArrayList.java:1596)
	at java.base/java.util.ArrayList.forEach(ArrayList.java:1596)

bloque4.Ej19_ProductoTest.constructor_nombreVacio -- Time elapsed: 0.001 s <<< FAILURE!
org.opentest4j.AssertionFailedError: Unexpected exception type thrown, expected: <java.lang.IllegalArgumentException> but was: <java.lang.UnsupportedOperationException>
	at org.junit.jupiter.api.AssertionFailureBuilder.build(AssertionFailureBuilder.java:151)
	at org.junit.jupiter.api.AssertThrows.assertThrows(AssertThrows.java:67)
	at org.junit.jupiter.api.AssertThrows.assertThrows(AssertThrows.java:35)
	at org.junit.jupiter.api.Assertions.assertThrows(Assertions.java:3115)
	at bloque4.Ej19_ProductoTest.constructor_nombreVacio(Ej19_ProductoTest.java:28)
	at java.base/java.lang.reflect.Method.invoke(Method.java:580)
	at java.base/java.util.ArrayList.forEach(ArrayList.java:1596)
	at java.base/java.util.ArrayList.forEach(ArrayList.java:1596)
Caused by: java.lang.UnsupportedOperationException: Implementa el constructor
	at bloque4.Ej19_Producto.<init>(Ej19_Producto.java:17)
	at bloque4.Ej19_ProductoTest.lambda$constructor_nombreVacio$1(Ej19_ProductoTest.java:29)
	at org.junit.jupiter.api.AssertThrows.assertThrows(AssertThrows.java:53)
	... 6 more

bloque4.Ej19_ProductoTest.almacenarFuera -- Time elapsed: 0.001 s <<< ERROR!
java.lang.UnsupportedOperationException: Implementa el constructor
	at bloque4.Ej19_Producto.<init>(Ej19_Producto.java:17)
	at bloque4.Ej19_ProductoTest.almacenarFuera(Ej19_ProductoTest.java:60)
	at java.base/java.lang.reflect.Method.invoke(Method.java:580)
	at java.base/java.util.ArrayList.forEach(ArrayList.java:1596)
	at java.base/java.util.ArrayList.forEach(ArrayList.java:1596)

bloque4.Ej19_ProductoTest.stockTrasAlmacenar -- Time elapsed: 0 s <<< ERROR!
java.lang.UnsupportedOperationException: Implementa el constructor
	at bloque4.Ej19_Producto.<init>(Ej19_Producto.java:17)
	at bloque4.Ej19_ProductoTest.stockTrasAlmacenar(Ej19_ProductoTest.java:45)
	at java.base/java.lang.reflect.Method.invoke(Method.java:580)
	at java.base/java.util.ArrayList.forEach(ArrayList.java:1596)
	at java.base/java.util.ArrayList.forEach(ArrayList.java:1596)

bloque4.Ej19_ProductoTest.valorTotal -- Time elapsed: 0 s <<< ERROR!
java.lang.UnsupportedOperationException: Implementa el constructor
	at bloque4.Ej19_Producto.<init>(Ej19_Producto.java:17)
	at bloque4.Ej19_ProductoTest.valorTotal(Ej19_ProductoTest.java:53)
	at java.base/java.lang.reflect.Method.invoke(Method.java:580)
	at java.base/java.util.ArrayList.forEach(ArrayList.java:1596)
	at java.base/java.util.ArrayList.forEach(ArrayList.java:1596)

bloque4.Ej19_ProductoTest.retirarSinStock -- Time elapsed: 0.001 s <<< ERROR!
java.lang.UnsupportedOperationException: Implementa el constructor
	at bloque4.Ej19_Producto.<init>(Ej19_Producto.java:17)
	at bloque4.Ej19_ProductoTest.retirarSinStock(Ej19_ProductoTest.java:65)
	at java.base/java.lang.reflect.Method.invoke(Method.java:580)
	at java.base/java.util.ArrayList.forEach(ArrayList.java:1596)
	at java.base/java.util.ArrayList.forEach(ArrayList.java:1596)

bloque4.Ej19_ProductoTest.stockInicial -- Time elapsed: 0.001 s <<< ERROR!
java.lang.UnsupportedOperationException: Implementa el constructor
	at bloque4.Ej19_Producto.<init>(Ej19_Producto.java:17)
	at bloque4.Ej19_ProductoTest.stockInicial(Ej19_ProductoTest.java:40)
	at java.base/java.lang.reflect.Method.invoke(Method.java:580)
	at java.base/java.util.ArrayList.forEach(ArrayList.java:1596)
	at java.base/java.util.ArrayList.forEach(ArrayList.java:1596)

bloque4.Ej19_ProductoTest.constructor_precioNeg -- Time elapsed: 0.001 s <<< FAILURE!
org.opentest4j.AssertionFailedError: Unexpected exception type thrown, expected: <java.lang.IllegalArgumentException> but was: <java.lang.UnsupportedOperationException>
	at org.junit.jupiter.api.AssertionFailureBuilder.build(AssertionFailureBuilder.java:151)
	at org.junit.jupiter.api.AssertThrows.assertThrows(AssertThrows.java:67)
	at org.junit.jupiter.api.AssertThrows.assertThrows(AssertThrows.java:35)
	at org.junit.jupiter.api.Assertions.assertThrows(Assertions.java:3115)
	at bloque4.Ej19_ProductoTest.constructor_precioNeg(Ej19_ProductoTest.java:34)
	at java.base/java.lang.reflect.Method.invoke(Method.java:580)
	at java.base/java.util.ArrayList.forEach(ArrayList.java:1596)
	at java.base/java.util.ArrayList.forEach(ArrayList.java:1596)
Caused by: java.lang.UnsupportedOperationException: Implementa el constructor
	at bloque4.Ej19_Producto.<init>(Ej19_Producto.java:17)
	at bloque4.Ej19_ProductoTest.lambda$constructor_precioNeg$2(Ej19_ProductoTest.java:35)
	at org.junit.jupiter.api.AssertThrows.assertThrows(AssertThrows.java:53)
	... 6 more

