-------------------------------------------------------------------------------
Test set: bloque4.Ej23_IntegracionTest
-------------------------------------------------------------------------------
Tests run: 7, Failures: 0, Errors: 7, Skipped: 0, Time elapsed: 0.008 s <<< FAILURE! -- in bloque4.Ej23_IntegracionTest
bloque4.Ej23_IntegracionTest.constructor -- Time elapsed: 0.002 s <<< ERROR!
java.lang.UnsupportedOperationException: Implementa el constructor
	at bloque4.Ej23_Integracion.<init>(Ej23_Integracion.java:70)
	at bloque4.Ej23_IntegracionTest.constructor(Ej23_IntegracionTest.java:12)
	at java.base/java.lang.reflect.Method.invoke(Method.java:580)
	at java.base/java.util.ArrayList.forEach(ArrayList.java:1596)
	at java.base/java.util.ArrayList.forEach(ArrayList.java:1596)

bloque4.Ej23_IntegracionTest.buscar -- Time elapsed: 0.001 s <<< ERROR!
java.lang.UnsupportedOperationException: Implementa el constructor
	at bloque4.Ej23_Integracion.<init>(Ej23_Integracion.java:70)
	at bloque4.Ej23_IntegracionTest.buscar(Ej23_IntegracionTest.java:18)
	at java.base/java.lang.reflect.Method.invoke(Method.java:580)
	at java.base/java.util.ArrayList.forEach(ArrayList.java:1596)
	at java.base/java.util.ArrayList.forEach(ArrayList.java:1596)

bloque4.Ej23_IntegracionTest.reservarLiberar -- Time elapsed: 0.002 s <<< ERROR!
java.lang.UnsupportedOperationException: Implementa el constructor
	at bloque4.Ej23_Integracion$Sesion.<init>(Ej23_Integracion.java:24)
	at bloque4.Ej23_IntegracionTest.reservarLiberar(Ej23_IntegracionTest.java:30)
	at java.base/java.lang.reflect.Method.invoke(Method.java:580)
	at java.base/java.util.ArrayList.forEach(ArrayList.java:1596)
	at java.base/java.util.ArrayList.forEach(ArrayList.java:1596)

bloque4.Ej23_IntegracionTest.recaudacion -- Time elapsed: 0.001 s <<< ERROR!
java.lang.UnsupportedOperationException: Implementa el constructor
	at bloque4.Ej23_Integracion$Sesion.<init>(Ej23_Integracion.java:24)
	at bloque4.Ej23_IntegracionTest.recaudacion(Ej23_IntegracionTest.java:48)
	at java.base/java.lang.reflect.Method.invoke(Method.java:580)
	at java.base/java.util.ArrayList.forEach(ArrayList.java:1596)
	at java.base/java.util.ArrayList.forEach(ArrayList.java:1596)

bloque4.Ej23_IntegracionTest.buscar_null -- Time elapsed: 0 s <<< ERROR!
java.lang.UnsupportedOperationException: Implementa el constructor
	at bloque4.Ej23_Integracion.<init>(Ej23_Integracion.java:70)
	at bloque4.Ej23_IntegracionTest.buscar_null(Ej23_IntegracionTest.java:25)
	at java.base/java.lang.reflect.Method.invoke(Method.java:580)
	at java.base/java.util.ArrayList.forEach(ArrayList.java:1596)
	at java.base/java.util.ArrayList.forEach(ArrayList.java:1596)

bloque4.Ej23_IntegracionTest.fueraRango -- Time elapsed: 0 s <<< ERROR!
java.lang.UnsupportedOperationException: Implementa el constructor
	at bloque4.Ej23_Integracion$Sesion.<init>(Ej23_Integracion.java:24)
	at bloque4.Ej23_IntegracionTest.fueraRango(Ej23_IntegracionTest.java:41)
	at java.base/java.lang.reflect.Method.invoke(Method.java:580)
	at java.base/java.util.ArrayList.forEach(ArrayList.java:1596)
	at java.base/java.util.ArrayList.forEach(ArrayList.java:1596)

bloque4.Ej23_IntegracionTest.recaudacionTotal -- Time elapsed: 0 s <<< ERROR!
java.lang.UnsupportedOperationException: Implementa el constructor
	at bloque4.Ej23_Integracion.<init>(Ej23_Integracion.java:70)
	at bloque4.Ej23_IntegracionTest.recaudacionTotal(Ej23_IntegracionTest.java:56)
	at java.base/java.lang.reflect.Method.invoke(Method.java:580)
	at java.base/java.util.ArrayList.forEach(ArrayList.java:1596)
	at java.base/java.util.ArrayList.forEach(ArrayList.java:1596)

