<?xml version="1.0" encoding="UTF-8"?>
<testsuite xmlns:xsi="http://www.w3.org/2001/XMLSchema-instance" xsi:noNamespaceSchemaLocation="https://maven.apache.org/surefire/maven-surefire-plugin/xsd/surefire-test-report-3.0.xsd" version="3.0" name="bloque5.Ej30_BossFinalTest" time="0.014" tests="16" errors="10" skipped="0" failures="4">
  <properties>
[...]
</properties>
  <testcase name="sesion_fueraRango" classname="bloque5.Ej30_BossFinalTest" time="0.003">
    <error message="Implementa constructor SesionCine" type="java.lang.UnsupportedOperationException"><![CDATA[java.lang.UnsupportedOperationException: Implementa constructor SesionCine
	at bloque5.Ej30_BossFinal$SesionCine.<init>(Ej30_BossFinal.java:55)
	at bloque5.Ej30_BossFinalTest.sesion_fueraRango(Ej30_BossFinalTest.java:72)
	at java.base/java.lang.reflect.Method.invoke(Method.java:580)
	at java.base/java.util.ArrayList.forEach(ArrayList.java:1596)
	at java.base/java.util.ArrayList.forEach(ArrayList.java:1596)
]]></error>
  </testcase>
  <testcase name="sesion_mostrar" classname="bloque5.Ej30_BossFinalTest" time="0.0">
    <error message="Implementa constructor SesionCine" type="java.lang.UnsupportedOperationException"><![CDATA[java.lang.UnsupportedOperationException: Implementa constructor SesionCine
	at bloque5.Ej30_BossFinal$SesionCine.<init>(Ej30_BossFinal.java:55)
	at bloque5.Ej30_BossFinalTest.sesion_mostrar(Ej30_BossFinalTest.java:121)
	at java.base/java.lang.reflect.Method.invoke(Method.java:580)
	at java.base/java.util.ArrayList.forEach(ArrayList.java:1596)
	at java.base/java.util.ArrayList.forEach(ArrayList.java:1596)
]]></error>
  </testcase>
  <testcase name="butaca_liberar" classname="bloque5.Ej30_BossFinalTest" time="0.001">
    <error message="Implementa constructor Butaca" type="java.lang.UnsupportedOperationException"><![CDATA[java.lang.UnsupportedOperationException: Implementa constructor Butaca
	at bloque5.Ej30_BossFinal$Butaca.<init>(Ej30_BossFinal.java:29)
	at bloque5.Ej30_BossFinalTest.butaca_liberar(Ej30_BossFinalTest.java:37)
	at java.base/java.lang.reflect.Method.invoke(Method.java:580)
	at java.base/java.util.ArrayList.forEach(ArrayList.java:1596)
	at java.base/java.util.ArrayList.forEach(ArrayList.java:1596)
]]></error>
  </testcase>
  <testcase name="sesion_valida" classname="bloque5.Ej30_BossFinalTest" time="0.001">
    <error message="Implementa constructor SesionCine" type="java.lang.UnsupportedOperationException"><![CDATA[java.lang.UnsupportedOperationException: Implementa constructor SesionCine
	at bloque5.Ej30_BossFinal$SesionCine.<init>(Ej30_BossFinal.java:55)
	at bloque5.Ej30_BossFinalTest.sesion_valida(Ej30_BossFinalTest.java:47)
	at java.base/java.lang.reflect.Method.invoke(Method.java:580)
	at java.base/java.util.ArrayList.forEach(ArrayList.java:1596)
	at java.base/java.util.ArrayList.forEach(ArrayList.java:1596)
]]></error>
  </testcase>
  <testcase name="errorHerencia" classname="bloque5.Ej30_BossFinalTest" time="0.001"/>
  <testcase name="butaca_reservar" classname="bloque5.Ej30_BossFinalTest" time="0.001">
    <error message="Implementa constructor Butaca" type="java.lang.UnsupportedOperationException"><![CDATA[java.lang.UnsupportedOperationException: Implementa constructor Butaca
	at bloque5.Ej30_BossFinal$Butaca.<init>(Ej30_BossFinal.java:29)
	at bloque5.Ej30_BossFinalTest.butaca_reservar(Ej30_BossFinalTest.java:29)
	at java.base/java.lang.reflect.Method.invoke(Method.java:580)
	at java.base/java.util.ArrayList.forEach(ArrayList.java:1596)
	at java.base/java.util.ArrayList.forEach(ArrayList.java:1596)
]]></error>
  </testcase>
  <testcase name="sesion_recaudacion" classname="bloque5.Ej30_BossFinalTest" time="0.0">
    <error message="Implementa constructor SesionCine" type="java.lang.UnsupportedOperationException"><![CDATA[java.lang.UnsupportedOperationException: Implementa constructor SesionCine
	at bloque5.Ej30_BossFinal$SesionCine.<init>(Ej30_BossFinal.java:55)
	at bloque5.Ej30_BossFinalTest.sesion_recaudacion(Ej30_BossFinalTest.java:78)
	at java.base/java.lang.reflect.Method.invoke(Method.java:580)
	at java.base/java.util.ArrayList.forEach(ArrayList.java:1596)
	at java.base/java.util.ArrayList.forEach(ArrayList.java:1596)
]]></error>
  </testcase>
  <testcase name="dao_carga" classname="bloque5.Ej30_BossFinalTest" time="0.0">
    <failure message="expected: &lt;3&gt; but was: &lt;0&gt;" type="org.opentest4j.AssertionFailedError"><![CDATA[org.opentest4j.AssertionFailedError: expected: <3> but was: <0>
	at org.junit.jupiter.api.AssertionFailureBuilder.build(AssertionFailureBuilder.java:151)
	at org.junit.jupiter.api.AssertionFailureBuilder.buildAndThrow(AssertionFailureBuilder.java:132)
	at org.junit.jupiter.api.AssertEquals.failNotEqual(AssertEquals.java:197)
	at org.junit.jupiter.api.AssertEquals.assertEquals(AssertEquals.java:150)
	at org.junit.jupiter.api.AssertEquals.assertEquals(AssertEquals.java:145)
	at org.junit.jupiter.api.Assertions.assertEquals(Assertions.java:531)
	at bloque5.Ej30_BossFinalTest.dao_carga(Ej30_BossFinalTest.java:94)
	at java.base/java.lang.reflect.Method.invoke(Method.java:580)
	at java.base/java.util.ArrayList.forEach(ArrayList.java:1596)
	at java.base/java.util.ArrayList.forEach(ArrayList.java:1596)
]]></failure>
  </testcase>
  <testcase name="dao_buscar" classname="bloque5.Ej30_BossFinalTest" time="0.001">
    <failure message="expected: not &lt;null&gt;" type="org.opentest4j.AssertionFailedError"><![CDATA[org.opentest4j.AssertionFailedError: expected: not <null>
	at org.junit.jupiter.api.AssertionFailureBuilder.build(AssertionFailureBuilder.java:152)
	at org.junit.jupiter.api.AssertionFailureBuilder.buildAndThrow(AssertionFailureBuilder.java:132)
	at org.junit.jupiter.api.AssertNotNull.failNull(AssertNotNull.java:49)
	at org.junit.jupiter.api.AssertNotNull.assertNotNull(AssertNotNull.java:35)
	at org.junit.jupiter.api.AssertNotNull.assertNotNull(AssertNotNull.java:30)
	at org.junit.jupiter.api.Assertions.assertNotNull(Assertions.java:304)
	at bloque5.Ej30_BossFinalTest.dao_buscar(Ej30_BossFinalTest.java:97)
	at java.base/java.lang.reflect.Method.invoke(Method.java:580)
	at java.base/java.util.ArrayList.forEach(ArrayList.java:1596)
	at java.base/java.util.ArrayList.forEach(ArrayList.java:1596)
]]></failure>
  </testcase>
  <testcase name="butaca_inicial" classname="bloque5.Ej30_BossFinalTest" time="0.001">
    <error message="Implementa constructor Butaca" type="java.lang.UnsupportedOperationException"><![CDATA[java.lang.UnsupportedOperationException: Implementa constructor Butaca
	at bloque5.Ej30_BossFinal$Butaca.<init>(Ej30_BossFinal.java:29)
	at bloque5.Ej30_BossFinalTest.butaca_inicial(Ej30_BossFinalTest.java:22)
	at java.base/java.lang.reflect.Method.invoke(Method.java:580)
	at java.base/java.util.ArrayList.forEach(ArrayList.java:1596)
	at java.base/java.util.ArrayList.forEach(ArrayList.java:1596)
]]></error>
  </testcase>
  <testcase name="sesion_butacasIndep" classname="bloque5.Ej30_BossFinalTest" time="0.0">
    <error message="Implementa constructor SesionCine" type="java.lang.UnsupportedOperationException"><![CDATA[java.lang.UnsupportedOperationException: Implementa constructor SesionCine
	at bloque5.Ej30_BossFinal$SesionCine.<init>(Ej30_BossFinal.java:55)
	at bloque5.Ej30_BossFinalTest.sesion_butacasIndep(Ej30_BossFinalTest.java:86)
	at java.base/java.lang.reflect.Method.invoke(Method.java:580)
	at java.base/java.util.ArrayList.forEach(ArrayList.java:1596)
	at java.base/java.util.ArrayList.forEach(ArrayList.java:1596)
]]></error>
  </testcase>
  <testcase name="dao_recaudacion" classname="bloque5.Ej30_BossFinalTest" time="0.001">
    <error message="Cannot invoke &quot;bloque5.Ej30_BossFinal$SesionCine.reservarButaca(int, int)&quot; because the return value of &quot;bloque5.Ej30_BossFinal.buscarSesion(int)&quot; is null" type="java.lang.NullPointerException"><![CDATA[java.lang.NullPointerException: Cannot invoke "bloque5.Ej30_BossFinal$SesionCine.reservarButaca(int, int)" because the return value of "bloque5.Ej30_BossFinal.buscarSesion(int)" is null
	at bloque5.Ej30_BossFinalTest.dao_recaudacion(Ej30_BossFinalTest.java:115)
	at java.base/java.lang.reflect.Method.invoke(Method.java:580)
	at java.base/java.util.ArrayList.forEach(ArrayList.java:1596)
	at java.base/java.util.ArrayList.forEach(ArrayList.java:1596)
]]></error>
  </testcase>
  <testcase name="dao_buscar_null" classname="bloque5.Ej30_BossFinalTest" time="0.0"/>
  <testcase name="dao_liberarGlobal" classname="bloque5.Ej30_BossFinalTest" time="0.0">
    <failure message="expected: not &lt;null&gt;" type="org.opentest4j.AssertionFailedError"><![CDATA[org.opentest4j.AssertionFailedError: expected: not <null>
	at org.junit.jupiter.api.AssertionFailureBuilder.build(AssertionFailureBuilder.java:152)
	at org.junit.jupiter.api.AssertionFailureBuilder.buildAndThrow(AssertionFailureBuilder.java:132)
	at org.junit.jupiter.api.AssertNotNull.failNull(AssertNotNull.java:49)
	at org.junit.jupiter.api.AssertNotNull.assertNotNull(AssertNotNull.java:35)
	at org.junit.jupiter.api.AssertNotNull.assertNotNull(AssertNotNull.java:30)
	at org.junit.jupiter.api.Assertions.assertNotNull(Assertions.java:304)
	at bloque5.Ej30_BossFinalTest.dao_liberarGlobal(Ej30_BossFinalTest.java:105)
	at java.base/java.lang.reflect.Method.invoke(Method.java:580)
	at java.base/java.util.ArrayList.forEach(ArrayList.java:1596)
	at java.base/java.util.ArrayList.forEach(ArrayList.java:1596)
]]></failure>
  </testcase>
  <testcase name="sesion_invalida" classname="bloque5.Ej30_BossFinalTest" time="0.001">
    <failure message="Unexpected exception type thrown, expected: &lt;bloque5.Ej30_BossFinal.ErrorAsientos&gt; but was: &lt;java.lang.UnsupportedOperationException&gt;" type="org.opentest4j.AssertionFailedError"><![CDATA[org.opentest4j.AssertionFailedError: Unexpected exception type thrown, expected: <bloque5.Ej30_BossFinal.ErrorAsientos> but was: <java.lang.UnsupportedOperationException>
	at org.junit.jupiter.api.AssertionFailureBuilder.build(AssertionFailureBuilder.java:151)
	at org.junit.jupiter.api.AssertThrows.assertThrows(AssertThrows.java:67)
	at org.junit.jupiter.api.AssertThrows.assertThrows(AssertThrows.java:35)
	at org.junit.jupiter.api.Assertions.assertThrows(Assertions.java:3115)
	at bloque5.Ej30_BossFinalTest.sesion_invalida(Ej30_BossFinalTest.java:54)
	at java.base/java.lang.reflect.Method.invoke(Method.java:580)
	at java.base/java.util.ArrayList.forEach(ArrayList.java:1596)
	at java.base/java.util.ArrayList.forEach(ArrayList.java:1596)
Caused by: java.lang.UnsupportedOperationException: Implementa constructor SesionCine
	at bloque5.Ej30_BossFinal$SesionCine.<init>(Ej30_BossFinal.java:55)
	at bloque5.Ej30_BossFinalTest.lambda$sesion_invalida$0(Ej30_BossFinalTest.java:55)
	at org.junit.jupiter.api.AssertThrows.assertThrows(AssertThrows.java:53)
	... 6 more
]]></failure>
  </testcase>
  <testcase name="sesion_reservarLiberar" classname="bloque5.Ej30_BossFinalTest" time="0.0">
    <error message="Implementa constructor SesionCine" type="java.lang.UnsupportedOperationException"><![CDATA[java.lang.UnsupportedOperationException: Implementa constructor SesionCine
	at bloque5.Ej30_BossFinal$SesionCine.<init>(Ej30_BossFinal.java:55)
	at bloque5.Ej30_BossFinalTest.sesion_reservarLiberar(Ej30_BossFinalTest.java:62)
	at java.base/java.lang.reflect.Method.invoke(Method.java:580)
	at java.base/java.util.ArrayList.forEach(ArrayList.java:1596)
	at java.base/java.util.ArrayList.forEach(ArrayList.java:1596)
]]></error>
  </testcase>
</testsuite>