<?xml version="1.0" encoding="UTF-8"?>
<testsuite xmlns:xsi="http://www.w3.org/2001/XMLSchema-instance" xsi:noNamespaceSchemaLocation="https://maven.apache.org/surefire/maven-surefire-plugin/xsd/surefire-test-report-3.0.xsd" version="3.0" name="bloque5.Ej25_HotelTest" time="0.007" tests="6" errors="6" skipped="0" failures="0">
  <properties>
[...]
</properties>
  <testcase name="masDisponibilidad" classname="bloque5.Ej25_HotelTest" time="0.004">
    <error message="Implementa constructor DAO" type="java.lang.UnsupportedOperationException"><![CDATA[java.lang.UnsupportedOperationException: Implementa constructor DAO
	at bloque5.Ej25_Hotel.<init>(Ej25_Hotel.java:68)
	at bloque5.Ej25_HotelTest.masDisponibilidad(Ej25_HotelTest.java:51)
	at java.base/java.lang.reflect.Method.invoke(Method.java:580)
	at java.base/java.util.ArrayList.forEach(ArrayList.java:1596)
	at java.base/java.util.ArrayList.forEach(ArrayList.java:1596)
]]></error>
  </testcase>
  <testcase name="checkin_ocupado" classname="bloque5.Ej25_HotelTest" time="0.001">
    <error message="Implementa constructor" type="java.lang.UnsupportedOperationException"><![CDATA[java.lang.UnsupportedOperationException: Implementa constructor
	at bloque5.Ej25_Hotel$Habitacion.<init>(Ej25_Hotel.java:24)
	at bloque5.Ej25_HotelTest.checkin_ocupado(Ej25_HotelTest.java:22)
	at java.base/java.lang.reflect.Method.invoke(Method.java:580)
	at java.base/java.util.ArrayList.forEach(ArrayList.java:1596)
	at java.base/java.util.ArrayList.forEach(ArrayList.java:1596)
]]></error>
  </testcase>
  <testcase name="dao" classname="bloque5.Ej25_HotelTest" time="0.0">
    <error message="Implementa constructor DAO" type="java.lang.UnsupportedOperationException"><![CDATA[java.lang.UnsupportedOperationException: Implementa constructor DAO
	at bloque5.Ej25_Hotel.<init>(Ej25_Hotel.java:68)
	at bloque5.Ej25_HotelTest.dao(Ej25_HotelTest.java:45)
	at java.base/java.lang.reflect.Method.invoke(Method.java:580)
	at java.base/java.util.ArrayList.forEach(ArrayList.java:1596)
	at java.base/java.util.ArrayList.forEach(ArrayList.java:1596)
]]></error>
  </testcase>
  <testcase name="checkin" classname="bloque5.Ej25_HotelTest" time="0.0">
    <error message="Implementa constructor" type="java.lang.UnsupportedOperationException"><![CDATA[java.lang.UnsupportedOperationException: Implementa constructor
	at bloque5.Ej25_Hotel$Habitacion.<init>(Ej25_Hotel.java:24)
	at bloque5.Ej25_HotelTest.checkin(Ej25_HotelTest.java:15)
	at java.base/java.lang.reflect.Method.invoke(Method.java:580)
	at java.base/java.util.ArrayList.forEach(ArrayList.java:1596)
	at java.base/java.util.ArrayList.forEach(ArrayList.java:1596)
]]></error>
  </testcase>
  <testcase name="checkout" classname="bloque5.Ej25_HotelTest" time="0.001">
    <error message="Implementa constructor" type="java.lang.UnsupportedOperationException"><![CDATA[java.lang.UnsupportedOperationException: Implementa constructor
	at bloque5.Ej25_Hotel$Habitacion.<init>(Ej25_Hotel.java:24)
	at bloque5.Ej25_HotelTest.checkout(Ej25_HotelTest.java:29)
	at java.base/java.lang.reflect.Method.invoke(Method.java:580)
	at java.base/java.util.ArrayList.forEach(ArrayList.java:1596)
	at java.base/java.util.ArrayList.forEach(ArrayList.java:1596)
]]></error>
  </testcase>
  <testcase name="ocupacion" classname="bloque5.Ej25_HotelTest" time="0.0">
    <error message="Implementa constructor" type="java.lang.UnsupportedOperationException"><![CDATA[java.lang.UnsupportedOperationException: Implementa constructor
	at bloque5.Ej25_Hotel$Habitacion.<init>(Ej25_Hotel.java:24)
	at bloque5.Ej25_HotelTest.ocupacion(Ej25_HotelTest.java:37)
	at java.base/java.lang.reflect.Method.invoke(Method.java:580)
	at java.base/java.util.ArrayList.forEach(ArrayList.java:1596)
	at java.base/java.util.ArrayList.forEach(ArrayList.java:1596)
]]></error>
  </testcase>
</testsuite>