-------------------------------------------------------------------------------
Test set: com.masterclass.nivel2_default_static_methods.Ejercicio10_SobreescribirDefaultTest
-------------------------------------------------------------------------------
Tests run: 4, Failures: 0, Errors: 4, Skipped: 0, Time elapsed: 0.013 s <<< FAILURE! -- in com.masterclass.nivel2_default_static_methods.Ejercicio10_SobreescribirDefaultTest
com.masterclass.nivel2_default_static_methods.Ejercicio10_SobreescribirDefaultTest.saludadorVIPSobreescribe -- Time elapsed: 0.003 s <<< ERROR!
java.lang.UnsupportedOperationException: ¡Implementa tu solución aquí!
	at com.masterclass.nivel2_default_static_methods.Ejercicio10_SobreescribirDefault.crearSaludadorVIP(Ejercicio10_SobreescribirDefault.java:44)
	at com.masterclass.nivel2_default_static_methods.Ejercicio10_SobreescribirDefaultTest.saludadorVIPSobreescribe(Ejercicio10_SobreescribirDefaultTest.java:30)
	at java.base/java.lang.reflect.Method.invoke(Method.java:565)
	at java.base/java.util.ArrayList.forEach(ArrayList.java:1604)
	at java.base/java.util.ArrayList.forEach(ArrayList.java:1604)

com.masterclass.nivel2_default_static_methods.Ejercicio10_SobreescribirDefaultTest.debeObtenerSaludos -- Time elapsed: 0.002 s <<< ERROR!
java.lang.UnsupportedOperationException: ¡Implementa tu solución aquí!
	at com.masterclass.nivel2_default_static_methods.Ejercicio10_SobreescribirDefault.crearSaludadorNormal(Ejercicio10_SobreescribirDefault.java:36)
	at com.masterclass.nivel2_default_static_methods.Ejercicio10_SobreescribirDefaultTest.debeObtenerSaludos(Ejercicio10_SobreescribirDefaultTest.java:38)
	at java.base/java.lang.reflect.Method.invoke(Method.java:565)
	at java.base/java.util.ArrayList.forEach(ArrayList.java:1604)
	at java.base/java.util.ArrayList.forEach(ArrayList.java:1604)

com.masterclass.nivel2_default_static_methods.Ejercicio10_SobreescribirDefaultTest.saludadorNormalUsaDefault -- Time elapsed: 0.001 s <<< ERROR!
java.lang.UnsupportedOperationException: ¡Implementa tu solución aquí!
	at com.masterclass.nivel2_default_static_methods.Ejercicio10_SobreescribirDefault.crearSaludadorNormal(Ejercicio10_SobreescribirDefault.java:36)
	at com.masterclass.nivel2_default_static_methods.Ejercicio10_SobreescribirDefaultTest.saludadorNormalUsaDefault(Ejercicio10_SobreescribirDefaultTest.java:16)
	at java.base/java.lang.reflect.Method.invoke(Method.java:565)
	at java.base/java.util.ArrayList.forEach(ArrayList.java:1604)
	at java.base/java.util.ArrayList.forEach(ArrayList.java:1604)

com.masterclass.nivel2_default_static_methods.Ejercicio10_SobreescribirDefaultTest.saludadorNormalNombre -- Time elapsed: 0.001 s <<< ERROR!
java.lang.UnsupportedOperationException: ¡Implementa tu solución aquí!
	at com.masterclass.nivel2_default_static_methods.Ejercicio10_SobreescribirDefault.crearSaludadorNormal(Ejercicio10_SobreescribirDefault.java:36)
	at com.masterclass.nivel2_default_static_methods.Ejercicio10_SobreescribirDefaultTest.saludadorNormalNombre(Ejercicio10_SobreescribirDefaultTest.java:23)
	at java.base/java.lang.reflect.Method.invoke(Method.java:565)
	at java.base/java.util.ArrayList.forEach(ArrayList.java:1604)
	at java.base/java.util.ArrayList.forEach(ArrayList.java:1604)

