-------------------------------------------------------------------------------
Test set: com.masterclass.nivel6_excepciones_unchecked.Ejercicio44_PrevencionNPETest
-------------------------------------------------------------------------------
Tests run: 5, Failures: 1, Errors: 4, Skipped: 0, Time elapsed: 0.011 s <<< FAILURE! -- in com.masterclass.nivel6_excepciones_unchecked.Ejercicio44_PrevencionNPETest
com.masterclass.nivel6_excepciones_unchecked.Ejercicio44_PrevencionNPETest.primerDef -- Time elapsed: 0.003 s <<< ERROR!
java.lang.UnsupportedOperationException: ¡Implementa tu solución aquí!
	at com.masterclass.nivel6_excepciones_unchecked.Ejercicio44_PrevencionNPE.primerNoNull(Ejercicio44_PrevencionNPE.java:33)
	at com.masterclass.nivel6_excepciones_unchecked.Ejercicio44_PrevencionNPETest.primerDef(Ejercicio44_PrevencionNPETest.java:15)
	at java.base/java.lang.reflect.Method.invoke(Method.java:565)
	at java.base/java.util.ArrayList.forEach(ArrayList.java:1604)
	at java.base/java.util.ArrayList.forEach(ArrayList.java:1604)

com.masterclass.nivel6_excepciones_unchecked.Ejercicio44_PrevencionNPETest.primer -- Time elapsed: 0.001 s <<< ERROR!
java.lang.UnsupportedOperationException: ¡Implementa tu solución aquí!
	at com.masterclass.nivel6_excepciones_unchecked.Ejercicio44_PrevencionNPE.primerNoNull(Ejercicio44_PrevencionNPE.java:33)
	at com.masterclass.nivel6_excepciones_unchecked.Ejercicio44_PrevencionNPETest.primer(Ejercicio44_PrevencionNPETest.java:14)
	at java.base/java.lang.reflect.Method.invoke(Method.java:565)
	at java.base/java.util.ArrayList.forEach(ArrayList.java:1604)
	at java.base/java.util.ArrayList.forEach(ArrayList.java:1604)

com.masterclass.nivel6_excepciones_unchecked.Ejercicio44_PrevencionNPETest.filtrar -- Time elapsed: 0.001 s <<< ERROR!
java.lang.UnsupportedOperationException: ¡Implementa tu solución aquí!
	at com.masterclass.nivel6_excepciones_unchecked.Ejercicio44_PrevencionNPE.filtrarNulls(Ejercicio44_PrevencionNPE.java:26)
	at com.masterclass.nivel6_excepciones_unchecked.Ejercicio44_PrevencionNPETest.filtrar(Ejercicio44_PrevencionNPETest.java:13)
	at java.base/java.lang.reflect.Method.invoke(Method.java:565)
	at java.base/java.util.ArrayList.forEach(ArrayList.java:1604)
	at java.base/java.util.ArrayList.forEach(ArrayList.java:1604)

com.masterclass.nivel6_excepciones_unchecked.Ejercicio44_PrevencionNPETest.ok -- Time elapsed: 0.001 s <<< ERROR!
java.lang.UnsupportedOperationException: ¡Implementa tu solución aquí!
	at com.masterclass.nivel6_excepciones_unchecked.Ejercicio44_PrevencionNPE.saludar(Ejercicio44_PrevencionNPE.java:19)
	at com.masterclass.nivel6_excepciones_unchecked.Ejercicio44_PrevencionNPETest.ok(Ejercicio44_PrevencionNPETest.java:11)
	at java.base/java.lang.reflect.Method.invoke(Method.java:565)
	at java.base/java.util.ArrayList.forEach(ArrayList.java:1604)
	at java.base/java.util.ArrayList.forEach(ArrayList.java:1604)

com.masterclass.nivel6_excepciones_unchecked.Ejercicio44_PrevencionNPETest.npe -- Time elapsed: 0.002 s <<< FAILURE!
java.lang.AssertionError: 

Expecting actual throwable to be an instance of:
  java.lang.NullPointerException
but was:
  java.lang.UnsupportedOperationException: ¡Implementa tu solución aquí!
	at com.masterclass.nivel6_excepciones_unchecked.Ejercicio44_PrevencionNPE.saludar(Ejercicio44_PrevencionNPE.java:19)
	at com.masterclass.nivel6_excepciones_unchecked.Ejercicio44_PrevencionNPETest.lambda$npe$0(Ejercicio44_PrevencionNPETest.java:12)
	at org.assertj.core.api.ThrowableAssert.catchThrowable(ThrowableAssert.java:63)
	...(73 remaining lines not displayed - this can be changed with Assertions.setMaxStackTraceElementsDisplayed)
	at com.masterclass.nivel6_excepciones_unchecked.Ejercicio44_PrevencionNPETest.npe(Ejercicio44_PrevencionNPETest.java:12)
	at java.base/java.lang.reflect.Method.invoke(Method.java:565)
	at java.base/java.util.ArrayList.forEach(ArrayList.java:1604)
	at java.base/java.util.ArrayList.forEach(ArrayList.java:1604)

