-------------------------------------------------------------------------------
Test set: com.masterclass.nivel4_interfaces_funcionales.Ejercicio28_UnaryBinaryOperatorTest
-------------------------------------------------------------------------------
Tests run: 5, Failures: 0, Errors: 5, Skipped: 0, Time elapsed: 0.014 s <<< FAILURE! -- in com.masterclass.nivel4_interfaces_funcionales.Ejercicio28_UnaryBinaryOperatorTest
com.masterclass.nivel4_interfaces_funcionales.Ejercicio28_UnaryBinaryOperatorTest.dup -- Time elapsed: 0.003 s <<< ERROR!
java.lang.UnsupportedOperationException: ¡Implementa tu solución aquí!
	at com.masterclass.nivel4_interfaces_funcionales.Ejercicio28_UnaryBinaryOperator.duplicar(Ejercicio28_UnaryBinaryOperator.java:31)
	at com.masterclass.nivel4_interfaces_funcionales.Ejercicio28_UnaryBinaryOperatorTest.dup(Ejercicio28_UnaryBinaryOperatorTest.java:11)
	at java.base/java.lang.reflect.Method.invoke(Method.java:565)
	at java.base/java.util.ArrayList.forEach(ArrayList.java:1604)
	at java.base/java.util.ArrayList.forEach(ArrayList.java:1604)

com.masterclass.nivel4_interfaces_funcionales.Ejercicio28_UnaryBinaryOperatorTest.red -- Time elapsed: 0.002 s <<< ERROR!
java.lang.UnsupportedOperationException: ¡Implementa tu solución aquí!
	at com.masterclass.nivel4_interfaces_funcionales.Ejercicio28_UnaryBinaryOperator.sumar(Ejercicio28_UnaryBinaryOperator.java:38)
	at com.masterclass.nivel4_interfaces_funcionales.Ejercicio28_UnaryBinaryOperatorTest.red(Ejercicio28_UnaryBinaryOperatorTest.java:13)
	at java.base/java.lang.reflect.Method.invoke(Method.java:565)
	at java.base/java.util.ArrayList.forEach(ArrayList.java:1604)
	at java.base/java.util.ArrayList.forEach(ArrayList.java:1604)

com.masterclass.nivel4_interfaces_funcionales.Ejercicio28_UnaryBinaryOperatorTest.sum -- Time elapsed: 0.003 s <<< ERROR!
java.lang.UnsupportedOperationException: ¡Implementa tu solución aquí!
	at com.masterclass.nivel4_interfaces_funcionales.Ejercicio28_UnaryBinaryOperator.sumar(Ejercicio28_UnaryBinaryOperator.java:38)
	at com.masterclass.nivel4_interfaces_funcionales.Ejercicio28_UnaryBinaryOperatorTest.sum(Ejercicio28_UnaryBinaryOperatorTest.java:12)
	at java.base/java.lang.reflect.Method.invoke(Method.java:565)
	at java.base/java.util.ArrayList.forEach(ArrayList.java:1604)
	at java.base/java.util.ArrayList.forEach(ArrayList.java:1604)

com.masterclass.nivel4_interfaces_funcionales.Ejercicio28_UnaryBinaryOperatorTest.aplic -- Time elapsed: 0.001 s <<< ERROR!
java.lang.UnsupportedOperationException: ¡Implementa tu solución aquí!
	at com.masterclass.nivel4_interfaces_funcionales.Ejercicio28_UnaryBinaryOperator.duplicar(Ejercicio28_UnaryBinaryOperator.java:31)
	at com.masterclass.nivel4_interfaces_funcionales.Ejercicio28_UnaryBinaryOperatorTest.aplic(Ejercicio28_UnaryBinaryOperatorTest.java:14)
	at java.base/java.lang.reflect.Method.invoke(Method.java:565)
	at java.base/java.util.ArrayList.forEach(ArrayList.java:1604)
	at java.base/java.util.ArrayList.forEach(ArrayList.java:1604)

com.masterclass.nivel4_interfaces_funcionales.Ejercicio28_UnaryBinaryOperatorTest.mayus -- Time elapsed: 0.001 s <<< ERROR!
java.lang.UnsupportedOperationException: ¡Implementa tu solución aquí!
	at com.masterclass.nivel4_interfaces_funcionales.Ejercicio28_UnaryBinaryOperator.mayusculas(Ejercicio28_UnaryBinaryOperator.java:24)
	at com.masterclass.nivel4_interfaces_funcionales.Ejercicio28_UnaryBinaryOperatorTest.mayus(Ejercicio28_UnaryBinaryOperatorTest.java:10)
	at java.base/java.lang.reflect.Method.invoke(Method.java:565)
	at java.base/java.util.ArrayList.forEach(ArrayList.java:1604)
	at java.base/java.util.ArrayList.forEach(ArrayList.java:1604)

