-------------------------------------------------------------------------------
Test set: com.masterclass.nivel4_interfaces_funcionales.Ejercicio29_InterfazFuncionalCustomTest
-------------------------------------------------------------------------------
Tests run: 5, Failures: 0, Errors: 5, Skipped: 0, Time elapsed: 0.017 s <<< FAILURE! -- in com.masterclass.nivel4_interfaces_funcionales.Ejercicio29_InterfazFuncionalCustomTest
com.masterclass.nivel4_interfaces_funcionales.Ejercicio29_InterfazFuncionalCustomTest.completo -- Time elapsed: 0.004 s <<< ERROR!
java.lang.UnsupportedOperationException: ¡Implementa tu solución aquí!
	at com.masterclass.nivel4_interfaces_funcionales.Ejercicio29_InterfazFuncionalCustom.validadorCompleto(Ejercicio29_InterfazFuncionalCustom.java:58)
	at com.masterclass.nivel4_interfaces_funcionales.Ejercicio29_InterfazFuncionalCustomTest.completo(Ejercicio29_InterfazFuncionalCustomTest.java:13)
	at java.base/java.lang.reflect.Method.invoke(Method.java:565)
	at java.base/java.util.ArrayList.forEach(ArrayList.java:1604)
	at java.base/java.util.ArrayList.forEach(ArrayList.java:1604)

com.masterclass.nivel4_interfaces_funcionales.Ejercicio29_InterfazFuncionalCustomTest.rechazaNull -- Time elapsed: 0.002 s <<< ERROR!
java.lang.UnsupportedOperationException: ¡Implementa tu solución aquí!
	at com.masterclass.nivel4_interfaces_funcionales.Ejercicio29_InterfazFuncionalCustom.noNuloNiVacio(Ejercicio29_InterfazFuncionalCustom.java:43)
	at com.masterclass.nivel4_interfaces_funcionales.Ejercicio29_InterfazFuncionalCustomTest.rechazaNull(Ejercicio29_InterfazFuncionalCustomTest.java:9)
	at java.base/java.lang.reflect.Method.invoke(Method.java:565)
	at java.base/java.util.ArrayList.forEach(ArrayList.java:1604)
	at java.base/java.util.ArrayList.forEach(ArrayList.java:1604)

com.masterclass.nivel4_interfaces_funcionales.Ejercicio29_InterfazFuncionalCustomTest.rechazaVacio -- Time elapsed: 0.001 s <<< ERROR!
java.lang.UnsupportedOperationException: ¡Implementa tu solución aquí!
	at com.masterclass.nivel4_interfaces_funcionales.Ejercicio29_InterfazFuncionalCustom.noNuloNiVacio(Ejercicio29_InterfazFuncionalCustom.java:43)
	at com.masterclass.nivel4_interfaces_funcionales.Ejercicio29_InterfazFuncionalCustomTest.rechazaVacio(Ejercicio29_InterfazFuncionalCustomTest.java:10)
	at java.base/java.lang.reflect.Method.invoke(Method.java:565)
	at java.base/java.util.ArrayList.forEach(ArrayList.java:1604)
	at java.base/java.util.ArrayList.forEach(ArrayList.java:1604)

com.masterclass.nivel4_interfaces_funcionales.Ejercicio29_InterfazFuncionalCustomTest.positivo -- Time elapsed: 0.001 s <<< ERROR!
java.lang.UnsupportedOperationException: ¡Implementa tu solución aquí!
	at com.masterclass.nivel4_interfaces_funcionales.Ejercicio29_InterfazFuncionalCustom.esPositivo(Ejercicio29_InterfazFuncionalCustom.java:50)
	at com.masterclass.nivel4_interfaces_funcionales.Ejercicio29_InterfazFuncionalCustomTest.positivo(Ejercicio29_InterfazFuncionalCustomTest.java:12)
	at java.base/java.lang.reflect.Method.invoke(Method.java:565)
	at java.base/java.util.ArrayList.forEach(ArrayList.java:1604)
	at java.base/java.util.ArrayList.forEach(ArrayList.java:1604)

com.masterclass.nivel4_interfaces_funcionales.Ejercicio29_InterfazFuncionalCustomTest.aceptaTexto -- Time elapsed: 0.001 s <<< ERROR!
java.lang.UnsupportedOperationException: ¡Implementa tu solución aquí!
	at com.masterclass.nivel4_interfaces_funcionales.Ejercicio29_InterfazFuncionalCustom.noNuloNiVacio(Ejercicio29_InterfazFuncionalCustom.java:43)
	at com.masterclass.nivel4_interfaces_funcionales.Ejercicio29_InterfazFuncionalCustomTest.aceptaTexto(Ejercicio29_InterfazFuncionalCustomTest.java:11)
	at java.base/java.lang.reflect.Method.invoke(Method.java:565)
	at java.base/java.util.ArrayList.forEach(ArrayList.java:1604)
	at java.base/java.util.ArrayList.forEach(ArrayList.java:1604)

