-------------------------------------------------------------------------------
Test set: com.masterclass.nivel2_default_static_methods.Ejercicio13_DefaultConLogicaTest
-------------------------------------------------------------------------------
Tests run: 7, Failures: 0, Errors: 7, Skipped: 0, Time elapsed: 0.020 s <<< FAILURE! -- in com.masterclass.nivel2_default_static_methods.Ejercicio13_DefaultConLogicaTest
com.masterclass.nivel2_default_static_methods.Ejercicio13_DefaultConLogicaTest.mayusculasProcesarConIndice -- Time elapsed: 0.003 s <<< ERROR!
java.lang.UnsupportedOperationException: ¡Implementa tu solución aquí!
	at com.masterclass.nivel2_default_static_methods.Ejercicio13_DefaultConLogica.crearProcesadorMayusculas(Ejercicio13_DefaultConLogica.java:51)
	at com.masterclass.nivel2_default_static_methods.Ejercicio13_DefaultConLogicaTest.mayusculasProcesarConIndice(Ejercicio13_DefaultConLogicaTest.java:31)
	at java.base/java.lang.reflect.Method.invoke(Method.java:565)
	at java.base/java.util.ArrayList.forEach(ArrayList.java:1604)
	at java.base/java.util.ArrayList.forEach(ArrayList.java:1604)

com.masterclass.nivel2_default_static_methods.Ejercicio13_DefaultConLogicaTest.inicialTransforma -- Time elapsed: 0.002 s <<< ERROR!
java.lang.UnsupportedOperationException: ¡Implementa tu solución aquí!
	at com.masterclass.nivel2_default_static_methods.Ejercicio13_DefaultConLogica.crearProcesadorInicial(Ejercicio13_DefaultConLogica.java:67)
	at com.masterclass.nivel2_default_static_methods.Ejercicio13_DefaultConLogicaTest.inicialTransforma(Ejercicio13_DefaultConLogicaTest.java:54)
	at java.base/java.lang.reflect.Method.invoke(Method.java:565)
	at java.base/java.util.ArrayList.forEach(ArrayList.java:1604)
	at java.base/java.util.ArrayList.forEach(ArrayList.java:1604)

com.masterclass.nivel2_default_static_methods.Ejercicio13_DefaultConLogicaTest.inicialVacio -- Time elapsed: 0.002 s <<< ERROR!
java.lang.UnsupportedOperationException: ¡Implementa tu solución aquí!
	at com.masterclass.nivel2_default_static_methods.Ejercicio13_DefaultConLogica.crearProcesadorInicial(Ejercicio13_DefaultConLogica.java:67)
	at com.masterclass.nivel2_default_static_methods.Ejercicio13_DefaultConLogicaTest.inicialVacio(Ejercicio13_DefaultConLogicaTest.java:61)
	at java.base/java.lang.reflect.Method.invoke(Method.java:565)
	at java.base/java.util.ArrayList.forEach(ArrayList.java:1604)
	at java.base/java.util.ArrayList.forEach(ArrayList.java:1604)

com.masterclass.nivel2_default_static_methods.Ejercicio13_DefaultConLogicaTest.mayusculasTransforma -- Time elapsed: 0.002 s <<< ERROR!
java.lang.UnsupportedOperationException: ¡Implementa tu solución aquí!
	at com.masterclass.nivel2_default_static_methods.Ejercicio13_DefaultConLogica.crearProcesadorMayusculas(Ejercicio13_DefaultConLogica.java:51)
	at com.masterclass.nivel2_default_static_methods.Ejercicio13_DefaultConLogicaTest.mayusculasTransforma(Ejercicio13_DefaultConLogicaTest.java:16)
	at java.base/java.lang.reflect.Method.invoke(Method.java:565)
	at java.base/java.util.ArrayList.forEach(ArrayList.java:1604)
	at java.base/java.util.ArrayList.forEach(ArrayList.java:1604)

com.masterclass.nivel2_default_static_methods.Ejercicio13_DefaultConLogicaTest.enfasisProcesarLista -- Time elapsed: 0.001 s <<< ERROR!
java.lang.UnsupportedOperationException: ¡Implementa tu solución aquí!
	at com.masterclass.nivel2_default_static_methods.Ejercicio13_DefaultConLogica.crearProcesadorEnfasis(Ejercicio13_DefaultConLogica.java:58)
	at com.masterclass.nivel2_default_static_methods.Ejercicio13_DefaultConLogicaTest.enfasisProcesarLista(Ejercicio13_DefaultConLogicaTest.java:46)
	at java.base/java.lang.reflect.Method.invoke(Method.java:565)
	at java.base/java.util.ArrayList.forEach(ArrayList.java:1604)
	at java.base/java.util.ArrayList.forEach(ArrayList.java:1604)

com.masterclass.nivel2_default_static_methods.Ejercicio13_DefaultConLogicaTest.mayusculasProcesarLista -- Time elapsed: 0.002 s <<< ERROR!
java.lang.UnsupportedOperationException: ¡Implementa tu solución aquí!
	at com.masterclass.nivel2_default_static_methods.Ejercicio13_DefaultConLogica.crearProcesadorMayusculas(Ejercicio13_DefaultConLogica.java:51)
	at com.masterclass.nivel2_default_static_methods.Ejercicio13_DefaultConLogicaTest.mayusculasProcesarLista(Ejercicio13_DefaultConLogicaTest.java:23)
	at java.base/java.lang.reflect.Method.invoke(Method.java:565)
	at java.base/java.util.ArrayList.forEach(ArrayList.java:1604)
	at java.base/java.util.ArrayList.forEach(ArrayList.java:1604)

com.masterclass.nivel2_default_static_methods.Ejercicio13_DefaultConLogicaTest.enfasisTransforma -- Time elapsed: 0.001 s <<< ERROR!
java.lang.UnsupportedOperationException: ¡Implementa tu solución aquí!
	at com.masterclass.nivel2_default_static_methods.Ejercicio13_DefaultConLogica.crearProcesadorEnfasis(Ejercicio13_DefaultConLogica.java:58)
	at com.masterclass.nivel2_default_static_methods.Ejercicio13_DefaultConLogicaTest.enfasisTransforma(Ejercicio13_DefaultConLogicaTest.java:39)
	at java.base/java.lang.reflect.Method.invoke(Method.java:565)
	at java.base/java.util.ArrayList.forEach(ArrayList.java:1604)
	at java.base/java.util.ArrayList.forEach(ArrayList.java:1604)

