-------------------------------------------------------------------------------
Test set: com.masterclass.nivel3_herencia_interfaces.Ejercicio17_InterfazExtiendeInterfazTest
-------------------------------------------------------------------------------
Tests run: 3, Failures: 0, Errors: 3, Skipped: 0, Time elapsed: 0.034 s <<< FAILURE! -- in com.masterclass.nivel3_herencia_interfaces.Ejercicio17_InterfazExtiendeInterfazTest
com.masterclass.nivel3_herencia_interfaces.Ejercicio17_InterfazExtiendeInterfazTest.nombreEsIdentificable -- Time elapsed: 0.008 s <<< ERROR!
java.lang.UnsupportedOperationException: ¡Implementa tu solución aquí!
	at com.masterclass.nivel3_herencia_interfaces.Ejercicio17_InterfazExtiendeInterfaz.crearEntidad(Ejercicio17_InterfazExtiendeInterfaz.java:35)
	at com.masterclass.nivel3_herencia_interfaces.Ejercicio17_InterfazExtiendeInterfazTest.nombreEsIdentificable(Ejercicio17_InterfazExtiendeInterfazTest.java:22)
	at java.base/java.lang.reflect.Method.invoke(Method.java:565)
	at java.base/java.util.ArrayList.forEach(ArrayList.java:1604)
	at java.base/java.util.ArrayList.forEach(ArrayList.java:1604)

com.masterclass.nivel3_herencia_interfaces.Ejercicio17_InterfazExtiendeInterfazTest.formatearIdConNombrable -- Time elapsed: 0.013 s <<< ERROR!
java.lang.UnsupportedOperationException: ¡Implementa tu solución aquí!
	at com.masterclass.nivel3_herencia_interfaces.Ejercicio17_InterfazExtiendeInterfaz.crearEntidad(Ejercicio17_InterfazExtiendeInterfaz.java:35)
	at com.masterclass.nivel3_herencia_interfaces.Ejercicio17_InterfazExtiendeInterfazTest.formatearIdConNombrable(Ejercicio17_InterfazExtiendeInterfazTest.java:29)
	at java.base/java.lang.reflect.Method.invoke(Method.java:565)
	at java.base/java.util.ArrayList.forEach(ArrayList.java:1604)
	at java.base/java.util.ArrayList.forEach(ArrayList.java:1604)

com.masterclass.nivel3_herencia_interfaces.Ejercicio17_InterfazExtiendeInterfazTest.debeCrearEntidad -- Time elapsed: 0.003 s <<< ERROR!
java.lang.UnsupportedOperationException: ¡Implementa tu solución aquí!
	at com.masterclass.nivel3_herencia_interfaces.Ejercicio17_InterfazExtiendeInterfaz.crearEntidad(Ejercicio17_InterfazExtiendeInterfaz.java:35)
	at com.masterclass.nivel3_herencia_interfaces.Ejercicio17_InterfazExtiendeInterfazTest.debeCrearEntidad(Ejercicio17_InterfazExtiendeInterfazTest.java:14)
	at java.base/java.lang.reflect.Method.invoke(Method.java:565)
	at java.base/java.util.ArrayList.forEach(ArrayList.java:1604)
	at java.base/java.util.ArrayList.forEach(ArrayList.java:1604)

