-------------------------------------------------------------------------------
Test set: com.masterclass.nivel2_default_static_methods.Ejercicio11_DiamondProblemTest
-------------------------------------------------------------------------------
Tests run: 3, Failures: 0, Errors: 3, Skipped: 0, Time elapsed: 0.010 s <<< FAILURE! -- in com.masterclass.nivel2_default_static_methods.Ejercicio11_DiamondProblemTest
com.masterclass.nivel2_default_static_methods.Ejercicio11_DiamondProblemTest.debeResolverConflicto -- Time elapsed: 0.003 s <<< ERROR!
java.lang.UnsupportedOperationException: ¡Implementa tu solución aquí!
	at com.masterclass.nivel2_default_static_methods.Ejercicio11_DiamondProblem.crearTrabajadorVoluntario(Ejercicio11_DiamondProblem.java:51)
	at com.masterclass.nivel2_default_static_methods.Ejercicio11_DiamondProblemTest.debeResolverConflicto(Ejercicio11_DiamondProblemTest.java:22)
	at java.base/java.lang.reflect.Method.invoke(Method.java:565)
	at java.base/java.util.ArrayList.forEach(ArrayList.java:1604)
	at java.base/java.util.ArrayList.forEach(ArrayList.java:1604)

com.masterclass.nivel2_default_static_methods.Ejercicio11_DiamondProblemTest.debeSerAmbos -- Time elapsed: 0.002 s <<< ERROR!
java.lang.UnsupportedOperationException: ¡Implementa tu solución aquí!
	at com.masterclass.nivel2_default_static_methods.Ejercicio11_DiamondProblem.crearTrabajadorVoluntario(Ejercicio11_DiamondProblem.java:51)
	at com.masterclass.nivel2_default_static_methods.Ejercicio11_DiamondProblemTest.debeSerAmbos(Ejercicio11_DiamondProblemTest.java:14)
	at java.base/java.lang.reflect.Method.invoke(Method.java:565)
	at java.base/java.util.ArrayList.forEach(ArrayList.java:1604)
	at java.base/java.util.ArrayList.forEach(ArrayList.java:1604)

com.masterclass.nivel2_default_static_methods.Ejercicio11_DiamondProblemTest.debeSumarPrioridades -- Time elapsed: 0.001 s <<< ERROR!
java.lang.UnsupportedOperationException: ¡Implementa tu solución aquí!
	at com.masterclass.nivel2_default_static_methods.Ejercicio11_DiamondProblem.crearTrabajadorVoluntario(Ejercicio11_DiamondProblem.java:51)
	at com.masterclass.nivel2_default_static_methods.Ejercicio11_DiamondProblemTest.debeSumarPrioridades(Ejercicio11_DiamondProblemTest.java:30)
	at java.base/java.lang.reflect.Method.invoke(Method.java:565)
	at java.base/java.util.ArrayList.forEach(ArrayList.java:1604)
	at java.base/java.util.ArrayList.forEach(ArrayList.java:1604)

