-------------------------------------------------------------------------------
Test set: com.masterclass.nivel4_interfaces_funcionales.Ejercicio25_PredicateBasicoTest
-------------------------------------------------------------------------------
Tests run: 6, Failures: 0, Errors: 6, Skipped: 0, Time elapsed: 0.018 s <<< FAILURE! -- in com.masterclass.nivel4_interfaces_funcionales.Ejercicio25_PredicateBasicoTest
com.masterclass.nivel4_interfaces_funcionales.Ejercicio25_PredicateBasicoTest.longitud -- Time elapsed: 0.004 s <<< ERROR!
java.lang.UnsupportedOperationException: ¡Implementa tu solución aquí!
	at com.masterclass.nivel4_interfaces_funcionales.Ejercicio25_PredicateBasico.longitudMayorQue(Ejercicio25_PredicateBasico.java:35)
	at com.masterclass.nivel4_interfaces_funcionales.Ejercicio25_PredicateBasicoTest.longitud(Ejercicio25_PredicateBasicoTest.java:12)
	at java.base/java.lang.reflect.Method.invoke(Method.java:565)
	at java.base/java.util.ArrayList.forEach(ArrayList.java:1604)
	at java.base/java.util.ArrayList.forEach(ArrayList.java:1604)

com.masterclass.nivel4_interfaces_funcionales.Ejercicio25_PredicateBasicoTest.esImpar -- Time elapsed: 0.002 s <<< ERROR!
java.lang.UnsupportedOperationException: ¡Implementa tu solución aquí!
	at com.masterclass.nivel4_interfaces_funcionales.Ejercicio25_PredicateBasico.esPar(Ejercicio25_PredicateBasico.java:28)
	at com.masterclass.nivel4_interfaces_funcionales.Ejercicio25_PredicateBasicoTest.esImpar(Ejercicio25_PredicateBasicoTest.java:11)
	at java.base/java.lang.reflect.Method.invoke(Method.java:565)
	at java.base/java.util.ArrayList.forEach(ArrayList.java:1604)
	at java.base/java.util.ArrayList.forEach(ArrayList.java:1604)

com.masterclass.nivel4_interfaces_funcionales.Ejercicio25_PredicateBasicoTest.filtrar -- Time elapsed: 0.002 s <<< ERROR!
java.lang.UnsupportedOperationException: ¡Implementa tu solución aquí!
	at com.masterclass.nivel4_interfaces_funcionales.Ejercicio25_PredicateBasico.esPar(Ejercicio25_PredicateBasico.java:28)
	at com.masterclass.nivel4_interfaces_funcionales.Ejercicio25_PredicateBasicoTest.filtrar(Ejercicio25_PredicateBasicoTest.java:14)
	at java.base/java.lang.reflect.Method.invoke(Method.java:565)
	at java.base/java.util.ArrayList.forEach(ArrayList.java:1604)
	at java.base/java.util.ArrayList.forEach(ArrayList.java:1604)

com.masterclass.nivel4_interfaces_funcionales.Ejercicio25_PredicateBasicoTest.combinarAnd -- Time elapsed: 0.002 s <<< ERROR!
java.lang.UnsupportedOperationException: ¡Implementa tu solución aquí!
	at com.masterclass.nivel4_interfaces_funcionales.Ejercicio25_PredicateBasico.esPar(Ejercicio25_PredicateBasico.java:28)
	at com.masterclass.nivel4_interfaces_funcionales.Ejercicio25_PredicateBasicoTest.combinarAnd(Ejercicio25_PredicateBasicoTest.java:13)
	at java.base/java.lang.reflect.Method.invoke(Method.java:565)
	at java.base/java.util.ArrayList.forEach(ArrayList.java:1604)
	at java.base/java.util.ArrayList.forEach(ArrayList.java:1604)

com.masterclass.nivel4_interfaces_funcionales.Ejercicio25_PredicateBasicoTest.esPar -- Time elapsed: 0.001 s <<< ERROR!
java.lang.UnsupportedOperationException: ¡Implementa tu solución aquí!
	at com.masterclass.nivel4_interfaces_funcionales.Ejercicio25_PredicateBasico.esPar(Ejercicio25_PredicateBasico.java:28)
	at com.masterclass.nivel4_interfaces_funcionales.Ejercicio25_PredicateBasicoTest.esPar(Ejercicio25_PredicateBasicoTest.java:10)
	at java.base/java.lang.reflect.Method.invoke(Method.java:565)
	at java.base/java.util.ArrayList.forEach(ArrayList.java:1604)
	at java.base/java.util.ArrayList.forEach(ArrayList.java:1604)

com.masterclass.nivel4_interfaces_funcionales.Ejercicio25_PredicateBasicoTest.negar -- Time elapsed: 0.002 s <<< ERROR!
java.lang.UnsupportedOperationException: ¡Implementa tu solución aquí!
	at com.masterclass.nivel4_interfaces_funcionales.Ejercicio25_PredicateBasico.esPar(Ejercicio25_PredicateBasico.java:28)
	at com.masterclass.nivel4_interfaces_funcionales.Ejercicio25_PredicateBasicoTest.negar(Ejercicio25_PredicateBasicoTest.java:15)
	at java.base/java.lang.reflect.Method.invoke(Method.java:565)
	at java.base/java.util.ArrayList.forEach(ArrayList.java:1604)
	at java.base/java.util.ArrayList.forEach(ArrayList.java:1604)

