-------------------------------------------------------------------------------
Test set: com.masterclass.nivel1_interfaces_basicas.Ejercicio06_MarkerInterfaceTest
-------------------------------------------------------------------------------
Tests run: 5, Failures: 0, Errors: 5, Skipped: 0, Time elapsed: 0.040 s <<< FAILURE! -- in com.masterclass.nivel1_interfaces_basicas.Ejercicio06_MarkerInterfaceTest
com.masterclass.nivel1_interfaces_basicas.Ejercicio06_MarkerInterfaceTest.debeContarNoUrgentes -- Time elapsed: 0.005 s <<< ERROR!
java.lang.UnsupportedOperationException: ¡Implementa tu solución aquí!
	at com.masterclass.nivel1_interfaces_basicas.Ejercicio06_MarkerInterface.crearTareaNormal(Ejercicio06_MarkerInterface.java:45)
	at com.masterclass.nivel1_interfaces_basicas.Ejercicio06_MarkerInterfaceTest.debeContarNoUrgentes(Ejercicio06_MarkerInterfaceTest.java:53)
	at java.base/java.lang.reflect.Method.invoke(Method.java:565)
	at java.base/java.util.ArrayList.forEach(ArrayList.java:1604)
	at java.base/java.util.ArrayList.forEach(ArrayList.java:1604)

com.masterclass.nivel1_interfaces_basicas.Ejercicio06_MarkerInterfaceTest.debeFiltrartareas -- Time elapsed: 0.015 s <<< ERROR!
java.lang.UnsupportedOperationException: ¡Implementa tu solución aquí!
	at com.masterclass.nivel1_interfaces_basicas.Ejercicio06_MarkerInterface.crearTareaNormal(Ejercicio06_MarkerInterface.java:45)
	at com.masterclass.nivel1_interfaces_basicas.Ejercicio06_MarkerInterfaceTest.debeFiltrartareas(Ejercicio06_MarkerInterfaceTest.java:38)
	at java.base/java.lang.reflect.Method.invoke(Method.java:565)
	at java.base/java.util.ArrayList.forEach(ArrayList.java:1604)
	at java.base/java.util.ArrayList.forEach(ArrayList.java:1604)

com.masterclass.nivel1_interfaces_basicas.Ejercicio06_MarkerInterfaceTest.tareaNormalNoEsUrgente -- Time elapsed: 0.004 s <<< ERROR!
java.lang.UnsupportedOperationException: ¡Implementa tu solución aquí!
	at com.masterclass.nivel1_interfaces_basicas.Ejercicio06_MarkerInterface.crearTareaNormal(Ejercicio06_MarkerInterface.java:45)
	at com.masterclass.nivel1_interfaces_basicas.Ejercicio06_MarkerInterfaceTest.tareaNormalNoEsUrgente(Ejercicio06_MarkerInterfaceTest.java:16)
	at java.base/java.lang.reflect.Method.invoke(Method.java:565)
	at java.base/java.util.ArrayList.forEach(ArrayList.java:1604)
	at java.base/java.util.ArrayList.forEach(ArrayList.java:1604)

com.masterclass.nivel1_interfaces_basicas.Ejercicio06_MarkerInterfaceTest.ambasDevuelvenDescripcion -- Time elapsed: 0.005 s <<< ERROR!
java.lang.UnsupportedOperationException: ¡Implementa tu solución aquí!
	at com.masterclass.nivel1_interfaces_basicas.Ejercicio06_MarkerInterface.crearTareaNormal(Ejercicio06_MarkerInterface.java:45)
	at com.masterclass.nivel1_interfaces_basicas.Ejercicio06_MarkerInterfaceTest.ambasDevuelvenDescripcion(Ejercicio06_MarkerInterfaceTest.java:30)
	at java.base/java.lang.reflect.Method.invoke(Method.java:565)
	at java.base/java.util.ArrayList.forEach(ArrayList.java:1604)
	at java.base/java.util.ArrayList.forEach(ArrayList.java:1604)

com.masterclass.nivel1_interfaces_basicas.Ejercicio06_MarkerInterfaceTest.tareaUrgenteEsUrgente -- Time elapsed: 0.002 s <<< ERROR!
java.lang.UnsupportedOperationException: ¡Implementa tu solución aquí!
	at com.masterclass.nivel1_interfaces_basicas.Ejercicio06_MarkerInterface.crearTareaUrgente(Ejercicio06_MarkerInterface.java:54)
	at com.masterclass.nivel1_interfaces_basicas.Ejercicio06_MarkerInterfaceTest.tareaUrgenteEsUrgente(Ejercicio06_MarkerInterfaceTest.java:23)
	at java.base/java.lang.reflect.Method.invoke(Method.java:565)
	at java.base/java.util.ArrayList.forEach(ArrayList.java:1604)
	at java.base/java.util.ArrayList.forEach(ArrayList.java:1604)

