-------------------------------------------------------------------------------
Test set: com.masterclass.nivel7_excepciones_custom.Ejercicio49_JerarquiaExcepcionesTest
-------------------------------------------------------------------------------
Tests run: 5, Failures: 2, Errors: 3, Skipped: 0, Time elapsed: 0.012 s <<< FAILURE! -- in com.masterclass.nivel7_excepciones_custom.Ejercicio49_JerarquiaExcepcionesTest
com.masterclass.nivel7_excepciones_custom.Ejercicio49_JerarquiaExcepcionesTest.segErr -- Time elapsed: 0.002 s <<< ERROR!
java.lang.UnsupportedOperationException: ¡Implementa tu solución aquí!
	at com.masterclass.nivel7_excepciones_custom.Ejercicio49_JerarquiaExcepciones.buscarSeguro(Ejercicio49_JerarquiaExcepciones.java:39)
	at com.masterclass.nivel7_excepciones_custom.Ejercicio49_JerarquiaExcepcionesTest.segErr(Ejercicio49_JerarquiaExcepcionesTest.java:12)
	at java.base/java.lang.reflect.Method.invoke(Method.java:565)
	at java.base/java.util.ArrayList.forEach(ArrayList.java:1604)
	at java.base/java.util.ArrayList.forEach(ArrayList.java:1604)

com.masterclass.nivel7_excepciones_custom.Ejercicio49_JerarquiaExcepcionesTest.nf -- Time elapsed: 0.003 s <<< FAILURE!
java.lang.AssertionError: 

Expecting actual throwable to be an instance of:
  com.masterclass.nivel7_excepciones_custom.Ejercicio49_JerarquiaExcepciones.NotFoundException
but was:
  java.lang.UnsupportedOperationException: ¡Implementa tu solución aquí!
	at com.masterclass.nivel7_excepciones_custom.Ejercicio49_JerarquiaExcepciones.buscarUsuario(Ejercicio49_JerarquiaExcepciones.java:31)
	at com.masterclass.nivel7_excepciones_custom.Ejercicio49_JerarquiaExcepcionesTest.lambda$nf$0(Ejercicio49_JerarquiaExcepcionesTest.java:11)
	at org.assertj.core.api.ThrowableAssert.catchThrowable(ThrowableAssert.java:63)
	...(73 remaining lines not displayed - this can be changed with Assertions.setMaxStackTraceElementsDisplayed)
	at com.masterclass.nivel7_excepciones_custom.Ejercicio49_JerarquiaExcepcionesTest.nf(Ejercicio49_JerarquiaExcepcionesTest.java:11)
	at java.base/java.lang.reflect.Method.invoke(Method.java:565)
	at java.base/java.util.ArrayList.forEach(ArrayList.java:1604)
	at java.base/java.util.ArrayList.forEach(ArrayList.java:1604)

com.masterclass.nivel7_excepciones_custom.Ejercicio49_JerarquiaExcepcionesTest.ok -- Time elapsed: 0.001 s <<< ERROR!
java.lang.UnsupportedOperationException: ¡Implementa tu solución aquí!
	at com.masterclass.nivel7_excepciones_custom.Ejercicio49_JerarquiaExcepciones.buscarUsuario(Ejercicio49_JerarquiaExcepciones.java:31)
	at com.masterclass.nivel7_excepciones_custom.Ejercicio49_JerarquiaExcepcionesTest.ok(Ejercicio49_JerarquiaExcepcionesTest.java:9)
	at java.base/java.lang.reflect.Method.invoke(Method.java:565)
	at java.base/java.util.ArrayList.forEach(ArrayList.java:1604)
	at java.base/java.util.ArrayList.forEach(ArrayList.java:1604)

com.masterclass.nivel7_excepciones_custom.Ejercicio49_JerarquiaExcepcionesTest.val -- Time elapsed: 0.003 s <<< FAILURE!
java.lang.AssertionError: 

Expecting actual throwable to be an instance of:
  com.masterclass.nivel7_excepciones_custom.Ejercicio49_JerarquiaExcepciones.ValidationException
but was:
  java.lang.UnsupportedOperationException: ¡Implementa tu solución aquí!
	at com.masterclass.nivel7_excepciones_custom.Ejercicio49_JerarquiaExcepciones.buscarUsuario(Ejercicio49_JerarquiaExcepciones.java:31)
	at com.masterclass.nivel7_excepciones_custom.Ejercicio49_JerarquiaExcepcionesTest.lambda$val$0(Ejercicio49_JerarquiaExcepcionesTest.java:10)
	at org.assertj.core.api.ThrowableAssert.catchThrowable(ThrowableAssert.java:63)
	...(73 remaining lines not displayed - this can be changed with Assertions.setMaxStackTraceElementsDisplayed)
	at com.masterclass.nivel7_excepciones_custom.Ejercicio49_JerarquiaExcepcionesTest.val(Ejercicio49_JerarquiaExcepcionesTest.java:10)
	at java.base/java.lang.reflect.Method.invoke(Method.java:565)
	at java.base/java.util.ArrayList.forEach(ArrayList.java:1604)
	at java.base/java.util.ArrayList.forEach(ArrayList.java:1604)

com.masterclass.nivel7_excepciones_custom.Ejercicio49_JerarquiaExcepcionesTest.segOk -- Time elapsed: 0 s <<< ERROR!
java.lang.UnsupportedOperationException: ¡Implementa tu solución aquí!
	at com.masterclass.nivel7_excepciones_custom.Ejercicio49_JerarquiaExcepciones.buscarSeguro(Ejercicio49_JerarquiaExcepciones.java:39)
	at com.masterclass.nivel7_excepciones_custom.Ejercicio49_JerarquiaExcepcionesTest.segOk(Ejercicio49_JerarquiaExcepcionesTest.java:13)
	at java.base/java.lang.reflect.Method.invoke(Method.java:565)
	at java.base/java.util.ArrayList.forEach(ArrayList.java:1604)
	at java.base/java.util.ArrayList.forEach(ArrayList.java:1604)

