-------------------------------------------------------------------------------
Test set: com.masterclass.nivel6_excepciones_unchecked.Ejercicio41_IllegalArgumentTest
-------------------------------------------------------------------------------
Tests run: 6, Failures: 4, Errors: 2, Skipped: 0, Time elapsed: 0.016 s <<< FAILURE! -- in com.masterclass.nivel6_excepciones_unchecked.Ejercicio41_IllegalArgumentTest
com.masterclass.nivel6_excepciones_unchecked.Ejercicio41_IllegalArgumentTest.longOk -- Time elapsed: 0.003 s <<< ERROR!
java.lang.UnsupportedOperationException: ¡Implementa tu solución aquí!
	at com.masterclass.nivel6_excepciones_unchecked.Ejercicio41_IllegalArgument.longitudSegura(Ejercicio41_IllegalArgument.java:24)
	at com.masterclass.nivel6_excepciones_unchecked.Ejercicio41_IllegalArgumentTest.longOk(Ejercicio41_IllegalArgumentTest.java:14)
	at java.base/java.lang.reflect.Method.invoke(Method.java:565)
	at java.base/java.util.ArrayList.forEach(ArrayList.java:1604)
	at java.base/java.util.ArrayList.forEach(ArrayList.java:1604)

com.masterclass.nivel6_excepciones_unchecked.Ejercicio41_IllegalArgumentTest.ok -- Time elapsed: 0.001 s <<< ERROR!
java.lang.UnsupportedOperationException: ¡Implementa tu solución aquí!
	at com.masterclass.nivel6_excepciones_unchecked.Ejercicio41_IllegalArgument.validarEdad(Ejercicio41_IllegalArgument.java:15)
	at com.masterclass.nivel6_excepciones_unchecked.Ejercicio41_IllegalArgumentTest.ok(Ejercicio41_IllegalArgumentTest.java:9)
	at java.base/java.lang.reflect.Method.invoke(Method.java:565)
	at java.base/java.util.ArrayList.forEach(ArrayList.java:1604)
	at java.base/java.util.ArrayList.forEach(ArrayList.java:1604)

com.masterclass.nivel6_excepciones_unchecked.Ejercicio41_IllegalArgumentTest.neg -- Time elapsed: 0.003 s <<< FAILURE!
java.lang.AssertionError: 

Expecting actual throwable to be an instance of:
  java.lang.IllegalArgumentException
but was:
  java.lang.UnsupportedOperationException: ¡Implementa tu solución aquí!
	at com.masterclass.nivel6_excepciones_unchecked.Ejercicio41_IllegalArgument.validarEdad(Ejercicio41_IllegalArgument.java:15)
	at com.masterclass.nivel6_excepciones_unchecked.Ejercicio41_IllegalArgumentTest.lambda$neg$0(Ejercicio41_IllegalArgumentTest.java:10)
	at org.assertj.core.api.ThrowableAssert.catchThrowable(ThrowableAssert.java:63)
	...(73 remaining lines not displayed - this can be changed with Assertions.setMaxStackTraceElementsDisplayed)
	at com.masterclass.nivel6_excepciones_unchecked.Ejercicio41_IllegalArgumentTest.neg(Ejercicio41_IllegalArgumentTest.java:10)
	at java.base/java.lang.reflect.Method.invoke(Method.java:565)
	at java.base/java.util.ArrayList.forEach(ArrayList.java:1604)
	at java.base/java.util.ArrayList.forEach(ArrayList.java:1604)

com.masterclass.nivel6_excepciones_unchecked.Ejercicio41_IllegalArgumentTest.npe -- Time elapsed: 0.002 s <<< FAILURE!
java.lang.AssertionError: 

Expecting actual throwable to be an instance of:
  java.lang.NullPointerException
but was:
  java.lang.UnsupportedOperationException: ¡Implementa tu solución aquí!
	at com.masterclass.nivel6_excepciones_unchecked.Ejercicio41_IllegalArgument.longitudSegura(Ejercicio41_IllegalArgument.java:24)
	at com.masterclass.nivel6_excepciones_unchecked.Ejercicio41_IllegalArgumentTest.lambda$npe$0(Ejercicio41_IllegalArgumentTest.java:12)
	at org.assertj.core.api.ThrowableAssert.catchThrowable(ThrowableAssert.java:63)
	...(73 remaining lines not displayed - this can be changed with Assertions.setMaxStackTraceElementsDisplayed)
	at com.masterclass.nivel6_excepciones_unchecked.Ejercicio41_IllegalArgumentTest.npe(Ejercicio41_IllegalArgumentTest.java:12)
	at java.base/java.lang.reflect.Method.invoke(Method.java:565)
	at java.base/java.util.ArrayList.forEach(ArrayList.java:1604)
	at java.base/java.util.ArrayList.forEach(ArrayList.java:1604)

com.masterclass.nivel6_excepciones_unchecked.Ejercicio41_IllegalArgumentTest.alta -- Time elapsed: 0.002 s <<< FAILURE!
java.lang.AssertionError: 

Expecting actual throwable to be an instance of:
  java.lang.IllegalArgumentException
but was:
  java.lang.UnsupportedOperationException: ¡Implementa tu solución aquí!
	at com.masterclass.nivel6_excepciones_unchecked.Ejercicio41_IllegalArgument.validarEdad(Ejercicio41_IllegalArgument.java:15)
	at com.masterclass.nivel6_excepciones_unchecked.Ejercicio41_IllegalArgumentTest.lambda$alta$0(Ejercicio41_IllegalArgumentTest.java:11)
	at org.assertj.core.api.ThrowableAssert.catchThrowable(ThrowableAssert.java:63)
	...(73 remaining lines not displayed - this can be changed with Assertions.setMaxStackTraceElementsDisplayed)
	at com.masterclass.nivel6_excepciones_unchecked.Ejercicio41_IllegalArgumentTest.alta(Ejercicio41_IllegalArgumentTest.java:11)
	at java.base/java.lang.reflect.Method.invoke(Method.java:565)
	at java.base/java.util.ArrayList.forEach(ArrayList.java:1604)
	at java.base/java.util.ArrayList.forEach(ArrayList.java:1604)

com.masterclass.nivel6_excepciones_unchecked.Ejercicio41_IllegalArgumentTest.vacio -- Time elapsed: 0.002 s <<< FAILURE!
java.lang.AssertionError: 

Expecting actual throwable to be an instance of:
  java.lang.IllegalArgumentException
but was:
  java.lang.UnsupportedOperationException: ¡Implementa tu solución aquí!
	at com.masterclass.nivel6_excepciones_unchecked.Ejercicio41_IllegalArgument.longitudSegura(Ejercicio41_IllegalArgument.java:24)
	at com.masterclass.nivel6_excepciones_unchecked.Ejercicio41_IllegalArgumentTest.lambda$vacio$0(Ejercicio41_IllegalArgumentTest.java:13)
	at org.assertj.core.api.ThrowableAssert.catchThrowable(ThrowableAssert.java:63)
	...(73 remaining lines not displayed - this can be changed with Assertions.setMaxStackTraceElementsDisplayed)
	at com.masterclass.nivel6_excepciones_unchecked.Ejercicio41_IllegalArgumentTest.vacio(Ejercicio41_IllegalArgumentTest.java:13)
	at java.base/java.lang.reflect.Method.invoke(Method.java:565)
	at java.base/java.util.ArrayList.forEach(ArrayList.java:1604)
	at java.base/java.util.ArrayList.forEach(ArrayList.java:1604)

