-------------------------------------------------------------------------------
Test set: com.masterclass.nivel1_interfaces_basicas.Ejercicio07_ConstantesEnInterfacesTest
-------------------------------------------------------------------------------
Tests run: 5, Failures: 0, Errors: 5, Skipped: 0, Time elapsed: 0.025 s <<< FAILURE! -- in com.masterclass.nivel1_interfaces_basicas.Ejercicio07_ConstantesEnInterfacesTest
com.masterclass.nivel1_interfaces_basicas.Ejercicio07_ConstantesEnInterfacesTest.debeAplicarDescuento200 -- Time elapsed: 0.003 s <<< ERROR!
java.lang.UnsupportedOperationException: ¡Implementa tu solución aquí!
	at com.masterclass.nivel1_interfaces_basicas.Ejercicio07_ConstantesEnInterfaces.aplicarDescuento(Ejercicio07_ConstantesEnInterfaces.java:55)
	at com.masterclass.nivel1_interfaces_basicas.Ejercicio07_ConstantesEnInterfacesTest.debeAplicarDescuento200(Ejercicio07_ConstantesEnInterfacesTest.java:32)
	at java.base/java.lang.reflect.Method.invoke(Method.java:565)
	at java.base/java.util.ArrayList.forEach(ArrayList.java:1604)
	at java.base/java.util.ArrayList.forEach(ArrayList.java:1604)

com.masterclass.nivel1_interfaces_basicas.Ejercicio07_ConstantesEnInterfacesTest.debeFormatearInfo -- Time elapsed: 0.001 s <<< ERROR!
java.lang.UnsupportedOperationException: ¡Implementa tu solución aquí!
	at com.masterclass.nivel1_interfaces_basicas.Ejercicio07_ConstantesEnInterfaces.obtenerInfoConfiguracion(Ejercicio07_ConstantesEnInterfaces.java:63)
	at com.masterclass.nivel1_interfaces_basicas.Ejercicio07_ConstantesEnInterfacesTest.debeFormatearInfo(Ejercicio07_ConstantesEnInterfacesTest.java:38)
	at java.base/java.lang.reflect.Method.invoke(Method.java:565)
	at java.base/java.util.ArrayList.forEach(ArrayList.java:1604)
	at java.base/java.util.ArrayList.forEach(ArrayList.java:1604)

com.masterclass.nivel1_interfaces_basicas.Ejercicio07_ConstantesEnInterfacesTest.debeDevolver5Segundos -- Time elapsed: 0.002 s <<< ERROR!
java.lang.UnsupportedOperationException: ¡Implementa tu solución aquí!
	at com.masterclass.nivel1_interfaces_basicas.Ejercicio07_ConstantesEnInterfaces.obtenerTimeoutEnSegundos(Ejercicio07_ConstantesEnInterfaces.java:47)
	at com.masterclass.nivel1_interfaces_basicas.Ejercicio07_ConstantesEnInterfacesTest.debeDevolver5Segundos(Ejercicio07_ConstantesEnInterfacesTest.java:20)
	at java.base/java.lang.reflect.Method.invoke(Method.java:565)
	at java.base/java.util.ArrayList.forEach(ArrayList.java:1604)
	at java.base/java.util.ArrayList.forEach(ArrayList.java:1604)

com.masterclass.nivel1_interfaces_basicas.Ejercicio07_ConstantesEnInterfacesTest.debeDevolver3 -- Time elapsed: 0.002 s <<< ERROR!
java.lang.UnsupportedOperationException: ¡Implementa tu solución aquí!
	at com.masterclass.nivel1_interfaces_basicas.Ejercicio07_ConstantesEnInterfaces.obtenerMaxReintentos(Ejercicio07_ConstantesEnInterfaces.java:40)
	at com.masterclass.nivel1_interfaces_basicas.Ejercicio07_ConstantesEnInterfacesTest.debeDevolver3(Ejercicio07_ConstantesEnInterfacesTest.java:14)
	at java.base/java.lang.reflect.Method.invoke(Method.java:565)
	at java.base/java.util.ArrayList.forEach(ArrayList.java:1604)
	at java.base/java.util.ArrayList.forEach(ArrayList.java:1604)

com.masterclass.nivel1_interfaces_basicas.Ejercicio07_ConstantesEnInterfacesTest.debeAplicarDescuento -- Time elapsed: 0.002 s <<< ERROR!
java.lang.UnsupportedOperationException: ¡Implementa tu solución aquí!
	at com.masterclass.nivel1_interfaces_basicas.Ejercicio07_ConstantesEnInterfaces.aplicarDescuento(Ejercicio07_ConstantesEnInterfaces.java:55)
	at com.masterclass.nivel1_interfaces_basicas.Ejercicio07_ConstantesEnInterfacesTest.debeAplicarDescuento(Ejercicio07_ConstantesEnInterfacesTest.java:26)
	at java.base/java.lang.reflect.Method.invoke(Method.java:565)
	at java.base/java.util.ArrayList.forEach(ArrayList.java:1604)
	at java.base/java.util.ArrayList.forEach(ArrayList.java:1604)

