-------------------------------------------------------------------------------
Test set: com.masterclass.nivel5_excepciones_checked.Ejercicio37_ExcepcionCheckedCustomTest
-------------------------------------------------------------------------------
Tests run: 5, Failures: 2, Errors: 3, Skipped: 0, Time elapsed: 0.011 s <<< FAILURE! -- in com.masterclass.nivel5_excepciones_checked.Ejercicio37_ExcepcionCheckedCustomTest
com.masterclass.nivel5_excepciones_checked.Ejercicio37_ExcepcionCheckedCustomTest.procFail -- Time elapsed: 0.001 s <<< ERROR!
java.lang.UnsupportedOperationException: ¡Implementa tu solución aquí!
	at com.masterclass.nivel5_excepciones_checked.Ejercicio37_ExcepcionCheckedCustom.procesarRetiro(Ejercicio37_ExcepcionCheckedCustom.java:44)
	at com.masterclass.nivel5_excepciones_checked.Ejercicio37_ExcepcionCheckedCustomTest.procFail(Ejercicio37_ExcepcionCheckedCustomTest.java:19)
	at java.base/java.lang.reflect.Method.invoke(Method.java:565)
	at java.base/java.util.ArrayList.forEach(ArrayList.java:1604)
	at java.base/java.util.ArrayList.forEach(ArrayList.java:1604)

com.masterclass.nivel5_excepciones_checked.Ejercicio37_ExcepcionCheckedCustomTest.procOk -- Time elapsed: 0.001 s <<< ERROR!
java.lang.UnsupportedOperationException: ¡Implementa tu solución aquí!
	at com.masterclass.nivel5_excepciones_checked.Ejercicio37_ExcepcionCheckedCustom.procesarRetiro(Ejercicio37_ExcepcionCheckedCustom.java:44)
	at com.masterclass.nivel5_excepciones_checked.Ejercicio37_ExcepcionCheckedCustomTest.procOk(Ejercicio37_ExcepcionCheckedCustomTest.java:18)
	at java.base/java.lang.reflect.Method.invoke(Method.java:565)
	at java.base/java.util.ArrayList.forEach(ArrayList.java:1604)
	at java.base/java.util.ArrayList.forEach(ArrayList.java:1604)

com.masterclass.nivel5_excepciones_checked.Ejercicio37_ExcepcionCheckedCustomTest.ok -- Time elapsed: 0.001 s <<< ERROR!
java.lang.UnsupportedOperationException: ¡Implementa tu solución aquí!
	at com.masterclass.nivel5_excepciones_checked.Ejercicio37_ExcepcionCheckedCustom.retirar(Ejercicio37_ExcepcionCheckedCustom.java:35)
	at com.masterclass.nivel5_excepciones_checked.Ejercicio37_ExcepcionCheckedCustomTest.ok(Ejercicio37_ExcepcionCheckedCustomTest.java:9)
	at java.base/java.lang.reflect.Method.invoke(Method.java:565)
	at java.base/java.util.ArrayList.forEach(ArrayList.java:1604)
	at java.base/java.util.ArrayList.forEach(ArrayList.java:1604)

com.masterclass.nivel5_excepciones_checked.Ejercicio37_ExcepcionCheckedCustomTest.fail -- Time elapsed: 0.002 s <<< FAILURE!
java.lang.AssertionError: 

Expecting actual throwable to be an instance of:
  com.masterclass.nivel5_excepciones_checked.Ejercicio37_ExcepcionCheckedCustom.CuentaBancariaException
but was:
  java.lang.UnsupportedOperationException: ¡Implementa tu solución aquí!
	at com.masterclass.nivel5_excepciones_checked.Ejercicio37_ExcepcionCheckedCustom.retirar(Ejercicio37_ExcepcionCheckedCustom.java:35)
	at com.masterclass.nivel5_excepciones_checked.Ejercicio37_ExcepcionCheckedCustomTest.lambda$fail$0(Ejercicio37_ExcepcionCheckedCustomTest.java:10)
	at org.assertj.core.api.ThrowableAssert.catchThrowable(ThrowableAssert.java:63)
	...(73 remaining lines not displayed - this can be changed with Assertions.setMaxStackTraceElementsDisplayed)
	at com.masterclass.nivel5_excepciones_checked.Ejercicio37_ExcepcionCheckedCustomTest.fail(Ejercicio37_ExcepcionCheckedCustomTest.java:10)
	at java.base/java.lang.reflect.Method.invoke(Method.java:565)
	at java.base/java.util.ArrayList.forEach(ArrayList.java:1604)
	at java.base/java.util.ArrayList.forEach(ArrayList.java:1604)

com.masterclass.nivel5_excepciones_checked.Ejercicio37_ExcepcionCheckedCustomTest.datos -- Time elapsed: 0.002 s <<< FAILURE!
java.lang.AssertionError: 

Expecting actual throwable to be an instance of:
  com.masterclass.nivel5_excepciones_checked.Ejercicio37_ExcepcionCheckedCustom.CuentaBancariaException
but was:
  java.lang.UnsupportedOperationException: ¡Implementa tu solución aquí!
	at com.masterclass.nivel5_excepciones_checked.Ejercicio37_ExcepcionCheckedCustom.retirar(Ejercicio37_ExcepcionCheckedCustom.java:35)
	at com.masterclass.nivel5_excepciones_checked.Ejercicio37_ExcepcionCheckedCustomTest.lambda$datos$0(Ejercicio37_ExcepcionCheckedCustomTest.java:12)
	at org.assertj.core.api.ThrowableAssert.catchThrowable(ThrowableAssert.java:63)
	...(73 remaining lines not displayed - this can be changed with Assertions.setMaxStackTraceElementsDisplayed)
	at com.masterclass.nivel5_excepciones_checked.Ejercicio37_ExcepcionCheckedCustomTest.datos(Ejercicio37_ExcepcionCheckedCustomTest.java:13)
	at java.base/java.lang.reflect.Method.invoke(Method.java:565)
	at java.base/java.util.ArrayList.forEach(ArrayList.java:1604)
	at java.base/java.util.ArrayList.forEach(ArrayList.java:1604)

