-------------------------------------------------------------------------------
Test set: com.masterclass.nivel9_proyecto_integrador.Ejercicio65_SistemaNotificacionesTest
-------------------------------------------------------------------------------
Tests run: 4, Failures: 0, Errors: 4, Skipped: 0, Time elapsed: 0.007 s <<< FAILURE! -- in com.masterclass.nivel9_proyecto_integrador.Ejercicio65_SistemaNotificacionesTest
com.masterclass.nivel9_proyecto_integrador.Ejercicio65_SistemaNotificacionesTest.smsFail -- Time elapsed: 0.002 s <<< ERROR!
java.lang.UnsupportedOperationException: ¡Implementa tu solución aquí!
	at com.masterclass.nivel9_proyecto_integrador.Ejercicio65_SistemaNotificaciones.crearCanalSMS(Ejercicio65_SistemaNotificaciones.java:39)
	at com.masterclass.nivel9_proyecto_integrador.Ejercicio65_SistemaNotificacionesTest.smsFail(Ejercicio65_SistemaNotificacionesTest.java:25)
	at java.base/java.lang.reflect.Method.invoke(Method.java:565)
	at java.base/java.util.ArrayList.forEach(ArrayList.java:1604)
	at java.base/java.util.ArrayList.forEach(ArrayList.java:1604)

com.masterclass.nivel9_proyecto_integrador.Ejercicio65_SistemaNotificacionesTest.email -- Time elapsed: 0.001 s <<< ERROR!
java.lang.UnsupportedOperationException: ¡Implementa tu solución aquí!
	at com.masterclass.nivel9_proyecto_integrador.Ejercicio65_SistemaNotificaciones.crearCanalEmail(Ejercicio65_SistemaNotificaciones.java:30)
	at com.masterclass.nivel9_proyecto_integrador.Ejercicio65_SistemaNotificacionesTest.email(Ejercicio65_SistemaNotificacionesTest.java:13)
	at java.base/java.lang.reflect.Method.invoke(Method.java:565)
	at java.base/java.util.ArrayList.forEach(ArrayList.java:1604)
	at java.base/java.util.ArrayList.forEach(ArrayList.java:1604)

com.masterclass.nivel9_proyecto_integrador.Ejercicio65_SistemaNotificacionesTest.smsOk -- Time elapsed: 0.002 s <<< ERROR!
java.lang.UnsupportedOperationException: ¡Implementa tu solución aquí!
	at com.masterclass.nivel9_proyecto_integrador.Ejercicio65_SistemaNotificaciones.crearCanalSMS(Ejercicio65_SistemaNotificaciones.java:39)
	at com.masterclass.nivel9_proyecto_integrador.Ejercicio65_SistemaNotificacionesTest.smsOk(Ejercicio65_SistemaNotificacionesTest.java:19)
	at java.base/java.lang.reflect.Method.invoke(Method.java:565)
	at java.base/java.util.ArrayList.forEach(ArrayList.java:1604)
	at java.base/java.util.ArrayList.forEach(ArrayList.java:1604)

com.masterclass.nivel9_proyecto_integrador.Ejercicio65_SistemaNotificacionesTest.todos -- Time elapsed: 0.001 s <<< ERROR!
java.lang.UnsupportedOperationException: ¡Implementa tu solución aquí!
	at com.masterclass.nivel9_proyecto_integrador.Ejercicio65_SistemaNotificaciones.crearCanalEmail(Ejercicio65_SistemaNotificaciones.java:30)
	at com.masterclass.nivel9_proyecto_integrador.Ejercicio65_SistemaNotificacionesTest.todos(Ejercicio65_SistemaNotificacionesTest.java:32)
	at java.base/java.lang.reflect.Method.invoke(Method.java:565)
	at java.base/java.util.ArrayList.forEach(ArrayList.java:1604)
	at java.base/java.util.ArrayList.forEach(ArrayList.java:1604)

